DEBUG - 2025-02-07 08:36:07 --> Session: Class initialized using 'CodeIgniter\Session\Handlers\FileHandler' driver.
DEBUG - 2025-02-07 08:36:13 --> Session: Class initialized using 'CodeIgniter\Session\Handlers\FileHandler' driver.
DEBUG - 2025-02-07 08:36:14 --> Session: Class initialized using 'CodeIgniter\Session\Handlers\FileHandler' driver.
DEBUG - 2025-02-07 08:41:36 --> Session: Class initialized using 'CodeIgniter\Session\Handlers\FileHandler' driver.
DEBUG - 2025-02-07 12:52:49 --> Session: Class initialized using 'CodeIgniter\Session\Handlers\FileHandler' driver.
DEBUG - 2025-02-07 12:52:49 --> Session: Class initialized using 'CodeIgniter\Session\Handlers\FileHandler' driver.
DEBUG - 2025-02-07 12:52:49 --> Session: Class initialized using 'CodeIgniter\Session\Handlers\FileHandler' driver.
DEBUG - 2025-02-07 12:52:51 --> Session: Class initialized using 'CodeIgniter\Session\Handlers\FileHandler' driver.
DEBUG - 2025-02-07 12:52:54 --> Session: Class initialized using 'CodeIgniter\Session\Handlers\FileHandler' driver.
DEBUG - 2025-02-07 12:52:54 --> Session: Class initialized using 'CodeIgniter\Session\Handlers\FileHandler' driver.
DEBUG - 2025-02-07 12:52:56 --> Session: Class initialized using 'CodeIgniter\Session\Handlers\FileHandler' driver.
DEBUG - 2025-02-07 12:53:26 --> Session: Class initialized using 'CodeIgniter\Session\Handlers\FileHandler' driver.
DEBUG - 2025-02-07 13:01:51 --> Session: Class initialized using 'CodeIgniter\Session\Handlers\FileHandler' driver.
DEBUG - 2025-02-07 13:02:13 --> Session: Class initialized using 'CodeIgniter\Session\Handlers\FileHandler' driver.
DEBUG - 2025-02-07 13:06:53 --> Session: Class initialized using 'CodeIgniter\Session\Handlers\FileHandler' driver.
DEBUG - 2025-02-07 13:06:53 --> Session: Class initialized using 'CodeIgniter\Session\Handlers\FileHandler' driver.
DEBUG - 2025-02-07 13:08:14 --> Session: Class initialized using 'CodeIgniter\Session\Handlers\FileHandler' driver.
DEBUG - 2025-02-07 13:08:14 --> Session: Class initialized using 'CodeIgniter\Session\Handlers\FileHandler' driver.
DEBUG - 2025-02-07 14:31:53 --> Session: Class initialized using 'CodeIgniter\Session\Handlers\FileHandler' driver.
DEBUG - 2025-02-07 14:38:00 --> Session: Class initialized using 'CodeIgniter\Session\Handlers\FileHandler' driver.
DEBUG - 2025-02-07 14:39:29 --> Session: Class initialized using 'CodeIgniter\Session\Handlers\FileHandler' driver.
DEBUG - 2025-02-07 14:46:01 --> Session: Class initialized using 'CodeIgniter\Session\Handlers\FileHandler' driver.
DEBUG - 2025-02-07 14:49:05 --> Session: Class initialized using 'CodeIgniter\Session\Handlers\FileHandler' driver.
DEBUG - 2025-02-07 14:49:07 --> Session: Class initialized using 'CodeIgniter\Session\Handlers\FileHandler' driver.
DEBUG - 2025-02-07 14:49:10 --> Session: Class initialized using 'CodeIgniter\Session\Handlers\FileHandler' driver.
DEBUG - 2025-02-07 14:49:12 --> Session: Class initialized using 'CodeIgniter\Session\Handlers\FileHandler' driver.
DEBUG - 2025-02-07 14:49:14 --> Session: Class initialized using 'CodeIgniter\Session\Handlers\FileHandler' driver.
DEBUG - 2025-02-07 14:49:28 --> Session: Class initialized using 'CodeIgniter\Session\Handlers\FileHandler' driver.
DEBUG - 2025-02-07 14:49:43 --> Session: Class initialized using 'CodeIgniter\Session\Handlers\FileHandler' driver.
DEBUG - 2025-02-07 14:55:17 --> Session: Class initialized using 'CodeIgniter\Session\Handlers\FileHandler' driver.
DEBUG - 2025-02-07 14:56:56 --> Session: Class initialized using 'CodeIgniter\Session\Handlers\FileHandler' driver.
DEBUG - 2025-02-07 14:56:59 --> Session: Class initialized using 'CodeIgniter\Session\Handlers\FileHandler' driver.
DEBUG - 2025-02-07 14:57:01 --> Session: Class initialized using 'CodeIgniter\Session\Handlers\FileHandler' driver.
DEBUG - 2025-02-07 14:57:02 --> Session: Class initialized using 'CodeIgniter\Session\Handlers\FileHandler' driver.
DEBUG - 2025-02-07 14:58:10 --> Session: Class initialized using 'CodeIgniter\Session\Handlers\FileHandler' driver.
DEBUG - 2025-02-07 14:58:12 --> Session: Class initialized using 'CodeIgniter\Session\Handlers\FileHandler' driver.
DEBUG - 2025-02-07 15:01:08 --> Session: Class initialized using 'CodeIgniter\Session\Handlers\FileHandler' driver.
DEBUG - 2025-02-07 15:01:10 --> Session: Class initialized using 'CodeIgniter\Session\Handlers\FileHandler' driver.
DEBUG - 2025-02-07 15:05:24 --> Session: Class initialized using 'CodeIgniter\Session\Handlers\FileHandler' driver.
DEBUG - 2025-02-07 15:05:27 --> Session: Class initialized using 'CodeIgniter\Session\Handlers\FileHandler' driver.
DEBUG - 2025-02-07 15:05:29 --> Session: Class initialized using 'CodeIgniter\Session\Handlers\FileHandler' driver.
DEBUG - 2025-02-07 15:05:32 --> Session: Class initialized using 'CodeIgniter\Session\Handlers\FileHandler' driver.
DEBUG - 2025-02-07 15:05:34 --> Session: Class initialized using 'CodeIgniter\Session\Handlers\FileHandler' driver.
DEBUG - 2025-02-07 15:05:56 --> Session: Class initialized using 'CodeIgniter\Session\Handlers\FileHandler' driver.
DEBUG - 2025-02-07 15:05:59 --> Session: Class initialized using 'CodeIgniter\Session\Handlers\FileHandler' driver.
DEBUG - 2025-02-07 15:11:17 --> Session: Class initialized using 'CodeIgniter\Session\Handlers\FileHandler' driver.
DEBUG - 2025-02-07 15:11:22 --> Session: Class initialized using 'CodeIgniter\Session\Handlers\FileHandler' driver.
DEBUG - 2025-02-07 15:15:57 --> Session: Class initialized using 'CodeIgniter\Session\Handlers\FileHandler' driver.
DEBUG - 2025-02-07 15:15:59 --> Session: Class initialized using 'CodeIgniter\Session\Handlers\FileHandler' driver.
DEBUG - 2025-02-07 15:16:02 --> Session: Class initialized using 'CodeIgniter\Session\Handlers\FileHandler' driver.
DEBUG - 2025-02-07 15:16:20 --> Session: Class initialized using 'CodeIgniter\Session\Handlers\FileHandler' driver.
DEBUG - 2025-02-07 15:16:29 --> Session: Class initialized using 'CodeIgniter\Session\Handlers\FileHandler' driver.
DEBUG - 2025-02-07 15:16:32 --> Session: Class initialized using 'CodeIgniter\Session\Handlers\FileHandler' driver.
DEBUG - 2025-02-07 15:18:05 --> Session: Class initialized using 'CodeIgniter\Session\Handlers\FileHandler' driver.
DEBUG - 2025-02-07 15:18:15 --> Session: Class initialized using 'CodeIgniter\Session\Handlers\FileHandler' driver.
DEBUG - 2025-02-07 15:18:31 --> Session: Class initialized using 'CodeIgniter\Session\Handlers\FileHandler' driver.
DEBUG - 2025-02-07 15:18:34 --> Session: Class initialized using 'CodeIgniter\Session\Handlers\FileHandler' driver.
DEBUG - 2025-02-07 15:18:37 --> Session: Class initialized using 'CodeIgniter\Session\Handlers\FileHandler' driver.
DEBUG - 2025-02-07 15:18:39 --> Session: Class initialized using 'CodeIgniter\Session\Handlers\FileHandler' driver.
DEBUG - 2025-02-07 15:19:49 --> Session: Class initialized using 'CodeIgniter\Session\Handlers\FileHandler' driver.
DEBUG - 2025-02-07 15:19:54 --> Session: Class initialized using 'CodeIgniter\Session\Handlers\FileHandler' driver.
DEBUG - 2025-02-07 15:19:54 --> Validation Rules: "required|min_length[3]|max_length[50]"
DEBUG - 2025-02-07 15:19:59 --> Session: Class initialized using 'CodeIgniter\Session\Handlers\FileHandler' driver.
DEBUG - 2025-02-07 15:22:22 --> Session: Class initialized using 'CodeIgniter\Session\Handlers\FileHandler' driver.
DEBUG - 2025-02-07 15:32:09 --> Session: Class initialized using 'CodeIgniter\Session\Handlers\FileHandler' driver.
DEBUG - 2025-02-07 15:32:12 --> Session: Class initialized using 'CodeIgniter\Session\Handlers\FileHandler' driver.
DEBUG - 2025-02-07 15:32:17 --> Session: Class initialized using 'CodeIgniter\Session\Handlers\FileHandler' driver.
DEBUG - 2025-02-07 15:32:25 --> Session: Class initialized using 'CodeIgniter\Session\Handlers\FileHandler' driver.
DEBUG - 2025-02-07 15:32:25 --> Validation Rules: "required|in_list[0,1]"
DEBUG - 2025-02-07 15:32:27 --> Session: Class initialized using 'CodeIgniter\Session\Handlers\FileHandler' driver.
DEBUG - 2025-02-07 15:34:17 --> Session: Class initialized using 'CodeIgniter\Session\Handlers\FileHandler' driver.
DEBUG - 2025-02-07 15:34:20 --> Session: Class initialized using 'CodeIgniter\Session\Handlers\FileHandler' driver.
DEBUG - 2025-02-07 15:34:22 --> Session: Class initialized using 'CodeIgniter\Session\Handlers\FileHandler' driver.
DEBUG - 2025-02-07 15:35:11 --> Session: Class initialized using 'CodeIgniter\Session\Handlers\FileHandler' driver.
DEBUG - 2025-02-07 15:35:16 --> Session: Class initialized using 'CodeIgniter\Session\Handlers\FileHandler' driver.
DEBUG - 2025-02-07 15:35:22 --> Session: Class initialized using 'CodeIgniter\Session\Handlers\FileHandler' driver.
DEBUG - 2025-02-07 15:35:25 --> Session: Class initialized using 'CodeIgniter\Session\Handlers\FileHandler' driver.
DEBUG - 2025-02-07 15:35:25 --> Validation Rules: "required|min_length[3]|max_length[50]"
DEBUG - 2025-02-07 15:35:27 --> Session: Class initialized using 'CodeIgniter\Session\Handlers\FileHandler' driver.
DEBUG - 2025-02-07 15:36:11 --> Session: Class initialized using 'CodeIgniter\Session\Handlers\FileHandler' driver.
DEBUG - 2025-02-07 15:36:13 --> Session: Class initialized using 'CodeIgniter\Session\Handlers\FileHandler' driver.
DEBUG - 2025-02-07 15:44:25 --> Session: Class initialized using 'CodeIgniter\Session\Handlers\FileHandler' driver.
DEBUG - 2025-02-07 15:44:27 --> Session: Class initialized using 'CodeIgniter\Session\Handlers\FileHandler' driver.
DEBUG - 2025-02-07 15:44:27 --> Validation Rules: "required|min_length[3]|max_length[50]"
DEBUG - 2025-02-07 15:44:29 --> Session: Class initialized using 'CodeIgniter\Session\Handlers\FileHandler' driver.
DEBUG - 2025-02-07 15:44:29 --> Validation Rules: "required|min_length[3]|max_length[50]"
DEBUG - 2025-02-07 15:44:31 --> Session: Class initialized using 'CodeIgniter\Session\Handlers\FileHandler' driver.
DEBUG - 2025-02-07 15:44:33 --> Session: Class initialized using 'CodeIgniter\Session\Handlers\FileHandler' driver.
DEBUG - 2025-02-07 15:45:18 --> Session: Class initialized using 'CodeIgniter\Session\Handlers\FileHandler' driver.
DEBUG - 2025-02-07 15:45:19 --> Session: Class initialized using 'CodeIgniter\Session\Handlers\FileHandler' driver.
DEBUG - 2025-02-07 15:48:57 --> Session: Class initialized using 'CodeIgniter\Session\Handlers\FileHandler' driver.
CRITICAL - 2025-02-07 15:49:00 --> ErrorException: Undefined array key "genreName"
[Method: POST, Route: dashboard/genres/update]
in APPPATH\Models\GenreModel.php on line 59.
 1 APPPATH\Models\GenreModel.php(59): CodeIgniter\Debug\Exceptions->errorHandler(2, 'Undefined array key "genreName"', 'C:\\xampp\\htdocs\\litcal\\app\\Models\\GenreModel.php', 59)
 2 APPPATH\Models\GenreModel.php(37): App\Models\GenreModel->validateGenreRules('genreName', 'Fantasys')
 3 APPPATH\Controllers\GenreController.php(18): App\Models\GenreModel->updateGenre('1', 'genreName', 'Fantasys')
 4 SYSTEMPATH\CodeIgniter.php(933): App\Controllers\GenreController->updateGenre()
 5 SYSTEMPATH\CodeIgniter.php(509): CodeIgniter\CodeIgniter->runController(Object(App\Controllers\GenreController))
 6 SYSTEMPATH\CodeIgniter.php(355): CodeIgniter\CodeIgniter->handleRequest(null, Object(Config\Cache), false)
 7 SYSTEMPATH\Boot.php(334): CodeIgniter\CodeIgniter->run()
 8 SYSTEMPATH\Boot.php(67): CodeIgniter\Boot::runCodeIgniter(Object(CodeIgniter\CodeIgniter))
 9 FCPATH\index.php(56): CodeIgniter\Boot::bootWeb(Object(Config\Paths))
CRITICAL - 2025-02-07 15:49:04 --> ErrorException: Undefined array key "genreName"
[Method: POST, Route: dashboard/genres/update]
in APPPATH\Models\GenreModel.php on line 59.
 1 APPPATH\Models\GenreModel.php(59): CodeIgniter\Debug\Exceptions->errorHandler(2, 'Undefined array key "genreName"', 'C:\\xampp\\htdocs\\litcal\\app\\Models\\GenreModel.php', 59)
 2 APPPATH\Models\GenreModel.php(37): App\Models\GenreModel->validateGenreRules('genreName', 'Fantasys')
 3 APPPATH\Controllers\GenreController.php(18): App\Models\GenreModel->updateGenre('1', 'genreName', 'Fantasys')
 4 SYSTEMPATH\CodeIgniter.php(933): App\Controllers\GenreController->updateGenre()
 5 SYSTEMPATH\CodeIgniter.php(509): CodeIgniter\CodeIgniter->runController(Object(App\Controllers\GenreController))
 6 SYSTEMPATH\CodeIgniter.php(355): CodeIgniter\CodeIgniter->handleRequest(null, Object(Config\Cache), false)
 7 SYSTEMPATH\Boot.php(334): CodeIgniter\CodeIgniter->run()
 8 SYSTEMPATH\Boot.php(67): CodeIgniter\Boot::runCodeIgniter(Object(CodeIgniter\CodeIgniter))
 9 FCPATH\index.php(56): CodeIgniter\Boot::bootWeb(Object(Config\Paths))
CRITICAL - 2025-02-07 15:49:26 --> ErrorException: Undefined array key "genreName"
[Method: POST, Route: dashboard/genres/update]
in APPPATH\Models\GenreModel.php on line 59.
 1 APPPATH\Models\GenreModel.php(59): CodeIgniter\Debug\Exceptions->errorHandler(2, 'Undefined array key "genreName"', 'C:\\xampp\\htdocs\\litcal\\app\\Models\\GenreModel.php', 59)
 2 APPPATH\Models\GenreModel.php(37): App\Models\GenreModel->validateGenreRules('genreName', 'Romances')
 3 APPPATH\Controllers\GenreController.php(18): App\Models\GenreModel->updateGenre('4', 'genreName', 'Romances')
 4 SYSTEMPATH\CodeIgniter.php(933): App\Controllers\GenreController->updateGenre()
 5 SYSTEMPATH\CodeIgniter.php(509): CodeIgniter\CodeIgniter->runController(Object(App\Controllers\GenreController))
 6 SYSTEMPATH\CodeIgniter.php(355): CodeIgniter\CodeIgniter->handleRequest(null, Object(Config\Cache), false)
 7 SYSTEMPATH\Boot.php(334): CodeIgniter\CodeIgniter->run()
 8 SYSTEMPATH\Boot.php(67): CodeIgniter\Boot::runCodeIgniter(Object(CodeIgniter\CodeIgniter))
 9 FCPATH\index.php(56): CodeIgniter\Boot::bootWeb(Object(Config\Paths))
CRITICAL - 2025-02-07 15:49:51 --> ErrorException: Undefined array key "genreName"
[Method: POST, Route: dashboard/genres/update]
in APPPATH\Models\GenreModel.php on line 59.
 1 APPPATH\Models\GenreModel.php(59): CodeIgniter\Debug\Exceptions->errorHandler(2, 'Undefined array key "genreName"', 'C:\\xampp\\htdocs\\litcal\\app\\Models\\GenreModel.php', 59)
 2 APPPATH\Models\GenreModel.php(37): App\Models\GenreModel->validateGenreRules('genreName', 'Fantasys')
 3 APPPATH\Controllers\GenreController.php(18): App\Models\GenreModel->updateGenre('1', 'genreName', 'Fantasys')
 4 SYSTEMPATH\CodeIgniter.php(933): App\Controllers\GenreController->updateGenre()
 5 SYSTEMPATH\CodeIgniter.php(509): CodeIgniter\CodeIgniter->runController(Object(App\Controllers\GenreController))
 6 SYSTEMPATH\CodeIgniter.php(355): CodeIgniter\CodeIgniter->handleRequest(null, Object(Config\Cache), false)
 7 SYSTEMPATH\Boot.php(334): CodeIgniter\CodeIgniter->run()
 8 SYSTEMPATH\Boot.php(67): CodeIgniter\Boot::runCodeIgniter(Object(CodeIgniter\CodeIgniter))
 9 FCPATH\index.php(56): CodeIgniter\Boot::bootWeb(Object(Config\Paths))
DEBUG - 2025-02-07 15:50:58 --> Session: Class initialized using 'CodeIgniter\Session\Handlers\FileHandler' driver.
CRITICAL - 2025-02-07 15:51:02 --> ErrorException: Undefined array key "genreName"
[Method: POST, Route: dashboard/genres/update]
in APPPATH\Models\GenreModel.php on line 59.
 1 APPPATH\Models\GenreModel.php(59): CodeIgniter\Debug\Exceptions->errorHandler(2, 'Undefined array key "genreName"', 'C:\\xampp\\htdocs\\litcal\\app\\Models\\GenreModel.php', 59)
 2 APPPATH\Models\GenreModel.php(37): App\Models\GenreModel->validateGenreRules('genreName', 'Truc')
 3 APPPATH\Controllers\GenreController.php(18): App\Models\GenreModel->updateGenre('1', 'genreName', 'Truc')
 4 SYSTEMPATH\CodeIgniter.php(933): App\Controllers\GenreController->updateGenre()
 5 SYSTEMPATH\CodeIgniter.php(509): CodeIgniter\CodeIgniter->runController(Object(App\Controllers\GenreController))
 6 SYSTEMPATH\CodeIgniter.php(355): CodeIgniter\CodeIgniter->handleRequest(null, Object(Config\Cache), false)
 7 SYSTEMPATH\Boot.php(334): CodeIgniter\CodeIgniter->run()
 8 SYSTEMPATH\Boot.php(67): CodeIgniter\Boot::runCodeIgniter(Object(CodeIgniter\CodeIgniter))
 9 FCPATH\index.php(56): CodeIgniter\Boot::bootWeb(Object(Config\Paths))
DEBUG - 2025-02-07 15:56:07 --> Session: Class initialized using 'CodeIgniter\Session\Handlers\FileHandler' driver.
WARNING - 2025-02-07 15:56:11 --> [DEPRECATED] str_replace(): Passing null to parameter #2 ($replace) of type array|string is deprecated in APPPATH\Models\GenreModel.php on line 60.
 1 APPPATH\Models\GenreModel.php(60): str_replace('{genreId}', null, 'required|min_length[3]|max_length[50]|is_unique[genre.genreName,genre.id,{genreId}]')
 2 APPPATH\Models\GenreModel.php(37): App\Models\GenreModel->validateGenreRules('genreName', 'Fantasys')
 3 APPPATH\Controllers\GenreController.php(28): App\Models\GenreModel->updateGenre('1', 'genreName', 'Fantasys')
 4 SYSTEMPATH\CodeIgniter.php(933): App\Controllers\GenreController->updateGenre()
 5 SYSTEMPATH\CodeIgniter.php(509): CodeIgniter\CodeIgniter->runController(Object(App\Controllers\GenreController))
 6 SYSTEMPATH\CodeIgniter.php(355): CodeIgniter\CodeIgniter->handleRequest(null, Object(Config\Cache), false)
 7 SYSTEMPATH\Boot.php(334): CodeIgniter\CodeIgniter->run()
 8 SYSTEMPATH\Boot.php(67): CodeIgniter\Boot::runCodeIgniter(Object(CodeIgniter\CodeIgniter))
 9 FCPATH\index.php(56): CodeIgniter\Boot::bootWeb(Object(Config\Paths))
WARNING - 2025-02-07 15:56:12 --> [DEPRECATED] str_replace(): Passing null to parameter #2 ($replace) of type array|string is deprecated in APPPATH\Models\GenreModel.php on line 60.
 1 APPPATH\Models\GenreModel.php(60): str_replace('{genreId}', null, 'required|min_length[3]|max_length[50]|is_unique[genre.genreName,genre.id,{genreId}]')
 2 APPPATH\Models\GenreModel.php(37): App\Models\GenreModel->validateGenreRules('genreName', 'Fantasy')
 3 APPPATH\Controllers\GenreController.php(28): App\Models\GenreModel->updateGenre('1', 'genreName', 'Fantasy')
 4 SYSTEMPATH\CodeIgniter.php(933): App\Controllers\GenreController->updateGenre()
 5 SYSTEMPATH\CodeIgniter.php(509): CodeIgniter\CodeIgniter->runController(Object(App\Controllers\GenreController))
 6 SYSTEMPATH\CodeIgniter.php(355): CodeIgniter\CodeIgniter->handleRequest(null, Object(Config\Cache), false)
 7 SYSTEMPATH\Boot.php(334): CodeIgniter\CodeIgniter->run()
 8 SYSTEMPATH\Boot.php(67): CodeIgniter\Boot::runCodeIgniter(Object(CodeIgniter\CodeIgniter))
 9 FCPATH\index.php(56): CodeIgniter\Boot::bootWeb(Object(Config\Paths))
DEBUG - 2025-02-07 16:02:53 --> Session: Class initialized using 'CodeIgniter\Session\Handlers\FileHandler' driver.
DEBUG - 2025-02-07 17:21:08 --> Session: Class initialized using 'CodeIgniter\Session\Handlers\FileHandler' driver.
DEBUG - 2025-02-07 17:24:44 --> Session: Class initialized using 'CodeIgniter\Session\Handlers\FileHandler' driver.
DEBUG - 2025-02-07 17:25:53 --> Session: Class initialized using 'CodeIgniter\Session\Handlers\FileHandler' driver.
DEBUG - 2025-02-07 17:25:53 --> Session: Class initialized using 'CodeIgniter\Session\Handlers\FileHandler' driver.
DEBUG - 2025-02-07 17:28:06 --> Session: Class initialized using 'CodeIgniter\Session\Handlers\FileHandler' driver.
CRITICAL - 2025-02-07 17:28:06 --> BadMethodCallException: Call to undefined method App\Models\SubGenreModel::getSubgenresWithGenres
[Method: GET, Route: dashboard]
in SYSTEMPATH\Model.php on line 930.
 1 APPPATH\Controllers\DashboardController.php(40): CodeIgniter\Model->__call('getSubgenresWithGenres', [])
 2 SYSTEMPATH\CodeIgniter.php(933): App\Controllers\DashboardController->index()
 3 SYSTEMPATH\CodeIgniter.php(509): CodeIgniter\CodeIgniter->runController(Object(App\Controllers\DashboardController))
 4 SYSTEMPATH\CodeIgniter.php(355): CodeIgniter\CodeIgniter->handleRequest(null, Object(Config\Cache), false)
 5 SYSTEMPATH\Boot.php(334): CodeIgniter\CodeIgniter->run()
 6 SYSTEMPATH\Boot.php(67): CodeIgniter\Boot::runCodeIgniter(Object(CodeIgniter\CodeIgniter))
 7 FCPATH\index.php(56): CodeIgniter\Boot::bootWeb(Object(Config\Paths))
DEBUG - 2025-02-07 17:28:16 --> Session: Class initialized using 'CodeIgniter\Session\Handlers\FileHandler' driver.
CRITICAL - 2025-02-07 17:28:16 --> BadMethodCallException: Call to undefined method App\Models\SubGenreModel::getSubgenresWithGenres
[Method: GET, Route: dashboard]
in SYSTEMPATH\Model.php on line 930.
 1 APPPATH\Controllers\DashboardController.php(40): CodeIgniter\Model->__call('getSubgenresWithGenres', [])
 2 SYSTEMPATH\CodeIgniter.php(933): App\Controllers\DashboardController->index()
 3 SYSTEMPATH\CodeIgniter.php(509): CodeIgniter\CodeIgniter->runController(Object(App\Controllers\DashboardController))
 4 SYSTEMPATH\CodeIgniter.php(355): CodeIgniter\CodeIgniter->handleRequest(null, Object(Config\Cache), false)
 5 SYSTEMPATH\Boot.php(334): CodeIgniter\CodeIgniter->run()
 6 SYSTEMPATH\Boot.php(67): CodeIgniter\Boot::runCodeIgniter(Object(CodeIgniter\CodeIgniter))
 7 FCPATH\index.php(56): CodeIgniter\Boot::bootWeb(Object(Config\Paths))
DEBUG - 2025-02-07 17:28:23 --> Session: Class initialized using 'CodeIgniter\Session\Handlers\FileHandler' driver.
DEBUG - 2025-02-07 17:28:25 --> Session: Class initialized using 'CodeIgniter\Session\Handlers\FileHandler' driver.
CRITICAL - 2025-02-07 17:28:25 --> BadMethodCallException: Call to undefined method App\Models\SubGenreModel::getSubgenresWithGenres
[Method: GET, Route: dashboard]
in SYSTEMPATH\Model.php on line 930.
 1 APPPATH\Controllers\DashboardController.php(40): CodeIgniter\Model->__call('getSubgenresWithGenres', [])
 2 SYSTEMPATH\CodeIgniter.php(933): App\Controllers\DashboardController->index()
 3 SYSTEMPATH\CodeIgniter.php(509): CodeIgniter\CodeIgniter->runController(Object(App\Controllers\DashboardController))
 4 SYSTEMPATH\CodeIgniter.php(355): CodeIgniter\CodeIgniter->handleRequest(null, Object(Config\Cache), false)
 5 SYSTEMPATH\Boot.php(334): CodeIgniter\CodeIgniter->run()
 6 SYSTEMPATH\Boot.php(67): CodeIgniter\Boot::runCodeIgniter(Object(CodeIgniter\CodeIgniter))
 7 FCPATH\index.php(56): CodeIgniter\Boot::bootWeb(Object(Config\Paths))
DEBUG - 2025-02-07 17:29:23 --> Session: Class initialized using 'CodeIgniter\Session\Handlers\FileHandler' driver.
CRITICAL - 2025-02-07 17:29:23 --> BadMethodCallException: Call to undefined method App\Models\SubGenreModel::getSubgenresWithGenres
[Method: GET, Route: dashboard]
in SYSTEMPATH\Model.php on line 930.
 1 APPPATH\Controllers\DashboardController.php(40): CodeIgniter\Model->__call('getSubgenresWithGenres', [])
 2 SYSTEMPATH\CodeIgniter.php(933): App\Controllers\DashboardController->index()
 3 SYSTEMPATH\CodeIgniter.php(509): CodeIgniter\CodeIgniter->runController(Object(App\Controllers\DashboardController))
 4 SYSTEMPATH\CodeIgniter.php(355): CodeIgniter\CodeIgniter->handleRequest(null, Object(Config\Cache), false)
 5 SYSTEMPATH\Boot.php(334): CodeIgniter\CodeIgniter->run()
 6 SYSTEMPATH\Boot.php(67): CodeIgniter\Boot::runCodeIgniter(Object(CodeIgniter\CodeIgniter))
 7 FCPATH\index.php(56): CodeIgniter\Boot::bootWeb(Object(Config\Paths))
DEBUG - 2025-02-07 17:29:25 --> Session: Class initialized using 'CodeIgniter\Session\Handlers\FileHandler' driver.
CRITICAL - 2025-02-07 17:29:25 --> BadMethodCallException: Call to undefined method App\Models\SubGenreModel::getSubgenresWithGenres
[Method: GET, Route: dashboard]
in SYSTEMPATH\Model.php on line 930.
 1 APPPATH\Controllers\DashboardController.php(40): CodeIgniter\Model->__call('getSubgenresWithGenres', [])
 2 SYSTEMPATH\CodeIgniter.php(933): App\Controllers\DashboardController->index()
 3 SYSTEMPATH\CodeIgniter.php(509): CodeIgniter\CodeIgniter->runController(Object(App\Controllers\DashboardController))
 4 SYSTEMPATH\CodeIgniter.php(355): CodeIgniter\CodeIgniter->handleRequest(null, Object(Config\Cache), false)
 5 SYSTEMPATH\Boot.php(334): CodeIgniter\CodeIgniter->run()
 6 SYSTEMPATH\Boot.php(67): CodeIgniter\Boot::runCodeIgniter(Object(CodeIgniter\CodeIgniter))
 7 FCPATH\index.php(56): CodeIgniter\Boot::bootWeb(Object(Config\Paths))
DEBUG - 2025-02-07 17:30:48 --> Session: Class initialized using 'CodeIgniter\Session\Handlers\FileHandler' driver.
DEBUG - 2025-02-07 17:30:52 --> Mise à jour du sous-genre (ID: 1) avec les données: {"subgenreName":"High Fantasys"}
DEBUG - 2025-02-07 17:30:54 --> Mise à jour du sous-genre (ID: 1) avec les données: {"subgenreName":"High Fantasy"}
DEBUG - 2025-02-07 17:37:12 --> Session: Class initialized using 'CodeIgniter\Session\Handlers\FileHandler' driver.
DEBUG - 2025-02-07 17:40:41 --> Session: Class initialized using 'CodeIgniter\Session\Handlers\FileHandler' driver.
DEBUG - 2025-02-07 17:40:51 --> Mise à jour du sous-genre (ID: 1) avec les données: {"subgenreName":"High Fantasys"}
DEBUG - 2025-02-07 17:40:53 --> Mise à jour du sous-genre (ID: 1) avec les données: {"subgenreName":"High Fantasy"}
DEBUG - 2025-02-07 17:40:54 --> Mise à jour du sous-genre (ID: 1) avec les données: {"status":"0"}
DEBUG - 2025-02-07 17:40:56 --> Mise à jour du sous-genre (ID: 1) avec les données: {"status":"1"}
CRITICAL - 2025-02-07 17:41:18 --> ArgumentCountError: Too few arguments to function App\Models\SubGenreModel::validateSubGenre(), 1 passed in C:\xampp\htdocs\litcal\app\Models\SubGenreModel.php on line 55 and exactly 2 expected
[Method: POST, Route: dashboard/subgenres/add]
in APPPATH\Models\SubGenreModel.php on line 28.
 1 APPPATH\Models\SubGenreModel.php(55): App\Models\SubGenreModel->validateSubGenre([...])
 2 APPPATH\Controllers\SubGenreController.php(35): App\Models\SubGenreModel->addSubgenre('Hard Science-Fiction')
 3 SYSTEMPATH\CodeIgniter.php(933): App\Controllers\SubGenreController->addSubgenre()
 4 SYSTEMPATH\CodeIgniter.php(509): CodeIgniter\CodeIgniter->runController(Object(App\Controllers\SubGenreController))
 5 SYSTEMPATH\CodeIgniter.php(355): CodeIgniter\CodeIgniter->handleRequest(null, Object(Config\Cache), false)
 6 SYSTEMPATH\Boot.php(334): CodeIgniter\CodeIgniter->run()
 7 SYSTEMPATH\Boot.php(67): CodeIgniter\Boot::runCodeIgniter(Object(CodeIgniter\CodeIgniter))
 8 FCPATH\index.php(56): CodeIgniter\Boot::bootWeb(Object(Config\Paths))
DEBUG - 2025-02-07 17:42:36 --> Session: Class initialized using 'CodeIgniter\Session\Handlers\FileHandler' driver.
DEBUG - 2025-02-07 17:42:40 --> Session: Class initialized using 'CodeIgniter\Session\Handlers\FileHandler' driver.
DEBUG - 2025-02-07 17:42:40 --> Session: Class initialized using 'CodeIgniter\Session\Handlers\FileHandler' driver.
DEBUG - 2025-02-07 17:42:47 --> Session: Class initialized using 'CodeIgniter\Session\Handlers\FileHandler' driver.
DEBUG - 2025-02-07 17:42:47 --> Session: Class initialized using 'CodeIgniter\Session\Handlers\FileHandler' driver.
DEBUG - 2025-02-07 17:50:32 --> Session: Class initialized using 'CodeIgniter\Session\Handlers\FileHandler' driver.
CRITICAL - 2025-02-07 17:50:35 --> ErrorException: Undefined array key "newValue"
[Method: POST, Route: series/update]
in APPPATH\Models\SerieModel.php on line 59.
 1 APPPATH\Models\SerieModel.php(59): CodeIgniter\Debug\Exceptions->errorHandler(2, 'Undefined array key "newValue"', 'C:\\xampp\\htdocs\\litcal\\app\\Models\\SerieModel.php', 59)
 2 APPPATH\Models\SerieModel.php(37): App\Models\SerieModel->validateSerieRules('serieName', 'Le Sorceleurs', '1')
 3 APPPATH\Controllers\SerieController.php(42): App\Models\SerieModel->updateSerie('1', 'serieName', 'Le Sorceleurs')
 4 SYSTEMPATH\CodeIgniter.php(933): App\Controllers\SerieController->updateSerie()
 5 SYSTEMPATH\CodeIgniter.php(509): CodeIgniter\CodeIgniter->runController(Object(App\Controllers\SerieController))
 6 SYSTEMPATH\CodeIgniter.php(355): CodeIgniter\CodeIgniter->handleRequest(null, Object(Config\Cache), false)
 7 SYSTEMPATH\Boot.php(334): CodeIgniter\CodeIgniter->run()
 8 SYSTEMPATH\Boot.php(67): CodeIgniter\Boot::runCodeIgniter(Object(CodeIgniter\CodeIgniter))
 9 FCPATH\index.php(56): CodeIgniter\Boot::bootWeb(Object(Config\Paths))
CRITICAL - 2025-02-07 17:50:42 --> ErrorException: Undefined array key "newValue"
[Method: POST, Route: series/update]
in APPPATH\Models\SerieModel.php on line 59.
 1 APPPATH\Models\SerieModel.php(59): CodeIgniter\Debug\Exceptions->errorHandler(2, 'Undefined array key "newValue"', 'C:\\xampp\\htdocs\\litcal\\app\\Models\\SerieModel.php', 59)
 2 APPPATH\Models\SerieModel.php(37): App\Models\SerieModel->validateSerieRules('serieName', 'Le Sorceleurs', '1')
 3 APPPATH\Controllers\SerieController.php(42): App\Models\SerieModel->updateSerie('1', 'serieName', 'Le Sorceleurs')
 4 SYSTEMPATH\CodeIgniter.php(933): App\Controllers\SerieController->updateSerie()
 5 SYSTEMPATH\CodeIgniter.php(509): CodeIgniter\CodeIgniter->runController(Object(App\Controllers\SerieController))
 6 SYSTEMPATH\CodeIgniter.php(355): CodeIgniter\CodeIgniter->handleRequest(null, Object(Config\Cache), false)
 7 SYSTEMPATH\Boot.php(334): CodeIgniter\CodeIgniter->run()
 8 SYSTEMPATH\Boot.php(67): CodeIgniter\Boot::runCodeIgniter(Object(CodeIgniter\CodeIgniter))
 9 FCPATH\index.php(56): CodeIgniter\Boot::bootWeb(Object(Config\Paths))
DEBUG - 2025-02-07 17:51:19 --> Session: Class initialized using 'CodeIgniter\Session\Handlers\FileHandler' driver.
DEBUG - 2025-02-07 17:52:51 --> Session: Class initialized using 'CodeIgniter\Session\Handlers\FileHandler' driver.
DEBUG - 2025-02-07 17:54:08 --> Session: Class initialized using 'CodeIgniter\Session\Handlers\FileHandler' driver.
DEBUG - 2025-02-07 17:54:08 --> Session: Class initialized using 'CodeIgniter\Session\Handlers\FileHandler' driver.
DEBUG - 2025-02-07 19:45:09 --> Session: Class initialized using 'CodeIgniter\Session\Handlers\FileHandler' driver.
DEBUG - 2025-02-07 19:49:53 --> Session: Class initialized using 'CodeIgniter\Session\Handlers\FileHandler' driver.
DEBUG - 2025-02-07 19:50:32 --> Session: Class initialized using 'CodeIgniter\Session\Handlers\FileHandler' driver.
CRITICAL - 2025-02-07 19:50:34 --> Error: Class "App\Validation\EditAuthorValidation" not found
[Method: POST, Route: authors/update]
in APPPATH\Models\AuthorModel.php on line 59.
 1 APPPATH\Models\AuthorModel.php(37): App\Models\AuthorModel->validateAuthorRules('authorName', 'Andrzej Sapkowskis', '1')
 2 APPPATH\Controllers\AuthorController.php(42): App\Models\AuthorModel->updateAuthor('1', 'authorName', 'Andrzej Sapkowskis')
 3 SYSTEMPATH\CodeIgniter.php(933): App\Controllers\AuthorController->updateAuthor()
 4 SYSTEMPATH\CodeIgniter.php(509): CodeIgniter\CodeIgniter->runController(Object(App\Controllers\AuthorController))
 5 SYSTEMPATH\CodeIgniter.php(355): CodeIgniter\CodeIgniter->handleRequest(null, Object(Config\Cache), false)
 6 SYSTEMPATH\Boot.php(334): CodeIgniter\CodeIgniter->run()
 7 SYSTEMPATH\Boot.php(67): CodeIgniter\Boot::runCodeIgniter(Object(CodeIgniter\CodeIgniter))
 8 FCPATH\index.php(56): CodeIgniter\Boot::bootWeb(Object(Config\Paths))
DEBUG - 2025-02-07 19:51:30 --> Session: Class initialized using 'CodeIgniter\Session\Handlers\FileHandler' driver.
CRITICAL - 2025-02-07 19:51:33 --> Error: Class "App\Validation\EditAuthorValidation" not found
[Method: POST, Route: authors/update]
in APPPATH\Models\AuthorModel.php on line 59.
 1 APPPATH\Models\AuthorModel.php(37): App\Models\AuthorModel->validateAuthorRules('authorName', 'Andrzej Sapkowskis', '1')
 2 APPPATH\Controllers\AuthorController.php(42): App\Models\AuthorModel->updateAuthor('1', 'authorName', 'Andrzej Sapkowskis')
 3 SYSTEMPATH\CodeIgniter.php(933): App\Controllers\AuthorController->updateAuthor()
 4 SYSTEMPATH\CodeIgniter.php(509): CodeIgniter\CodeIgniter->runController(Object(App\Controllers\AuthorController))
 5 SYSTEMPATH\CodeIgniter.php(355): CodeIgniter\CodeIgniter->handleRequest(null, Object(Config\Cache), false)
 6 SYSTEMPATH\Boot.php(334): CodeIgniter\CodeIgniter->run()
 7 SYSTEMPATH\Boot.php(67): CodeIgniter\Boot::runCodeIgniter(Object(CodeIgniter\CodeIgniter))
 8 FCPATH\index.php(56): CodeIgniter\Boot::bootWeb(Object(Config\Paths))
DEBUG - 2025-02-07 19:53:06 --> Session: Class initialized using 'CodeIgniter\Session\Handlers\FileHandler' driver.
DEBUG - 2025-02-07 19:54:23 --> Session: Class initialized using 'CodeIgniter\Session\Handlers\FileHandler' driver.
DEBUG - 2025-02-07 19:54:26 --> Session: Class initialized using 'CodeIgniter\Session\Handlers\FileHandler' driver.
DEBUG - 2025-02-07 19:54:26 --> Session: Class initialized using 'CodeIgniter\Session\Handlers\FileHandler' driver.
DEBUG - 2025-02-07 21:03:45 --> Session: Class initialized using 'CodeIgniter\Session\Handlers\FileHandler' driver.
DEBUG - 2025-02-07 21:03:50 --> Session: Class initialized using 'CodeIgniter\Session\Handlers\FileHandler' driver.
DEBUG - 2025-02-07 21:09:10 --> Session: Class initialized using 'CodeIgniter\Session\Handlers\FileHandler' driver.
ERROR - 2025-02-07 21:09:10 --> mysqli_sql_exception: Unknown column 'publisher.name' in 'field list' in C:\xampp\htdocs\litcal\system\Database\MySQLi\Connection.php:312
Stack trace:
#0 C:\xampp\htdocs\litcal\system\Database\MySQLi\Connection.php(312): mysqli->query('SELECT `book`.*...', 0)
#1 C:\xampp\htdocs\litcal\system\Database\BaseConnection.php(734): CodeIgniter\Database\MySQLi\Connection->execute('SELECT `book`.*...')
#2 C:\xampp\htdocs\litcal\system\Database\BaseConnection.php(648): CodeIgniter\Database\BaseConnection->simpleQuery('SELECT `book`.*...')
#3 C:\xampp\htdocs\litcal\system\Database\BaseBuilder.php(1644): CodeIgniter\Database\BaseConnection->query('SELECT `book`.*...', Array, false)
#4 C:\xampp\htdocs\litcal\system\Model.php(286): CodeIgniter\Database\BaseBuilder->get()
#5 C:\xampp\htdocs\litcal\system\BaseModel.php(675): CodeIgniter\Model->doFindAll(0, 0)
#6 C:\xampp\htdocs\litcal\app\Models\BookModel.php(39): CodeIgniter\BaseModel->findAll()
#7 C:\xampp\htdocs\litcal\app\Controllers\BookController.php(23): App\Models\BookModel->getBooksWithPublisherName()
#8 C:\xampp\htdocs\litcal\system\CodeIgniter.php(933): App\Controllers\BookController->index()
#9 C:\xampp\htdocs\litcal\system\CodeIgniter.php(509): CodeIgniter\CodeIgniter->runController(Object(App\Controllers\BookController))
#10 C:\xampp\htdocs\litcal\system\CodeIgniter.php(355): CodeIgniter\CodeIgniter->handleRequest(NULL, Object(Config\Cache), false)
#11 C:\xampp\htdocs\litcal\system\Boot.php(334): CodeIgniter\CodeIgniter->run()
#12 C:\xampp\htdocs\litcal\system\Boot.php(67): CodeIgniter\Boot::runCodeIgniter(Object(CodeIgniter\CodeIgniter))
#13 C:\xampp\htdocs\litcal\public\index.php(56): CodeIgniter\Boot::bootWeb(Object(Config\Paths))
#14 {main}
CRITICAL - 2025-02-07 21:09:10 --> CodeIgniter\Database\Exceptions\DatabaseException: Unknown column 'publisher.name' in 'field list'
[Method: GET, Route: books]
in SYSTEMPATH\Database\BaseConnection.php on line 688.
 1 SYSTEMPATH\Database\BaseBuilder.php(1644): CodeIgniter\Database\BaseConnection->query('SELECT `book`.*, `publisher`.`name` as `publisherName`
FROM `book`
JOIN `publisher` ON `publisher`.`id` = `book`.`publisher`', [], false)
 2 SYSTEMPATH\Model.php(286): CodeIgniter\Database\BaseBuilder->get()
 3 SYSTEMPATH\BaseModel.php(675): CodeIgniter\Model->doFindAll(0, 0)
 4 APPPATH\Models\BookModel.php(39): CodeIgniter\BaseModel->findAll()
 5 APPPATH\Controllers\BookController.php(23): App\Models\BookModel->getBooksWithPublisherName()
 6 SYSTEMPATH\CodeIgniter.php(933): App\Controllers\BookController->index()
 7 SYSTEMPATH\CodeIgniter.php(509): CodeIgniter\CodeIgniter->runController(Object(App\Controllers\BookController))
 8 SYSTEMPATH\CodeIgniter.php(355): CodeIgniter\CodeIgniter->handleRequest(null, Object(Config\Cache), false)
 9 SYSTEMPATH\Boot.php(334): CodeIgniter\CodeIgniter->run()
10 SYSTEMPATH\Boot.php(67): CodeIgniter\Boot::runCodeIgniter(Object(CodeIgniter\CodeIgniter))
11 FCPATH\index.php(56): CodeIgniter\Boot::bootWeb(Object(Config\Paths))
CRITICAL - 2025-02-07 21:09:10 --> [Caused by] CodeIgniter\Database\Exceptions\DatabaseException: Unknown column 'publisher.name' in 'field list'
in SYSTEMPATH\Database\MySQLi\Connection.php on line 317.
 1 SYSTEMPATH\Database\BaseConnection.php(734): CodeIgniter\Database\MySQLi\Connection->execute('SELECT `book`.*, `publisher`.`name` as `publisherName`
FROM `book`
JOIN `publisher` ON `publisher`.`id` = `book`.`publisher`')
 2 SYSTEMPATH\Database\BaseConnection.php(648): CodeIgniter\Database\BaseConnection->simpleQuery('SELECT `book`.*, `publisher`.`name` as `publisherName`
FROM `book`
JOIN `publisher` ON `publisher`.`id` = `book`.`publisher`')
 3 SYSTEMPATH\Database\BaseBuilder.php(1644): CodeIgniter\Database\BaseConnection->query('SELECT `book`.*, `publisher`.`name` as `publisherName`
FROM `book`
JOIN `publisher` ON `publisher`.`id` = `book`.`publisher`', [], false)
 4 SYSTEMPATH\Model.php(286): CodeIgniter\Database\BaseBuilder->get()
 5 SYSTEMPATH\BaseModel.php(675): CodeIgniter\Model->doFindAll(0, 0)
 6 APPPATH\Models\BookModel.php(39): CodeIgniter\BaseModel->findAll()
 7 APPPATH\Controllers\BookController.php(23): App\Models\BookModel->getBooksWithPublisherName()
 8 SYSTEMPATH\CodeIgniter.php(933): App\Controllers\BookController->index()
 9 SYSTEMPATH\CodeIgniter.php(509): CodeIgniter\CodeIgniter->runController(Object(App\Controllers\BookController))
10 SYSTEMPATH\CodeIgniter.php(355): CodeIgniter\CodeIgniter->handleRequest(null, Object(Config\Cache), false)
11 SYSTEMPATH\Boot.php(334): CodeIgniter\CodeIgniter->run()
12 SYSTEMPATH\Boot.php(67): CodeIgniter\Boot::runCodeIgniter(Object(CodeIgniter\CodeIgniter))
13 FCPATH\index.php(56): CodeIgniter\Boot::bootWeb(Object(Config\Paths))
CRITICAL - 2025-02-07 21:09:10 --> [Caused by] mysqli_sql_exception: Unknown column 'publisher.name' in 'field list'
in SYSTEMPATH\Database\MySQLi\Connection.php on line 312.
 1 SYSTEMPATH\Database\MySQLi\Connection.php(312): mysqli->query('SELECT `book`.*, `publisher`.`name` as `publisherName`
FROM `book`
JOIN `publisher` ON `publisher`.`id` = `book`.`publisher`', 0)
 2 SYSTEMPATH\Database\BaseConnection.php(734): CodeIgniter\Database\MySQLi\Connection->execute('SELECT `book`.*, `publisher`.`name` as `publisherName`
FROM `book`
JOIN `publisher` ON `publisher`.`id` = `book`.`publisher`')
 3 SYSTEMPATH\Database\BaseConnection.php(648): CodeIgniter\Database\BaseConnection->simpleQuery('SELECT `book`.*, `publisher`.`name` as `publisherName`
FROM `book`
JOIN `publisher` ON `publisher`.`id` = `book`.`publisher`')
 4 SYSTEMPATH\Database\BaseBuilder.php(1644): CodeIgniter\Database\BaseConnection->query('SELECT `book`.*, `publisher`.`name` as `publisherName`
FROM `book`
JOIN `publisher` ON `publisher`.`id` = `book`.`publisher`', [], false)
 5 SYSTEMPATH\Model.php(286): CodeIgniter\Database\BaseBuilder->get()
 6 SYSTEMPATH\BaseModel.php(675): CodeIgniter\Model->doFindAll(0, 0)
 7 APPPATH\Models\BookModel.php(39): CodeIgniter\BaseModel->findAll()
 8 APPPATH\Controllers\BookController.php(23): App\Models\BookModel->getBooksWithPublisherName()
 9 SYSTEMPATH\CodeIgniter.php(933): App\Controllers\BookController->index()
10 SYSTEMPATH\CodeIgniter.php(509): CodeIgniter\CodeIgniter->runController(Object(App\Controllers\BookController))
11 SYSTEMPATH\CodeIgniter.php(355): CodeIgniter\CodeIgniter->handleRequest(null, Object(Config\Cache), false)
12 SYSTEMPATH\Boot.php(334): CodeIgniter\CodeIgniter->run()
13 SYSTEMPATH\Boot.php(67): CodeIgniter\Boot::runCodeIgniter(Object(CodeIgniter\CodeIgniter))
14 FCPATH\index.php(56): CodeIgniter\Boot::bootWeb(Object(Config\Paths))
DEBUG - 2025-02-07 21:10:36 --> Session: Class initialized using 'CodeIgniter\Session\Handlers\FileHandler' driver.
DEBUG - 2025-02-07 21:16:48 --> Session: Class initialized using 'CodeIgniter\Session\Handlers\FileHandler' driver.
DEBUG - 2025-02-07 21:17:32 --> Session: Class initialized using 'CodeIgniter\Session\Handlers\FileHandler' driver.
DEBUG - 2025-02-07 21:17:54 --> Session: Class initialized using 'CodeIgniter\Session\Handlers\FileHandler' driver.
DEBUG - 2025-02-07 21:18:17 --> Session: Class initialized using 'CodeIgniter\Session\Handlers\FileHandler' driver.
DEBUG - 2025-02-07 21:19:19 --> Session: Class initialized using 'CodeIgniter\Session\Handlers\FileHandler' driver.
DEBUG - 2025-02-07 21:49:32 --> Session: Class initialized using 'CodeIgniter\Session\Handlers\FileHandler' driver.
CRITICAL - 2025-02-07 21:49:32 --> BadMethodCallException: Call to undefined method App\Models\BookModel::getBooksWithPublisherName
[Method: GET, Route: books]
in SYSTEMPATH\Model.php on line 930.
 1 APPPATH\Controllers\BookController.php(23): CodeIgniter\Model->__call('getBooksWithPublisherName', [])
 2 SYSTEMPATH\CodeIgniter.php(933): App\Controllers\BookController->index()
 3 SYSTEMPATH\CodeIgniter.php(509): CodeIgniter\CodeIgniter->runController(Object(App\Controllers\BookController))
 4 SYSTEMPATH\CodeIgniter.php(355): CodeIgniter\CodeIgniter->handleRequest(null, Object(Config\Cache), false)
 5 SYSTEMPATH\Boot.php(334): CodeIgniter\CodeIgniter->run()
 6 SYSTEMPATH\Boot.php(67): CodeIgniter\Boot::runCodeIgniter(Object(CodeIgniter\CodeIgniter))
 7 FCPATH\index.php(56): CodeIgniter\Boot::bootWeb(Object(Config\Paths))
DEBUG - 2025-02-07 21:50:30 --> Session: Class initialized using 'CodeIgniter\Session\Handlers\FileHandler' driver.
ERROR - 2025-02-07 21:50:30 --> mysqli_sql_exception: Unknown column 'author.name' in 'field list' in C:\xampp\htdocs\litcal\system\Database\MySQLi\Connection.php:312
Stack trace:
#0 C:\xampp\htdocs\litcal\system\Database\MySQLi\Connection.php(312): mysqli->query('SELECT `book`.*...', 0)
#1 C:\xampp\htdocs\litcal\system\Database\BaseConnection.php(734): CodeIgniter\Database\MySQLi\Connection->execute('SELECT `book`.*...')
#2 C:\xampp\htdocs\litcal\system\Database\BaseConnection.php(648): CodeIgniter\Database\BaseConnection->simpleQuery('SELECT `book`.*...')
#3 C:\xampp\htdocs\litcal\system\Database\BaseBuilder.php(1644): CodeIgniter\Database\BaseConnection->query('SELECT `book`.*...', Array, false)
#4 C:\xampp\htdocs\litcal\system\Model.php(286): CodeIgniter\Database\BaseBuilder->get()
#5 C:\xampp\htdocs\litcal\system\BaseModel.php(675): CodeIgniter\Model->doFindAll(0, 0)
#6 C:\xampp\htdocs\litcal\app\Models\BookModel.php(42): CodeIgniter\BaseModel->findAll()
#7 C:\xampp\htdocs\litcal\app\Controllers\BookController.php(23): App\Models\BookModel->getBooksWithPublisherNameAndAuthors()
#8 C:\xampp\htdocs\litcal\system\CodeIgniter.php(933): App\Controllers\BookController->index()
#9 C:\xampp\htdocs\litcal\system\CodeIgniter.php(509): CodeIgniter\CodeIgniter->runController(Object(App\Controllers\BookController))
#10 C:\xampp\htdocs\litcal\system\CodeIgniter.php(355): CodeIgniter\CodeIgniter->handleRequest(NULL, Object(Config\Cache), false)
#11 C:\xampp\htdocs\litcal\system\Boot.php(334): CodeIgniter\CodeIgniter->run()
#12 C:\xampp\htdocs\litcal\system\Boot.php(67): CodeIgniter\Boot::runCodeIgniter(Object(CodeIgniter\CodeIgniter))
#13 C:\xampp\htdocs\litcal\public\index.php(56): CodeIgniter\Boot::bootWeb(Object(Config\Paths))
#14 {main}
CRITICAL - 2025-02-07 21:50:30 --> CodeIgniter\Database\Exceptions\DatabaseException: Unknown column 'author.name' in 'field list'
[Method: GET, Route: books]
in SYSTEMPATH\Database\BaseConnection.php on line 688.
 1 SYSTEMPATH\Database\BaseBuilder.php(1644): CodeIgniter\Database\BaseConnection->query('SELECT `book`.*, `publisher`.`publisherName` as `publisherName`, `author`.`name` as `authorName`, `role`.`name` as `roleName`
FROM `book`
JOIN `publisher` ON `publisher`.`id` = `book`.`publisher`
JOIN `bookauthor` ON `bookauthor`.`book` = `book`.`id`
JOIN `author` ON `author`.`id` = `bookauthor`.`author`
JOIN `role` ON `role`.`id` = `bookauthor`.`role`', [], false)
 2 SYSTEMPATH\Model.php(286): CodeIgniter\Database\BaseBuilder->get()
 3 SYSTEMPATH\BaseModel.php(675): CodeIgniter\Model->doFindAll(0, 0)
 4 APPPATH\Models\BookModel.php(42): CodeIgniter\BaseModel->findAll()
 5 APPPATH\Controllers\BookController.php(23): App\Models\BookModel->getBooksWithPublisherNameAndAuthors()
 6 SYSTEMPATH\CodeIgniter.php(933): App\Controllers\BookController->index()
 7 SYSTEMPATH\CodeIgniter.php(509): CodeIgniter\CodeIgniter->runController(Object(App\Controllers\BookController))
 8 SYSTEMPATH\CodeIgniter.php(355): CodeIgniter\CodeIgniter->handleRequest(null, Object(Config\Cache), false)
 9 SYSTEMPATH\Boot.php(334): CodeIgniter\CodeIgniter->run()
10 SYSTEMPATH\Boot.php(67): CodeIgniter\Boot::runCodeIgniter(Object(CodeIgniter\CodeIgniter))
11 FCPATH\index.php(56): CodeIgniter\Boot::bootWeb(Object(Config\Paths))
CRITICAL - 2025-02-07 21:50:30 --> [Caused by] CodeIgniter\Database\Exceptions\DatabaseException: Unknown column 'author.name' in 'field list'
in SYSTEMPATH\Database\MySQLi\Connection.php on line 317.
 1 SYSTEMPATH\Database\BaseConnection.php(734): CodeIgniter\Database\MySQLi\Connection->execute('SELECT `book`.*, `publisher`.`publisherName` as `publisherName`, `author`.`name` as `authorName`, `role`.`name` as `roleName`
FROM `book`
JOIN `publisher` ON `publisher`.`id` = `book`.`publisher`
JOIN `bookauthor` ON `bookauthor`.`book` = `book`.`id`
JOIN `author` ON `author`.`id` = `bookauthor`.`author`
JOIN `role` ON `role`.`id` = `bookauthor`.`role`')
 2 SYSTEMPATH\Database\BaseConnection.php(648): CodeIgniter\Database\BaseConnection->simpleQuery('SELECT `book`.*, `publisher`.`publisherName` as `publisherName`, `author`.`name` as `authorName`, `role`.`name` as `roleName`
FROM `book`
JOIN `publisher` ON `publisher`.`id` = `book`.`publisher`
JOIN `bookauthor` ON `bookauthor`.`book` = `book`.`id`
JOIN `author` ON `author`.`id` = `bookauthor`.`author`
JOIN `role` ON `role`.`id` = `bookauthor`.`role`')
 3 SYSTEMPATH\Database\BaseBuilder.php(1644): CodeIgniter\Database\BaseConnection->query('SELECT `book`.*, `publisher`.`publisherName` as `publisherName`, `author`.`name` as `authorName`, `role`.`name` as `roleName`
FROM `book`
JOIN `publisher` ON `publisher`.`id` = `book`.`publisher`
JOIN `bookauthor` ON `bookauthor`.`book` = `book`.`id`
JOIN `author` ON `author`.`id` = `bookauthor`.`author`
JOIN `role` ON `role`.`id` = `bookauthor`.`role`', [], false)
 4 SYSTEMPATH\Model.php(286): CodeIgniter\Database\BaseBuilder->get()
 5 SYSTEMPATH\BaseModel.php(675): CodeIgniter\Model->doFindAll(0, 0)
 6 APPPATH\Models\BookModel.php(42): CodeIgniter\BaseModel->findAll()
 7 APPPATH\Controllers\BookController.php(23): App\Models\BookModel->getBooksWithPublisherNameAndAuthors()
 8 SYSTEMPATH\CodeIgniter.php(933): App\Controllers\BookController->index()
 9 SYSTEMPATH\CodeIgniter.php(509): CodeIgniter\CodeIgniter->runController(Object(App\Controllers\BookController))
10 SYSTEMPATH\CodeIgniter.php(355): CodeIgniter\CodeIgniter->handleRequest(null, Object(Config\Cache), false)
11 SYSTEMPATH\Boot.php(334): CodeIgniter\CodeIgniter->run()
12 SYSTEMPATH\Boot.php(67): CodeIgniter\Boot::runCodeIgniter(Object(CodeIgniter\CodeIgniter))
13 FCPATH\index.php(56): CodeIgniter\Boot::bootWeb(Object(Config\Paths))
CRITICAL - 2025-02-07 21:50:30 --> [Caused by] mysqli_sql_exception: Unknown column 'author.name' in 'field list'
in SYSTEMPATH\Database\MySQLi\Connection.php on line 312.
 1 SYSTEMPATH\Database\MySQLi\Connection.php(312): mysqli->query('SELECT `book`.*, `publisher`.`publisherName` as `publisherName`, `author`.`name` as `authorName`, `role`.`name` as `roleName`
FROM `book`
JOIN `publisher` ON `publisher`.`id` = `book`.`publisher`
JOIN `bookauthor` ON `bookauthor`.`book` = `book`.`id`
JOIN `author` ON `author`.`id` = `bookauthor`.`author`
JOIN `role` ON `role`.`id` = `bookauthor`.`role`', 0)
 2 SYSTEMPATH\Database\BaseConnection.php(734): CodeIgniter\Database\MySQLi\Connection->execute('SELECT `book`.*, `publisher`.`publisherName` as `publisherName`, `author`.`name` as `authorName`, `role`.`name` as `roleName`
FROM `book`
JOIN `publisher` ON `publisher`.`id` = `book`.`publisher`
JOIN `bookauthor` ON `bookauthor`.`book` = `book`.`id`
JOIN `author` ON `author`.`id` = `bookauthor`.`author`
JOIN `role` ON `role`.`id` = `bookauthor`.`role`')
 3 SYSTEMPATH\Database\BaseConnection.php(648): CodeIgniter\Database\BaseConnection->simpleQuery('SELECT `book`.*, `publisher`.`publisherName` as `publisherName`, `author`.`name` as `authorName`, `role`.`name` as `roleName`
FROM `book`
JOIN `publisher` ON `publisher`.`id` = `book`.`publisher`
JOIN `bookauthor` ON `bookauthor`.`book` = `book`.`id`
JOIN `author` ON `author`.`id` = `bookauthor`.`author`
JOIN `role` ON `role`.`id` = `bookauthor`.`role`')
 4 SYSTEMPATH\Database\BaseBuilder.php(1644): CodeIgniter\Database\BaseConnection->query('SELECT `book`.*, `publisher`.`publisherName` as `publisherName`, `author`.`name` as `authorName`, `role`.`name` as `roleName`
FROM `book`
JOIN `publisher` ON `publisher`.`id` = `book`.`publisher`
JOIN `bookauthor` ON `bookauthor`.`book` = `book`.`id`
JOIN `author` ON `author`.`id` = `bookauthor`.`author`
JOIN `role` ON `role`.`id` = `bookauthor`.`role`', [], false)
 5 SYSTEMPATH\Model.php(286): CodeIgniter\Database\BaseBuilder->get()
 6 SYSTEMPATH\BaseModel.php(675): CodeIgniter\Model->doFindAll(0, 0)
 7 APPPATH\Models\BookModel.php(42): CodeIgniter\BaseModel->findAll()
 8 APPPATH\Controllers\BookController.php(23): App\Models\BookModel->getBooksWithPublisherNameAndAuthors()
 9 SYSTEMPATH\CodeIgniter.php(933): App\Controllers\BookController->index()
10 SYSTEMPATH\CodeIgniter.php(509): CodeIgniter\CodeIgniter->runController(Object(App\Controllers\BookController))
11 SYSTEMPATH\CodeIgniter.php(355): CodeIgniter\CodeIgniter->handleRequest(null, Object(Config\Cache), false)
12 SYSTEMPATH\Boot.php(334): CodeIgniter\CodeIgniter->run()
13 SYSTEMPATH\Boot.php(67): CodeIgniter\Boot::runCodeIgniter(Object(CodeIgniter\CodeIgniter))
14 FCPATH\index.php(56): CodeIgniter\Boot::bootWeb(Object(Config\Paths))
DEBUG - 2025-02-07 21:50:33 --> Session: Class initialized using 'CodeIgniter\Session\Handlers\FileHandler' driver.
ERROR - 2025-02-07 21:50:33 --> mysqli_sql_exception: Unknown column 'author.name' in 'field list' in C:\xampp\htdocs\litcal\system\Database\MySQLi\Connection.php:312
Stack trace:
#0 C:\xampp\htdocs\litcal\system\Database\MySQLi\Connection.php(312): mysqli->query('SELECT `book`.*...', 0)
#1 C:\xampp\htdocs\litcal\system\Database\BaseConnection.php(734): CodeIgniter\Database\MySQLi\Connection->execute('SELECT `book`.*...')
#2 C:\xampp\htdocs\litcal\system\Database\BaseConnection.php(648): CodeIgniter\Database\BaseConnection->simpleQuery('SELECT `book`.*...')
#3 C:\xampp\htdocs\litcal\system\Database\BaseBuilder.php(1644): CodeIgniter\Database\BaseConnection->query('SELECT `book`.*...', Array, false)
#4 C:\xampp\htdocs\litcal\system\Model.php(286): CodeIgniter\Database\BaseBuilder->get()
#5 C:\xampp\htdocs\litcal\system\BaseModel.php(675): CodeIgniter\Model->doFindAll(0, 0)
#6 C:\xampp\htdocs\litcal\app\Models\BookModel.php(42): CodeIgniter\BaseModel->findAll()
#7 C:\xampp\htdocs\litcal\app\Controllers\BookController.php(23): App\Models\BookModel->getBooksWithPublisherNameAndAuthors()
#8 C:\xampp\htdocs\litcal\system\CodeIgniter.php(933): App\Controllers\BookController->index()
#9 C:\xampp\htdocs\litcal\system\CodeIgniter.php(509): CodeIgniter\CodeIgniter->runController(Object(App\Controllers\BookController))
#10 C:\xampp\htdocs\litcal\system\CodeIgniter.php(355): CodeIgniter\CodeIgniter->handleRequest(NULL, Object(Config\Cache), false)
#11 C:\xampp\htdocs\litcal\system\Boot.php(334): CodeIgniter\CodeIgniter->run()
#12 C:\xampp\htdocs\litcal\system\Boot.php(67): CodeIgniter\Boot::runCodeIgniter(Object(CodeIgniter\CodeIgniter))
#13 C:\xampp\htdocs\litcal\public\index.php(56): CodeIgniter\Boot::bootWeb(Object(Config\Paths))
#14 {main}
CRITICAL - 2025-02-07 21:50:33 --> CodeIgniter\Database\Exceptions\DatabaseException: Unknown column 'author.name' in 'field list'
[Method: GET, Route: books]
in SYSTEMPATH\Database\BaseConnection.php on line 688.
 1 SYSTEMPATH\Database\BaseBuilder.php(1644): CodeIgniter\Database\BaseConnection->query('SELECT `book`.*, `publisher`.`publisherName` as `publisherName`, `author`.`name` as `authorName`, `role`.`name` as `roleName`
FROM `book`
JOIN `publisher` ON `publisher`.`id` = `book`.`publisher`
JOIN `bookauthor` ON `bookauthor`.`book` = `book`.`id`
JOIN `author` ON `author`.`id` = `bookauthor`.`author`
JOIN `role` ON `role`.`id` = `bookauthor`.`role`', [], false)
 2 SYSTEMPATH\Model.php(286): CodeIgniter\Database\BaseBuilder->get()
 3 SYSTEMPATH\BaseModel.php(675): CodeIgniter\Model->doFindAll(0, 0)
 4 APPPATH\Models\BookModel.php(42): CodeIgniter\BaseModel->findAll()
 5 APPPATH\Controllers\BookController.php(23): App\Models\BookModel->getBooksWithPublisherNameAndAuthors()
 6 SYSTEMPATH\CodeIgniter.php(933): App\Controllers\BookController->index()
 7 SYSTEMPATH\CodeIgniter.php(509): CodeIgniter\CodeIgniter->runController(Object(App\Controllers\BookController))
 8 SYSTEMPATH\CodeIgniter.php(355): CodeIgniter\CodeIgniter->handleRequest(null, Object(Config\Cache), false)
 9 SYSTEMPATH\Boot.php(334): CodeIgniter\CodeIgniter->run()
10 SYSTEMPATH\Boot.php(67): CodeIgniter\Boot::runCodeIgniter(Object(CodeIgniter\CodeIgniter))
11 FCPATH\index.php(56): CodeIgniter\Boot::bootWeb(Object(Config\Paths))
CRITICAL - 2025-02-07 21:50:33 --> [Caused by] CodeIgniter\Database\Exceptions\DatabaseException: Unknown column 'author.name' in 'field list'
in SYSTEMPATH\Database\MySQLi\Connection.php on line 317.
 1 SYSTEMPATH\Database\BaseConnection.php(734): CodeIgniter\Database\MySQLi\Connection->execute('SELECT `book`.*, `publisher`.`publisherName` as `publisherName`, `author`.`name` as `authorName`, `role`.`name` as `roleName`
FROM `book`
JOIN `publisher` ON `publisher`.`id` = `book`.`publisher`
JOIN `bookauthor` ON `bookauthor`.`book` = `book`.`id`
JOIN `author` ON `author`.`id` = `bookauthor`.`author`
JOIN `role` ON `role`.`id` = `bookauthor`.`role`')
 2 SYSTEMPATH\Database\BaseConnection.php(648): CodeIgniter\Database\BaseConnection->simpleQuery('SELECT `book`.*, `publisher`.`publisherName` as `publisherName`, `author`.`name` as `authorName`, `role`.`name` as `roleName`
FROM `book`
JOIN `publisher` ON `publisher`.`id` = `book`.`publisher`
JOIN `bookauthor` ON `bookauthor`.`book` = `book`.`id`
JOIN `author` ON `author`.`id` = `bookauthor`.`author`
JOIN `role` ON `role`.`id` = `bookauthor`.`role`')
 3 SYSTEMPATH\Database\BaseBuilder.php(1644): CodeIgniter\Database\BaseConnection->query('SELECT `book`.*, `publisher`.`publisherName` as `publisherName`, `author`.`name` as `authorName`, `role`.`name` as `roleName`
FROM `book`
JOIN `publisher` ON `publisher`.`id` = `book`.`publisher`
JOIN `bookauthor` ON `bookauthor`.`book` = `book`.`id`
JOIN `author` ON `author`.`id` = `bookauthor`.`author`
JOIN `role` ON `role`.`id` = `bookauthor`.`role`', [], false)
 4 SYSTEMPATH\Model.php(286): CodeIgniter\Database\BaseBuilder->get()
 5 SYSTEMPATH\BaseModel.php(675): CodeIgniter\Model->doFindAll(0, 0)
 6 APPPATH\Models\BookModel.php(42): CodeIgniter\BaseModel->findAll()
 7 APPPATH\Controllers\BookController.php(23): App\Models\BookModel->getBooksWithPublisherNameAndAuthors()
 8 SYSTEMPATH\CodeIgniter.php(933): App\Controllers\BookController->index()
 9 SYSTEMPATH\CodeIgniter.php(509): CodeIgniter\CodeIgniter->runController(Object(App\Controllers\BookController))
10 SYSTEMPATH\CodeIgniter.php(355): CodeIgniter\CodeIgniter->handleRequest(null, Object(Config\Cache), false)
11 SYSTEMPATH\Boot.php(334): CodeIgniter\CodeIgniter->run()
12 SYSTEMPATH\Boot.php(67): CodeIgniter\Boot::runCodeIgniter(Object(CodeIgniter\CodeIgniter))
13 FCPATH\index.php(56): CodeIgniter\Boot::bootWeb(Object(Config\Paths))
CRITICAL - 2025-02-07 21:50:33 --> [Caused by] mysqli_sql_exception: Unknown column 'author.name' in 'field list'
in SYSTEMPATH\Database\MySQLi\Connection.php on line 312.
 1 SYSTEMPATH\Database\MySQLi\Connection.php(312): mysqli->query('SELECT `book`.*, `publisher`.`publisherName` as `publisherName`, `author`.`name` as `authorName`, `role`.`name` as `roleName`
FROM `book`
JOIN `publisher` ON `publisher`.`id` = `book`.`publisher`
JOIN `bookauthor` ON `bookauthor`.`book` = `book`.`id`
JOIN `author` ON `author`.`id` = `bookauthor`.`author`
JOIN `role` ON `role`.`id` = `bookauthor`.`role`', 0)
 2 SYSTEMPATH\Database\BaseConnection.php(734): CodeIgniter\Database\MySQLi\Connection->execute('SELECT `book`.*, `publisher`.`publisherName` as `publisherName`, `author`.`name` as `authorName`, `role`.`name` as `roleName`
FROM `book`
JOIN `publisher` ON `publisher`.`id` = `book`.`publisher`
JOIN `bookauthor` ON `bookauthor`.`book` = `book`.`id`
JOIN `author` ON `author`.`id` = `bookauthor`.`author`
JOIN `role` ON `role`.`id` = `bookauthor`.`role`')
 3 SYSTEMPATH\Database\BaseConnection.php(648): CodeIgniter\Database\BaseConnection->simpleQuery('SELECT `book`.*, `publisher`.`publisherName` as `publisherName`, `author`.`name` as `authorName`, `role`.`name` as `roleName`
FROM `book`
JOIN `publisher` ON `publisher`.`id` = `book`.`publisher`
JOIN `bookauthor` ON `bookauthor`.`book` = `book`.`id`
JOIN `author` ON `author`.`id` = `bookauthor`.`author`
JOIN `role` ON `role`.`id` = `bookauthor`.`role`')
 4 SYSTEMPATH\Database\BaseBuilder.php(1644): CodeIgniter\Database\BaseConnection->query('SELECT `book`.*, `publisher`.`publisherName` as `publisherName`, `author`.`name` as `authorName`, `role`.`name` as `roleName`
FROM `book`
JOIN `publisher` ON `publisher`.`id` = `book`.`publisher`
JOIN `bookauthor` ON `bookauthor`.`book` = `book`.`id`
JOIN `author` ON `author`.`id` = `bookauthor`.`author`
JOIN `role` ON `role`.`id` = `bookauthor`.`role`', [], false)
 5 SYSTEMPATH\Model.php(286): CodeIgniter\Database\BaseBuilder->get()
 6 SYSTEMPATH\BaseModel.php(675): CodeIgniter\Model->doFindAll(0, 0)
 7 APPPATH\Models\BookModel.php(42): CodeIgniter\BaseModel->findAll()
 8 APPPATH\Controllers\BookController.php(23): App\Models\BookModel->getBooksWithPublisherNameAndAuthors()
 9 SYSTEMPATH\CodeIgniter.php(933): App\Controllers\BookController->index()
10 SYSTEMPATH\CodeIgniter.php(509): CodeIgniter\CodeIgniter->runController(Object(App\Controllers\BookController))
11 SYSTEMPATH\CodeIgniter.php(355): CodeIgniter\CodeIgniter->handleRequest(null, Object(Config\Cache), false)
12 SYSTEMPATH\Boot.php(334): CodeIgniter\CodeIgniter->run()
13 SYSTEMPATH\Boot.php(67): CodeIgniter\Boot::runCodeIgniter(Object(CodeIgniter\CodeIgniter))
14 FCPATH\index.php(56): CodeIgniter\Boot::bootWeb(Object(Config\Paths))
DEBUG - 2025-02-07 21:56:57 --> Session: Class initialized using 'CodeIgniter\Session\Handlers\FileHandler' driver.
CRITICAL - 2025-02-07 21:56:57 --> Error: Cannot use object of type App\Entities\BookEntity as array
[Method: GET, Route: books]
in APPPATH\Models\BookModel.php on line 47.
 1 APPPATH\Controllers\BookController.php(23): App\Models\BookModel->getBooksWithPublisherNameAndAuthors()
 2 SYSTEMPATH\CodeIgniter.php(933): App\Controllers\BookController->index()
 3 SYSTEMPATH\CodeIgniter.php(509): CodeIgniter\CodeIgniter->runController(Object(App\Controllers\BookController))
 4 SYSTEMPATH\CodeIgniter.php(355): CodeIgniter\CodeIgniter->handleRequest(null, Object(Config\Cache), false)
 5 SYSTEMPATH\Boot.php(334): CodeIgniter\CodeIgniter->run()
 6 SYSTEMPATH\Boot.php(67): CodeIgniter\Boot::runCodeIgniter(Object(CodeIgniter\CodeIgniter))
 7 FCPATH\index.php(56): CodeIgniter\Boot::bootWeb(Object(Config\Paths))
DEBUG - 2025-02-07 21:58:24 --> Session: Class initialized using 'CodeIgniter\Session\Handlers\FileHandler' driver.
DEBUG - 2025-02-07 21:58:32 --> Session: Class initialized using 'CodeIgniter\Session\Handlers\FileHandler' driver.
DEBUG - 2025-02-07 22:12:20 --> Session: Class initialized using 'CodeIgniter\Session\Handlers\FileHandler' driver.
DEBUG - 2025-02-07 22:12:36 --> Session: Class initialized using 'CodeIgniter\Session\Handlers\FileHandler' driver.
DEBUG - 2025-02-07 22:13:17 --> Session: Class initialized using 'CodeIgniter\Session\Handlers\FileHandler' driver.
DEBUG - 2025-02-07 22:21:40 --> Session: Class initialized using 'CodeIgniter\Session\Handlers\FileHandler' driver.
DEBUG - 2025-02-07 22:21:44 --> Session: Class initialized using 'CodeIgniter\Session\Handlers\FileHandler' driver.
DEBUG - 2025-02-07 22:21:56 --> Session: Class initialized using 'CodeIgniter\Session\Handlers\FileHandler' driver.
DEBUG - 2025-02-07 22:23:39 --> Session: Class initialized using 'CodeIgniter\Session\Handlers\FileHandler' driver.
DEBUG - 2025-02-07 22:23:59 --> Session: Class initialized using 'CodeIgniter\Session\Handlers\FileHandler' driver.
DEBUG - 2025-02-07 22:25:21 --> Session: Class initialized using 'CodeIgniter\Session\Handlers\FileHandler' driver.
DEBUG - 2025-02-07 22:42:22 --> Session: Class initialized using 'CodeIgniter\Session\Handlers\FileHandler' driver.
CRITICAL - 2025-02-07 22:42:22 --> ErrorException: Undefined array key "serie"
[Method: GET, Route: books]
in APPPATH\Views\bookEditor.php on line 49.
 1 APPPATH\Views\bookEditor.php(49): CodeIgniter\Debug\Exceptions->errorHandler(2, 'Undefined array key "serie"', 'C:\\xampp\\htdocs\\litcal\\app\\Views\\bookEditor.php', 49)
 2 SYSTEMPATH\View\View.php(234): include('C:\\xampp\\htdocs\\litcal\\app\\Views\\bookEditor.php')
 3 SYSTEMPATH\View\View.php(237): CodeIgniter\View\View->CodeIgniter\View\{closure}()
 4 SYSTEMPATH\Common.php(1171): CodeIgniter\View\View->render('bookEditor', [], true)
 5 APPPATH\Controllers\BookController.php(31): view('bookEditor', [...])
 6 SYSTEMPATH\CodeIgniter.php(933): App\Controllers\BookController->index()
 7 SYSTEMPATH\CodeIgniter.php(509): CodeIgniter\CodeIgniter->runController(Object(App\Controllers\BookController))
 8 SYSTEMPATH\CodeIgniter.php(355): CodeIgniter\CodeIgniter->handleRequest(null, Object(Config\Cache), false)
 9 SYSTEMPATH\Boot.php(334): CodeIgniter\CodeIgniter->run()
10 SYSTEMPATH\Boot.php(67): CodeIgniter\Boot::runCodeIgniter(Object(CodeIgniter\CodeIgniter))
11 FCPATH\index.php(56): CodeIgniter\Boot::bootWeb(Object(Config\Paths))
DEBUG - 2025-02-07 22:42:38 --> Session: Class initialized using 'CodeIgniter\Session\Handlers\FileHandler' driver.
CRITICAL - 2025-02-07 22:42:38 --> ErrorException: Undefined array key "serie"
[Method: GET, Route: books]
in APPPATH\Views\bookEditor.php on line 49.
 1 APPPATH\Views\bookEditor.php(49): CodeIgniter\Debug\Exceptions->errorHandler(2, 'Undefined array key "serie"', 'C:\\xampp\\htdocs\\litcal\\app\\Views\\bookEditor.php', 49)
 2 SYSTEMPATH\View\View.php(234): include('C:\\xampp\\htdocs\\litcal\\app\\Views\\bookEditor.php')
 3 SYSTEMPATH\View\View.php(237): CodeIgniter\View\View->CodeIgniter\View\{closure}()
 4 SYSTEMPATH\Common.php(1171): CodeIgniter\View\View->render('bookEditor', [], true)
 5 APPPATH\Controllers\BookController.php(31): view('bookEditor', [...])
 6 SYSTEMPATH\CodeIgniter.php(933): App\Controllers\BookController->index()
 7 SYSTEMPATH\CodeIgniter.php(509): CodeIgniter\CodeIgniter->runController(Object(App\Controllers\BookController))
 8 SYSTEMPATH\CodeIgniter.php(355): CodeIgniter\CodeIgniter->handleRequest(null, Object(Config\Cache), false)
 9 SYSTEMPATH\Boot.php(334): CodeIgniter\CodeIgniter->run()
10 SYSTEMPATH\Boot.php(67): CodeIgniter\Boot::runCodeIgniter(Object(CodeIgniter\CodeIgniter))
11 FCPATH\index.php(56): CodeIgniter\Boot::bootWeb(Object(Config\Paths))
DEBUG - 2025-02-07 22:42:41 --> Session: Class initialized using 'CodeIgniter\Session\Handlers\FileHandler' driver.
CRITICAL - 2025-02-07 22:42:41 --> ErrorException: Undefined array key "serie"
[Method: GET, Route: books]
in APPPATH\Views\bookEditor.php on line 49.
 1 APPPATH\Views\bookEditor.php(49): CodeIgniter\Debug\Exceptions->errorHandler(2, 'Undefined array key "serie"', 'C:\\xampp\\htdocs\\litcal\\app\\Views\\bookEditor.php', 49)
 2 SYSTEMPATH\View\View.php(234): include('C:\\xampp\\htdocs\\litcal\\app\\Views\\bookEditor.php')
 3 SYSTEMPATH\View\View.php(237): CodeIgniter\View\View->CodeIgniter\View\{closure}()
 4 SYSTEMPATH\Common.php(1171): CodeIgniter\View\View->render('bookEditor', [], true)
 5 APPPATH\Controllers\BookController.php(31): view('bookEditor', [...])
 6 SYSTEMPATH\CodeIgniter.php(933): App\Controllers\BookController->index()
 7 SYSTEMPATH\CodeIgniter.php(509): CodeIgniter\CodeIgniter->runController(Object(App\Controllers\BookController))
 8 SYSTEMPATH\CodeIgniter.php(355): CodeIgniter\CodeIgniter->handleRequest(null, Object(Config\Cache), false)
 9 SYSTEMPATH\Boot.php(334): CodeIgniter\CodeIgniter->run()
10 SYSTEMPATH\Boot.php(67): CodeIgniter\Boot::runCodeIgniter(Object(CodeIgniter\CodeIgniter))
11 FCPATH\index.php(56): CodeIgniter\Boot::bootWeb(Object(Config\Paths))
DEBUG - 2025-02-07 22:43:22 --> Session: Class initialized using 'CodeIgniter\Session\Handlers\FileHandler' driver.
CRITICAL - 2025-02-07 22:43:22 --> ErrorException: Undefined array key "serie"
[Method: GET, Route: books]
in APPPATH\Views\bookEditor.php on line 49.
 1 APPPATH\Views\bookEditor.php(49): CodeIgniter\Debug\Exceptions->errorHandler(2, 'Undefined array key "serie"', 'C:\\xampp\\htdocs\\litcal\\app\\Views\\bookEditor.php', 49)
 2 SYSTEMPATH\View\View.php(234): include('C:\\xampp\\htdocs\\litcal\\app\\Views\\bookEditor.php')
 3 SYSTEMPATH\View\View.php(237): CodeIgniter\View\View->CodeIgniter\View\{closure}()
 4 SYSTEMPATH\Common.php(1171): CodeIgniter\View\View->render('bookEditor', [], true)
 5 APPPATH\Controllers\BookController.php(31): view('bookEditor', [...])
 6 SYSTEMPATH\CodeIgniter.php(933): App\Controllers\BookController->index()
 7 SYSTEMPATH\CodeIgniter.php(509): CodeIgniter\CodeIgniter->runController(Object(App\Controllers\BookController))
 8 SYSTEMPATH\CodeIgniter.php(355): CodeIgniter\CodeIgniter->handleRequest(null, Object(Config\Cache), false)
 9 SYSTEMPATH\Boot.php(334): CodeIgniter\CodeIgniter->run()
10 SYSTEMPATH\Boot.php(67): CodeIgniter\Boot::runCodeIgniter(Object(CodeIgniter\CodeIgniter))
11 FCPATH\index.php(56): CodeIgniter\Boot::bootWeb(Object(Config\Paths))
DEBUG - 2025-02-07 22:43:23 --> Session: Class initialized using 'CodeIgniter\Session\Handlers\FileHandler' driver.
CRITICAL - 2025-02-07 22:43:23 --> ErrorException: Undefined array key "serie"
[Method: GET, Route: books]
in APPPATH\Views\bookEditor.php on line 49.
 1 APPPATH\Views\bookEditor.php(49): CodeIgniter\Debug\Exceptions->errorHandler(2, 'Undefined array key "serie"', 'C:\\xampp\\htdocs\\litcal\\app\\Views\\bookEditor.php', 49)
 2 SYSTEMPATH\View\View.php(234): include('C:\\xampp\\htdocs\\litcal\\app\\Views\\bookEditor.php')
 3 SYSTEMPATH\View\View.php(237): CodeIgniter\View\View->CodeIgniter\View\{closure}()
 4 SYSTEMPATH\Common.php(1171): CodeIgniter\View\View->render('bookEditor', [], true)
 5 APPPATH\Controllers\BookController.php(31): view('bookEditor', [...])
 6 SYSTEMPATH\CodeIgniter.php(933): App\Controllers\BookController->index()
 7 SYSTEMPATH\CodeIgniter.php(509): CodeIgniter\CodeIgniter->runController(Object(App\Controllers\BookController))
 8 SYSTEMPATH\CodeIgniter.php(355): CodeIgniter\CodeIgniter->handleRequest(null, Object(Config\Cache), false)
 9 SYSTEMPATH\Boot.php(334): CodeIgniter\CodeIgniter->run()
10 SYSTEMPATH\Boot.php(67): CodeIgniter\Boot::runCodeIgniter(Object(CodeIgniter\CodeIgniter))
11 FCPATH\index.php(56): CodeIgniter\Boot::bootWeb(Object(Config\Paths))
DEBUG - 2025-02-07 22:44:59 --> Session: Class initialized using 'CodeIgniter\Session\Handlers\FileHandler' driver.
DEBUG - 2025-02-07 22:45:14 --> Session: Class initialized using 'CodeIgniter\Session\Handlers\FileHandler' driver.
DEBUG - 2025-02-07 22:45:33 --> Session: Class initialized using 'CodeIgniter\Session\Handlers\FileHandler' driver.
DEBUG - 2025-02-07 22:57:51 --> Session: Class initialized using 'CodeIgniter\Session\Handlers\FileHandler' driver.
DEBUG - 2025-02-07 23:02:39 --> Session: Class initialized using 'CodeIgniter\Session\Handlers\FileHandler' driver.
