DEBUG - 2025-02-14 19:35:37 --> Session: Class initialized using 'CodeIgniter\Session\Handlers\FileHandler' driver.
DEBUG - 2025-02-14 20:25:05 --> Session: Class initialized using 'CodeIgniter\Session\Handlers\FileHandler' driver.
DEBUG - 2025-02-14 20:26:02 --> Session: Class initialized using 'CodeIgniter\Session\Handlers\FileHandler' driver.
DEBUG - 2025-02-14 20:26:03 --> Session: Class initialized using 'CodeIgniter\Session\Handlers\FileHandler' driver.
DEBUG - 2025-02-14 20:26:39 --> Session: Class initialized using 'CodeIgniter\Session\Handlers\FileHandler' driver.
DEBUG - 2025-02-14 20:26:39 --> Session: Class initialized using 'CodeIgniter\Session\Handlers\FileHandler' driver.
DEBUG - 2025-02-14 20:29:34 --> Session: Class initialized using 'CodeIgniter\Session\Handlers\FileHandler' driver.
ERROR - 2025-02-14 20:29:52 --> mysqli_sql_exception: Column 'status' cannot be null in C:\xampp\htdocs\litcal\system\Database\MySQLi\Connection.php:312
Stack trace:
#0 C:\xampp\htdocs\litcal\system\Database\MySQLi\Connection.php(312): mysqli->query('INSERT INTO `us...', 0)
#1 C:\xampp\htdocs\litcal\system\Database\BaseConnection.php(734): CodeIgniter\Database\MySQLi\Connection->execute('INSERT INTO `us...')
#2 C:\xampp\htdocs\litcal\system\Database\BaseConnection.php(648): CodeIgniter\Database\BaseConnection->simpleQuery('INSERT INTO `us...')
#3 C:\xampp\htdocs\litcal\system\Database\BaseBuilder.php(2340): CodeIgniter\Database\BaseConnection->query('INSERT INTO `us...', Array, false)
#4 C:\xampp\htdocs\litcal\system\Model.php(394): CodeIgniter\Database\BaseBuilder->insert()
#5 C:\xampp\htdocs\litcal\system\BaseModel.php(839): CodeIgniter\Model->doInsert(Array)
#6 C:\xampp\htdocs\litcal\system\Model.php(800): CodeIgniter\BaseModel->insert(Array, false)
#7 C:\xampp\htdocs\litcal\system\BaseModel.php(750): CodeIgniter\Model->insert(Object(App\Entities\UserEntity), false)
#8 C:\xampp\htdocs\litcal\app\Models\UserModel.php(44): CodeIgniter\BaseModel->save(Object(App\Entities\UserEntity))
#9 C:\xampp\htdocs\litcal\app\Controllers\RegisterController.php(28): App\Models\UserModel->registerUser(Array)
#10 C:\xampp\htdocs\litcal\system\CodeIgniter.php(933): App\Controllers\RegisterController->register()
#11 C:\xampp\htdocs\litcal\system\CodeIgniter.php(509): CodeIgniter\CodeIgniter->runController(Object(App\Controllers\RegisterController))
#12 C:\xampp\htdocs\litcal\system\CodeIgniter.php(355): CodeIgniter\CodeIgniter->handleRequest(NULL, Object(Config\Cache), false)
#13 C:\xampp\htdocs\litcal\system\Boot.php(334): CodeIgniter\CodeIgniter->run()
#14 C:\xampp\htdocs\litcal\system\Boot.php(67): CodeIgniter\Boot::runCodeIgniter(Object(CodeIgniter\CodeIgniter))
#15 C:\xampp\htdocs\litcal\public\index.php(56): CodeIgniter\Boot::bootWeb(Object(Config\Paths))
#16 {main}
CRITICAL - 2025-02-14 20:29:52 --> CodeIgniter\Database\Exceptions\DatabaseException: Column 'status' cannot be null
[Method: POST, Route: register]
in SYSTEMPATH\Database\BaseConnection.php on line 688.
 1 SYSTEMPATH\Database\BaseBuilder.php(2340): CodeIgniter\Database\BaseConnection->query('INSERT INTO `user` (`pseudo`, `email`, `birthday`, `password`, `status`) VALUES (:pseudo:, :email:, :birthday:, :password:, :status:)', [...], false)
 2 SYSTEMPATH\Model.php(394): CodeIgniter\Database\BaseBuilder->insert()
 3 SYSTEMPATH\BaseModel.php(839): CodeIgniter\Model->doInsert([...])
 4 SYSTEMPATH\Model.php(800): CodeIgniter\BaseModel->insert([...], false)
 5 SYSTEMPATH\BaseModel.php(750): CodeIgniter\Model->insert(Object(App\Entities\UserEntity), false)
 6 APPPATH\Models\UserModel.php(44): CodeIgniter\BaseModel->save(Object(App\Entities\UserEntity))
 7 APPPATH\Controllers\RegisterController.php(28): App\Models\UserModel->registerUser([...])
 8 SYSTEMPATH\CodeIgniter.php(933): App\Controllers\RegisterController->register()
 9 SYSTEMPATH\CodeIgniter.php(509): CodeIgniter\CodeIgniter->runController(Object(App\Controllers\RegisterController))
10 SYSTEMPATH\CodeIgniter.php(355): CodeIgniter\CodeIgniter->handleRequest(null, Object(Config\Cache), false)
11 SYSTEMPATH\Boot.php(334): CodeIgniter\CodeIgniter->run()
12 SYSTEMPATH\Boot.php(67): CodeIgniter\Boot::runCodeIgniter(Object(CodeIgniter\CodeIgniter))
13 FCPATH\index.php(56): CodeIgniter\Boot::bootWeb(Object(Config\Paths))
CRITICAL - 2025-02-14 20:29:52 --> [Caused by] CodeIgniter\Database\Exceptions\DatabaseException: Column 'status' cannot be null
in SYSTEMPATH\Database\MySQLi\Connection.php on line 317.
 1 SYSTEMPATH\Database\BaseConnection.php(734): CodeIgniter\Database\MySQLi\Connection->execute('INSERT INTO `user` (`pseudo`, `email`, `birthday`, `password`, `status`) VALUES (\'MehdiSahnoun\', \'mehdi@sahnoun.be\', \'1991-02-04\', \'$2y$10$e5M5qNgOY8dcYhkCgzfLce.ZiNLICKK0b99Mwcwn6fYHpZ3YUNzKS\', NULL)')
 2 SYSTEMPATH\Database\BaseConnection.php(648): CodeIgniter\Database\BaseConnection->simpleQuery('INSERT INTO `user` (`pseudo`, `email`, `birthday`, `password`, `status`) VALUES (\'MehdiSahnoun\', \'mehdi@sahnoun.be\', \'1991-02-04\', \'$2y$10$e5M5qNgOY8dcYhkCgzfLce.ZiNLICKK0b99Mwcwn6fYHpZ3YUNzKS\', NULL)')
 3 SYSTEMPATH\Database\BaseBuilder.php(2340): CodeIgniter\Database\BaseConnection->query('INSERT INTO `user` (`pseudo`, `email`, `birthday`, `password`, `status`) VALUES (:pseudo:, :email:, :birthday:, :password:, :status:)', [...], false)
 4 SYSTEMPATH\Model.php(394): CodeIgniter\Database\BaseBuilder->insert()
 5 SYSTEMPATH\BaseModel.php(839): CodeIgniter\Model->doInsert([...])
 6 SYSTEMPATH\Model.php(800): CodeIgniter\BaseModel->insert([...], false)
 7 SYSTEMPATH\BaseModel.php(750): CodeIgniter\Model->insert(Object(App\Entities\UserEntity), false)
 8 APPPATH\Models\UserModel.php(44): CodeIgniter\BaseModel->save(Object(App\Entities\UserEntity))
 9 APPPATH\Controllers\RegisterController.php(28): App\Models\UserModel->registerUser([...])
10 SYSTEMPATH\CodeIgniter.php(933): App\Controllers\RegisterController->register()
11 SYSTEMPATH\CodeIgniter.php(509): CodeIgniter\CodeIgniter->runController(Object(App\Controllers\RegisterController))
12 SYSTEMPATH\CodeIgniter.php(355): CodeIgniter\CodeIgniter->handleRequest(null, Object(Config\Cache), false)
13 SYSTEMPATH\Boot.php(334): CodeIgniter\CodeIgniter->run()
14 SYSTEMPATH\Boot.php(67): CodeIgniter\Boot::runCodeIgniter(Object(CodeIgniter\CodeIgniter))
15 FCPATH\index.php(56): CodeIgniter\Boot::bootWeb(Object(Config\Paths))
CRITICAL - 2025-02-14 20:29:52 --> [Caused by] mysqli_sql_exception: Column 'status' cannot be null
in SYSTEMPATH\Database\MySQLi\Connection.php on line 312.
 1 SYSTEMPATH\Database\MySQLi\Connection.php(312): mysqli->query('INSERT INTO `user` (`pseudo`, `email`, `birthday`, `password`, `status`) VALUES (\'MehdiSahnoun\', \'mehdi@sahnoun.be\', \'1991-02-04\', \'$2y$10$e5M5qNgOY8dcYhkCgzfLce.ZiNLICKK0b99Mwcwn6fYHpZ3YUNzKS\', NULL)', 0)
 2 SYSTEMPATH\Database\BaseConnection.php(734): CodeIgniter\Database\MySQLi\Connection->execute('INSERT INTO `user` (`pseudo`, `email`, `birthday`, `password`, `status`) VALUES (\'MehdiSahnoun\', \'mehdi@sahnoun.be\', \'1991-02-04\', \'$2y$10$e5M5qNgOY8dcYhkCgzfLce.ZiNLICKK0b99Mwcwn6fYHpZ3YUNzKS\', NULL)')
 3 SYSTEMPATH\Database\BaseConnection.php(648): CodeIgniter\Database\BaseConnection->simpleQuery('INSERT INTO `user` (`pseudo`, `email`, `birthday`, `password`, `status`) VALUES (\'MehdiSahnoun\', \'mehdi@sahnoun.be\', \'1991-02-04\', \'$2y$10$e5M5qNgOY8dcYhkCgzfLce.ZiNLICKK0b99Mwcwn6fYHpZ3YUNzKS\', NULL)')
 4 SYSTEMPATH\Database\BaseBuilder.php(2340): CodeIgniter\Database\BaseConnection->query('INSERT INTO `user` (`pseudo`, `email`, `birthday`, `password`, `status`) VALUES (:pseudo:, :email:, :birthday:, :password:, :status:)', [...], false)
 5 SYSTEMPATH\Model.php(394): CodeIgniter\Database\BaseBuilder->insert()
 6 SYSTEMPATH\BaseModel.php(839): CodeIgniter\Model->doInsert([...])
 7 SYSTEMPATH\Model.php(800): CodeIgniter\BaseModel->insert([...], false)
 8 SYSTEMPATH\BaseModel.php(750): CodeIgniter\Model->insert(Object(App\Entities\UserEntity), false)
 9 APPPATH\Models\UserModel.php(44): CodeIgniter\BaseModel->save(Object(App\Entities\UserEntity))
10 APPPATH\Controllers\RegisterController.php(28): App\Models\UserModel->registerUser([...])
11 SYSTEMPATH\CodeIgniter.php(933): App\Controllers\RegisterController->register()
12 SYSTEMPATH\CodeIgniter.php(509): CodeIgniter\CodeIgniter->runController(Object(App\Controllers\RegisterController))
13 SYSTEMPATH\CodeIgniter.php(355): CodeIgniter\CodeIgniter->handleRequest(null, Object(Config\Cache), false)
14 SYSTEMPATH\Boot.php(334): CodeIgniter\CodeIgniter->run()
15 SYSTEMPATH\Boot.php(67): CodeIgniter\Boot::runCodeIgniter(Object(CodeIgniter\CodeIgniter))
16 FCPATH\index.php(56): CodeIgniter\Boot::bootWeb(Object(Config\Paths))
DEBUG - 2025-02-14 20:31:02 --> Session: Class initialized using 'CodeIgniter\Session\Handlers\FileHandler' driver.
ERROR - 2025-02-14 20:31:14 --> mysqli_sql_exception: Column 'status' cannot be null in C:\xampp\htdocs\litcal\system\Database\MySQLi\Connection.php:312
Stack trace:
#0 C:\xampp\htdocs\litcal\system\Database\MySQLi\Connection.php(312): mysqli->query('INSERT INTO `us...', 0)
#1 C:\xampp\htdocs\litcal\system\Database\BaseConnection.php(734): CodeIgniter\Database\MySQLi\Connection->execute('INSERT INTO `us...')
#2 C:\xampp\htdocs\litcal\system\Database\BaseConnection.php(648): CodeIgniter\Database\BaseConnection->simpleQuery('INSERT INTO `us...')
#3 C:\xampp\htdocs\litcal\system\Database\BaseBuilder.php(2340): CodeIgniter\Database\BaseConnection->query('INSERT INTO `us...', Array, false)
#4 C:\xampp\htdocs\litcal\system\Model.php(394): CodeIgniter\Database\BaseBuilder->insert()
#5 C:\xampp\htdocs\litcal\system\BaseModel.php(839): CodeIgniter\Model->doInsert(Array)
#6 C:\xampp\htdocs\litcal\system\Model.php(800): CodeIgniter\BaseModel->insert(Array, false)
#7 C:\xampp\htdocs\litcal\system\BaseModel.php(750): CodeIgniter\Model->insert(Object(App\Entities\UserEntity), false)
#8 C:\xampp\htdocs\litcal\app\Models\UserModel.php(45): CodeIgniter\BaseModel->save(Object(App\Entities\UserEntity))
#9 C:\xampp\htdocs\litcal\app\Controllers\RegisterController.php(28): App\Models\UserModel->registerUser(Array)
#10 C:\xampp\htdocs\litcal\system\CodeIgniter.php(933): App\Controllers\RegisterController->register()
#11 C:\xampp\htdocs\litcal\system\CodeIgniter.php(509): CodeIgniter\CodeIgniter->runController(Object(App\Controllers\RegisterController))
#12 C:\xampp\htdocs\litcal\system\CodeIgniter.php(355): CodeIgniter\CodeIgniter->handleRequest(NULL, Object(Config\Cache), false)
#13 C:\xampp\htdocs\litcal\system\Boot.php(334): CodeIgniter\CodeIgniter->run()
#14 C:\xampp\htdocs\litcal\system\Boot.php(67): CodeIgniter\Boot::runCodeIgniter(Object(CodeIgniter\CodeIgniter))
#15 C:\xampp\htdocs\litcal\public\index.php(56): CodeIgniter\Boot::bootWeb(Object(Config\Paths))
#16 {main}
CRITICAL - 2025-02-14 20:31:14 --> CodeIgniter\Database\Exceptions\DatabaseException: Column 'status' cannot be null
[Method: POST, Route: register]
in SYSTEMPATH\Database\BaseConnection.php on line 688.
 1 SYSTEMPATH\Database\BaseBuilder.php(2340): CodeIgniter\Database\BaseConnection->query('INSERT INTO `user` (`pseudo`, `email`, `birthday`, `password`, `status`) VALUES (:pseudo:, :email:, :birthday:, :password:, :status:)', [...], false)
 2 SYSTEMPATH\Model.php(394): CodeIgniter\Database\BaseBuilder->insert()
 3 SYSTEMPATH\BaseModel.php(839): CodeIgniter\Model->doInsert([...])
 4 SYSTEMPATH\Model.php(800): CodeIgniter\BaseModel->insert([...], false)
 5 SYSTEMPATH\BaseModel.php(750): CodeIgniter\Model->insert(Object(App\Entities\UserEntity), false)
 6 APPPATH\Models\UserModel.php(45): CodeIgniter\BaseModel->save(Object(App\Entities\UserEntity))
 7 APPPATH\Controllers\RegisterController.php(28): App\Models\UserModel->registerUser([...])
 8 SYSTEMPATH\CodeIgniter.php(933): App\Controllers\RegisterController->register()
 9 SYSTEMPATH\CodeIgniter.php(509): CodeIgniter\CodeIgniter->runController(Object(App\Controllers\RegisterController))
10 SYSTEMPATH\CodeIgniter.php(355): CodeIgniter\CodeIgniter->handleRequest(null, Object(Config\Cache), false)
11 SYSTEMPATH\Boot.php(334): CodeIgniter\CodeIgniter->run()
12 SYSTEMPATH\Boot.php(67): CodeIgniter\Boot::runCodeIgniter(Object(CodeIgniter\CodeIgniter))
13 FCPATH\index.php(56): CodeIgniter\Boot::bootWeb(Object(Config\Paths))
CRITICAL - 2025-02-14 20:31:14 --> [Caused by] CodeIgniter\Database\Exceptions\DatabaseException: Column 'status' cannot be null
in SYSTEMPATH\Database\MySQLi\Connection.php on line 317.
 1 SYSTEMPATH\Database\BaseConnection.php(734): CodeIgniter\Database\MySQLi\Connection->execute('INSERT INTO `user` (`pseudo`, `email`, `birthday`, `password`, `status`) VALUES (\'MehdiSahnoun\', \'mehdi@sahnoun.be\', \'1991-02-04\', \'$2y$10$lA5iz998lFOJl/bTBPJ3V.dqsgX8ACK0.Ie8BiQAitPXOM5J7w5VG\', NULL)')
 2 SYSTEMPATH\Database\BaseConnection.php(648): CodeIgniter\Database\BaseConnection->simpleQuery('INSERT INTO `user` (`pseudo`, `email`, `birthday`, `password`, `status`) VALUES (\'MehdiSahnoun\', \'mehdi@sahnoun.be\', \'1991-02-04\', \'$2y$10$lA5iz998lFOJl/bTBPJ3V.dqsgX8ACK0.Ie8BiQAitPXOM5J7w5VG\', NULL)')
 3 SYSTEMPATH\Database\BaseBuilder.php(2340): CodeIgniter\Database\BaseConnection->query('INSERT INTO `user` (`pseudo`, `email`, `birthday`, `password`, `status`) VALUES (:pseudo:, :email:, :birthday:, :password:, :status:)', [...], false)
 4 SYSTEMPATH\Model.php(394): CodeIgniter\Database\BaseBuilder->insert()
 5 SYSTEMPATH\BaseModel.php(839): CodeIgniter\Model->doInsert([...])
 6 SYSTEMPATH\Model.php(800): CodeIgniter\BaseModel->insert([...], false)
 7 SYSTEMPATH\BaseModel.php(750): CodeIgniter\Model->insert(Object(App\Entities\UserEntity), false)
 8 APPPATH\Models\UserModel.php(45): CodeIgniter\BaseModel->save(Object(App\Entities\UserEntity))
 9 APPPATH\Controllers\RegisterController.php(28): App\Models\UserModel->registerUser([...])
10 SYSTEMPATH\CodeIgniter.php(933): App\Controllers\RegisterController->register()
11 SYSTEMPATH\CodeIgniter.php(509): CodeIgniter\CodeIgniter->runController(Object(App\Controllers\RegisterController))
12 SYSTEMPATH\CodeIgniter.php(355): CodeIgniter\CodeIgniter->handleRequest(null, Object(Config\Cache), false)
13 SYSTEMPATH\Boot.php(334): CodeIgniter\CodeIgniter->run()
14 SYSTEMPATH\Boot.php(67): CodeIgniter\Boot::runCodeIgniter(Object(CodeIgniter\CodeIgniter))
15 FCPATH\index.php(56): CodeIgniter\Boot::bootWeb(Object(Config\Paths))
CRITICAL - 2025-02-14 20:31:14 --> [Caused by] mysqli_sql_exception: Column 'status' cannot be null
in SYSTEMPATH\Database\MySQLi\Connection.php on line 312.
 1 SYSTEMPATH\Database\MySQLi\Connection.php(312): mysqli->query('INSERT INTO `user` (`pseudo`, `email`, `birthday`, `password`, `status`) VALUES (\'MehdiSahnoun\', \'mehdi@sahnoun.be\', \'1991-02-04\', \'$2y$10$lA5iz998lFOJl/bTBPJ3V.dqsgX8ACK0.Ie8BiQAitPXOM5J7w5VG\', NULL)', 0)
 2 SYSTEMPATH\Database\BaseConnection.php(734): CodeIgniter\Database\MySQLi\Connection->execute('INSERT INTO `user` (`pseudo`, `email`, `birthday`, `password`, `status`) VALUES (\'MehdiSahnoun\', \'mehdi@sahnoun.be\', \'1991-02-04\', \'$2y$10$lA5iz998lFOJl/bTBPJ3V.dqsgX8ACK0.Ie8BiQAitPXOM5J7w5VG\', NULL)')
 3 SYSTEMPATH\Database\BaseConnection.php(648): CodeIgniter\Database\BaseConnection->simpleQuery('INSERT INTO `user` (`pseudo`, `email`, `birthday`, `password`, `status`) VALUES (\'MehdiSahnoun\', \'mehdi@sahnoun.be\', \'1991-02-04\', \'$2y$10$lA5iz998lFOJl/bTBPJ3V.dqsgX8ACK0.Ie8BiQAitPXOM5J7w5VG\', NULL)')
 4 SYSTEMPATH\Database\BaseBuilder.php(2340): CodeIgniter\Database\BaseConnection->query('INSERT INTO `user` (`pseudo`, `email`, `birthday`, `password`, `status`) VALUES (:pseudo:, :email:, :birthday:, :password:, :status:)', [...], false)
 5 SYSTEMPATH\Model.php(394): CodeIgniter\Database\BaseBuilder->insert()
 6 SYSTEMPATH\BaseModel.php(839): CodeIgniter\Model->doInsert([...])
 7 SYSTEMPATH\Model.php(800): CodeIgniter\BaseModel->insert([...], false)
 8 SYSTEMPATH\BaseModel.php(750): CodeIgniter\Model->insert(Object(App\Entities\UserEntity), false)
 9 APPPATH\Models\UserModel.php(45): CodeIgniter\BaseModel->save(Object(App\Entities\UserEntity))
10 APPPATH\Controllers\RegisterController.php(28): App\Models\UserModel->registerUser([...])
11 SYSTEMPATH\CodeIgniter.php(933): App\Controllers\RegisterController->register()
12 SYSTEMPATH\CodeIgniter.php(509): CodeIgniter\CodeIgniter->runController(Object(App\Controllers\RegisterController))
13 SYSTEMPATH\CodeIgniter.php(355): CodeIgniter\CodeIgniter->handleRequest(null, Object(Config\Cache), false)
14 SYSTEMPATH\Boot.php(334): CodeIgniter\CodeIgniter->run()
15 SYSTEMPATH\Boot.php(67): CodeIgniter\Boot::runCodeIgniter(Object(CodeIgniter\CodeIgniter))
16 FCPATH\index.php(56): CodeIgniter\Boot::bootWeb(Object(Config\Paths))
DEBUG - 2025-02-14 20:31:35 --> Session: Class initialized using 'CodeIgniter\Session\Handlers\FileHandler' driver.
DEBUG - 2025-02-14 20:31:36 --> Session: Class initialized using 'CodeIgniter\Session\Handlers\FileHandler' driver.
ERROR - 2025-02-14 20:31:50 --> mysqli_sql_exception: Column 'status' cannot be null in C:\xampp\htdocs\litcal\system\Database\MySQLi\Connection.php:312
Stack trace:
#0 C:\xampp\htdocs\litcal\system\Database\MySQLi\Connection.php(312): mysqli->query('INSERT INTO `us...', 0)
#1 C:\xampp\htdocs\litcal\system\Database\BaseConnection.php(734): CodeIgniter\Database\MySQLi\Connection->execute('INSERT INTO `us...')
#2 C:\xampp\htdocs\litcal\system\Database\BaseConnection.php(648): CodeIgniter\Database\BaseConnection->simpleQuery('INSERT INTO `us...')
#3 C:\xampp\htdocs\litcal\system\Database\BaseBuilder.php(2340): CodeIgniter\Database\BaseConnection->query('INSERT INTO `us...', Array, false)
#4 C:\xampp\htdocs\litcal\system\Model.php(394): CodeIgniter\Database\BaseBuilder->insert()
#5 C:\xampp\htdocs\litcal\system\BaseModel.php(839): CodeIgniter\Model->doInsert(Array)
#6 C:\xampp\htdocs\litcal\system\Model.php(800): CodeIgniter\BaseModel->insert(Array, false)
#7 C:\xampp\htdocs\litcal\system\BaseModel.php(750): CodeIgniter\Model->insert(Object(App\Entities\UserEntity), false)
#8 C:\xampp\htdocs\litcal\app\Models\UserModel.php(45): CodeIgniter\BaseModel->save(Object(App\Entities\UserEntity))
#9 C:\xampp\htdocs\litcal\app\Controllers\RegisterController.php(28): App\Models\UserModel->registerUser(Array)
#10 C:\xampp\htdocs\litcal\system\CodeIgniter.php(933): App\Controllers\RegisterController->register()
#11 C:\xampp\htdocs\litcal\system\CodeIgniter.php(509): CodeIgniter\CodeIgniter->runController(Object(App\Controllers\RegisterController))
#12 C:\xampp\htdocs\litcal\system\CodeIgniter.php(355): CodeIgniter\CodeIgniter->handleRequest(NULL, Object(Config\Cache), false)
#13 C:\xampp\htdocs\litcal\system\Boot.php(334): CodeIgniter\CodeIgniter->run()
#14 C:\xampp\htdocs\litcal\system\Boot.php(67): CodeIgniter\Boot::runCodeIgniter(Object(CodeIgniter\CodeIgniter))
#15 C:\xampp\htdocs\litcal\public\index.php(56): CodeIgniter\Boot::bootWeb(Object(Config\Paths))
#16 {main}
CRITICAL - 2025-02-14 20:31:50 --> CodeIgniter\Database\Exceptions\DatabaseException: Column 'status' cannot be null
[Method: POST, Route: register]
in SYSTEMPATH\Database\BaseConnection.php on line 688.
 1 SYSTEMPATH\Database\BaseBuilder.php(2340): CodeIgniter\Database\BaseConnection->query('INSERT INTO `user` (`pseudo`, `email`, `birthday`, `password`, `status`) VALUES (:pseudo:, :email:, :birthday:, :password:, :status:)', [...], false)
 2 SYSTEMPATH\Model.php(394): CodeIgniter\Database\BaseBuilder->insert()
 3 SYSTEMPATH\BaseModel.php(839): CodeIgniter\Model->doInsert([...])
 4 SYSTEMPATH\Model.php(800): CodeIgniter\BaseModel->insert([...], false)
 5 SYSTEMPATH\BaseModel.php(750): CodeIgniter\Model->insert(Object(App\Entities\UserEntity), false)
 6 APPPATH\Models\UserModel.php(45): CodeIgniter\BaseModel->save(Object(App\Entities\UserEntity))
 7 APPPATH\Controllers\RegisterController.php(28): App\Models\UserModel->registerUser([...])
 8 SYSTEMPATH\CodeIgniter.php(933): App\Controllers\RegisterController->register()
 9 SYSTEMPATH\CodeIgniter.php(509): CodeIgniter\CodeIgniter->runController(Object(App\Controllers\RegisterController))
10 SYSTEMPATH\CodeIgniter.php(355): CodeIgniter\CodeIgniter->handleRequest(null, Object(Config\Cache), false)
11 SYSTEMPATH\Boot.php(334): CodeIgniter\CodeIgniter->run()
12 SYSTEMPATH\Boot.php(67): CodeIgniter\Boot::runCodeIgniter(Object(CodeIgniter\CodeIgniter))
13 FCPATH\index.php(56): CodeIgniter\Boot::bootWeb(Object(Config\Paths))
CRITICAL - 2025-02-14 20:31:50 --> [Caused by] CodeIgniter\Database\Exceptions\DatabaseException: Column 'status' cannot be null
in SYSTEMPATH\Database\MySQLi\Connection.php on line 317.
 1 SYSTEMPATH\Database\BaseConnection.php(734): CodeIgniter\Database\MySQLi\Connection->execute('INSERT INTO `user` (`pseudo`, `email`, `birthday`, `password`, `status`) VALUES (\'MehdiSahnoun\', \'mehdi@sahnoun.be\', \'2001-01-27\', \'$2y$10$gkC5LS0uwVHsJLy3.dEr2uVJU2kXhZxLHgzJyP0Tm3XGtf1.Y3KkW\', NULL)')
 2 SYSTEMPATH\Database\BaseConnection.php(648): CodeIgniter\Database\BaseConnection->simpleQuery('INSERT INTO `user` (`pseudo`, `email`, `birthday`, `password`, `status`) VALUES (\'MehdiSahnoun\', \'mehdi@sahnoun.be\', \'2001-01-27\', \'$2y$10$gkC5LS0uwVHsJLy3.dEr2uVJU2kXhZxLHgzJyP0Tm3XGtf1.Y3KkW\', NULL)')
 3 SYSTEMPATH\Database\BaseBuilder.php(2340): CodeIgniter\Database\BaseConnection->query('INSERT INTO `user` (`pseudo`, `email`, `birthday`, `password`, `status`) VALUES (:pseudo:, :email:, :birthday:, :password:, :status:)', [...], false)
 4 SYSTEMPATH\Model.php(394): CodeIgniter\Database\BaseBuilder->insert()
 5 SYSTEMPATH\BaseModel.php(839): CodeIgniter\Model->doInsert([...])
 6 SYSTEMPATH\Model.php(800): CodeIgniter\BaseModel->insert([...], false)
 7 SYSTEMPATH\BaseModel.php(750): CodeIgniter\Model->insert(Object(App\Entities\UserEntity), false)
 8 APPPATH\Models\UserModel.php(45): CodeIgniter\BaseModel->save(Object(App\Entities\UserEntity))
 9 APPPATH\Controllers\RegisterController.php(28): App\Models\UserModel->registerUser([...])
10 SYSTEMPATH\CodeIgniter.php(933): App\Controllers\RegisterController->register()
11 SYSTEMPATH\CodeIgniter.php(509): CodeIgniter\CodeIgniter->runController(Object(App\Controllers\RegisterController))
12 SYSTEMPATH\CodeIgniter.php(355): CodeIgniter\CodeIgniter->handleRequest(null, Object(Config\Cache), false)
13 SYSTEMPATH\Boot.php(334): CodeIgniter\CodeIgniter->run()
14 SYSTEMPATH\Boot.php(67): CodeIgniter\Boot::runCodeIgniter(Object(CodeIgniter\CodeIgniter))
15 FCPATH\index.php(56): CodeIgniter\Boot::bootWeb(Object(Config\Paths))
CRITICAL - 2025-02-14 20:31:50 --> [Caused by] mysqli_sql_exception: Column 'status' cannot be null
in SYSTEMPATH\Database\MySQLi\Connection.php on line 312.
 1 SYSTEMPATH\Database\MySQLi\Connection.php(312): mysqli->query('INSERT INTO `user` (`pseudo`, `email`, `birthday`, `password`, `status`) VALUES (\'MehdiSahnoun\', \'mehdi@sahnoun.be\', \'2001-01-27\', \'$2y$10$gkC5LS0uwVHsJLy3.dEr2uVJU2kXhZxLHgzJyP0Tm3XGtf1.Y3KkW\', NULL)', 0)
 2 SYSTEMPATH\Database\BaseConnection.php(734): CodeIgniter\Database\MySQLi\Connection->execute('INSERT INTO `user` (`pseudo`, `email`, `birthday`, `password`, `status`) VALUES (\'MehdiSahnoun\', \'mehdi@sahnoun.be\', \'2001-01-27\', \'$2y$10$gkC5LS0uwVHsJLy3.dEr2uVJU2kXhZxLHgzJyP0Tm3XGtf1.Y3KkW\', NULL)')
 3 SYSTEMPATH\Database\BaseConnection.php(648): CodeIgniter\Database\BaseConnection->simpleQuery('INSERT INTO `user` (`pseudo`, `email`, `birthday`, `password`, `status`) VALUES (\'MehdiSahnoun\', \'mehdi@sahnoun.be\', \'2001-01-27\', \'$2y$10$gkC5LS0uwVHsJLy3.dEr2uVJU2kXhZxLHgzJyP0Tm3XGtf1.Y3KkW\', NULL)')
 4 SYSTEMPATH\Database\BaseBuilder.php(2340): CodeIgniter\Database\BaseConnection->query('INSERT INTO `user` (`pseudo`, `email`, `birthday`, `password`, `status`) VALUES (:pseudo:, :email:, :birthday:, :password:, :status:)', [...], false)
 5 SYSTEMPATH\Model.php(394): CodeIgniter\Database\BaseBuilder->insert()
 6 SYSTEMPATH\BaseModel.php(839): CodeIgniter\Model->doInsert([...])
 7 SYSTEMPATH\Model.php(800): CodeIgniter\BaseModel->insert([...], false)
 8 SYSTEMPATH\BaseModel.php(750): CodeIgniter\Model->insert(Object(App\Entities\UserEntity), false)
 9 APPPATH\Models\UserModel.php(45): CodeIgniter\BaseModel->save(Object(App\Entities\UserEntity))
10 APPPATH\Controllers\RegisterController.php(28): App\Models\UserModel->registerUser([...])
11 SYSTEMPATH\CodeIgniter.php(933): App\Controllers\RegisterController->register()
12 SYSTEMPATH\CodeIgniter.php(509): CodeIgniter\CodeIgniter->runController(Object(App\Controllers\RegisterController))
13 SYSTEMPATH\CodeIgniter.php(355): CodeIgniter\CodeIgniter->handleRequest(null, Object(Config\Cache), false)
14 SYSTEMPATH\Boot.php(334): CodeIgniter\CodeIgniter->run()
15 SYSTEMPATH\Boot.php(67): CodeIgniter\Boot::runCodeIgniter(Object(CodeIgniter\CodeIgniter))
16 FCPATH\index.php(56): CodeIgniter\Boot::bootWeb(Object(Config\Paths))
DEBUG - 2025-02-14 20:32:24 --> Session: Class initialized using 'CodeIgniter\Session\Handlers\FileHandler' driver.
DEBUG - 2025-02-14 20:32:26 --> Session: Class initialized using 'CodeIgniter\Session\Handlers\FileHandler' driver.
DEBUG - 2025-02-14 20:32:40 --> Session: Class initialized using 'CodeIgniter\Session\Handlers\FileHandler' driver.
DEBUG - 2025-02-14 20:32:41 --> Session: Class initialized using 'CodeIgniter\Session\Handlers\FileHandler' driver.
DEBUG - 2025-02-14 20:32:54 --> Session: Class initialized using 'CodeIgniter\Session\Handlers\FileHandler' driver.
DEBUG - 2025-02-14 20:32:54 --> Session: Class initialized using 'CodeIgniter\Session\Handlers\FileHandler' driver.
DEBUG - 2025-02-14 20:32:59 --> Session: Class initialized using 'CodeIgniter\Session\Handlers\FileHandler' driver.
DEBUG - 2025-02-14 20:33:06 --> Session: Class initialized using 'CodeIgniter\Session\Handlers\FileHandler' driver.
DEBUG - 2025-02-14 20:33:06 --> Session: Class initialized using 'CodeIgniter\Session\Handlers\FileHandler' driver.
DEBUG - 2025-02-14 20:38:40 --> Session: Class initialized using 'CodeIgniter\Session\Handlers\FileHandler' driver.
DEBUG - 2025-02-14 20:38:40 --> Session: Class initialized using 'CodeIgniter\Session\Handlers\FileHandler' driver.
DEBUG - 2025-02-14 20:38:44 --> Session: Class initialized using 'CodeIgniter\Session\Handlers\FileHandler' driver.
CRITICAL - 2025-02-14 20:39:03 --> Error: Class "APp\Models\AuthModel" not found
[Method: POST, Route: register]
in APPPATH\Controllers\RegisterController.php on line 33.
 1 SYSTEMPATH\CodeIgniter.php(933): App\Controllers\RegisterController->register()
 2 SYSTEMPATH\CodeIgniter.php(509): CodeIgniter\CodeIgniter->runController(Object(App\Controllers\RegisterController))
 3 SYSTEMPATH\CodeIgniter.php(355): CodeIgniter\CodeIgniter->handleRequest(null, Object(Config\Cache), false)
 4 SYSTEMPATH\Boot.php(334): CodeIgniter\CodeIgniter->run()
 5 SYSTEMPATH\Boot.php(67): CodeIgniter\Boot::runCodeIgniter(Object(CodeIgniter\CodeIgniter))
 6 FCPATH\index.php(56): CodeIgniter\Boot::bootWeb(Object(Config\Paths))
DEBUG - 2025-02-14 20:39:12 --> Session: Class initialized using 'CodeIgniter\Session\Handlers\FileHandler' driver.
DEBUG - 2025-02-14 20:39:12 --> Session: Class initialized using 'CodeIgniter\Session\Handlers\FileHandler' driver.
DEBUG - 2025-02-14 20:40:15 --> Session: Class initialized using 'CodeIgniter\Session\Handlers\FileHandler' driver.
DEBUG - 2025-02-14 20:40:15 --> Session: Class initialized using 'CodeIgniter\Session\Handlers\FileHandler' driver.
DEBUG - 2025-02-14 20:40:20 --> Session: Class initialized using 'CodeIgniter\Session\Handlers\FileHandler' driver.
DEBUG - 2025-02-14 20:40:31 --> Session: Class initialized using 'CodeIgniter\Session\Handlers\FileHandler' driver.
DEBUG - 2025-02-14 20:40:31 --> Session: Class initialized using 'CodeIgniter\Session\Handlers\FileHandler' driver.
DEBUG - 2025-02-14 20:41:54 --> Session: Class initialized using 'CodeIgniter\Session\Handlers\FileHandler' driver.
DEBUG - 2025-02-14 20:41:54 --> Session: Class initialized using 'CodeIgniter\Session\Handlers\FileHandler' driver.
DEBUG - 2025-02-14 20:41:57 --> Session: Class initialized using 'CodeIgniter\Session\Handlers\FileHandler' driver.
DEBUG - 2025-02-14 20:42:16 --> Session: Class initialized using 'CodeIgniter\Session\Handlers\FileHandler' driver.
DEBUG - 2025-02-14 20:42:16 --> Session: Class initialized using 'CodeIgniter\Session\Handlers\FileHandler' driver.
DEBUG - 2025-02-14 20:42:23 --> Session: Class initialized using 'CodeIgniter\Session\Handlers\FileHandler' driver.
DEBUG - 2025-02-14 20:45:53 --> Session: Class initialized using 'CodeIgniter\Session\Handlers\FileHandler' driver.
DEBUG - 2025-02-14 20:46:22 --> Session: Class initialized using 'CodeIgniter\Session\Handlers\FileHandler' driver.
DEBUG - 2025-02-14 20:46:22 --> Session: Class initialized using 'CodeIgniter\Session\Handlers\FileHandler' driver.
DEBUG - 2025-02-14 20:47:24 --> Session: Class initialized using 'CodeIgniter\Session\Handlers\FileHandler' driver.
DEBUG - 2025-02-14 20:47:25 --> Session: Class initialized using 'CodeIgniter\Session\Handlers\FileHandler' driver.
DEBUG - 2025-02-14 20:47:28 --> Session: Class initialized using 'CodeIgniter\Session\Handlers\FileHandler' driver.
DEBUG - 2025-02-14 20:48:20 --> Session: Class initialized using 'CodeIgniter\Session\Handlers\FileHandler' driver.
DEBUG - 2025-02-14 20:48:20 --> Session: Class initialized using 'CodeIgniter\Session\Handlers\FileHandler' driver.
CRITICAL - 2025-02-14 20:48:20 --> ErrorException: foreach() argument must be of type array|object, string given
[Method: GET, Route: register]
in APPPATH\Views\register.php on line 11.
 1 APPPATH\Views\register.php(11): CodeIgniter\Debug\Exceptions->errorHandler(2, 'foreach() argument must be of type array|object, string given', 'C:\\xampp\\htdocs\\litcal\\app\\Views\\register.php', 11)
 2 SYSTEMPATH\View\View.php(234): include('C:\\xampp\\htdocs\\litcal\\app\\Views\\register.php')
 3 SYSTEMPATH\View\View.php(237): CodeIgniter\View\View->CodeIgniter\View\{closure}()
 4 SYSTEMPATH\Common.php(1171): CodeIgniter\View\View->render('register', [], true)
 5 APPPATH\Controllers\RegisterController.php(16): view('register', [...])
 6 SYSTEMPATH\CodeIgniter.php(933): App\Controllers\RegisterController->register()
 7 SYSTEMPATH\CodeIgniter.php(509): CodeIgniter\CodeIgniter->runController(Object(App\Controllers\RegisterController))
 8 SYSTEMPATH\CodeIgniter.php(355): CodeIgniter\CodeIgniter->handleRequest(null, Object(Config\Cache), false)
 9 SYSTEMPATH\Boot.php(334): CodeIgniter\CodeIgniter->run()
10 SYSTEMPATH\Boot.php(67): CodeIgniter\Boot::runCodeIgniter(Object(CodeIgniter\CodeIgniter))
11 FCPATH\index.php(56): CodeIgniter\Boot::bootWeb(Object(Config\Paths))
DEBUG - 2025-02-14 20:48:28 --> Session: Class initialized using 'CodeIgniter\Session\Handlers\FileHandler' driver.
DEBUG - 2025-02-14 20:48:31 --> Session: Class initialized using 'CodeIgniter\Session\Handlers\FileHandler' driver.
DEBUG - 2025-02-14 20:48:32 --> Session: Class initialized using 'CodeIgniter\Session\Handlers\FileHandler' driver.
DEBUG - 2025-02-14 20:48:49 --> Session: Class initialized using 'CodeIgniter\Session\Handlers\FileHandler' driver.
DEBUG - 2025-02-14 20:48:49 --> Session: Class initialized using 'CodeIgniter\Session\Handlers\FileHandler' driver.
DEBUG - 2025-02-14 20:49:12 --> Session: Class initialized using 'CodeIgniter\Session\Handlers\FileHandler' driver.
DEBUG - 2025-02-14 20:49:17 --> Session: Class initialized using 'CodeIgniter\Session\Handlers\FileHandler' driver.
DEBUG - 2025-02-14 20:49:17 --> Session: Class initialized using 'CodeIgniter\Session\Handlers\FileHandler' driver.
DEBUG - 2025-02-14 20:52:39 --> Session: Class initialized using 'CodeIgniter\Session\Handlers\FileHandler' driver.
DEBUG - 2025-02-14 20:52:44 --> Session: Class initialized using 'CodeIgniter\Session\Handlers\FileHandler' driver.
DEBUG - 2025-02-14 20:52:44 --> Session: Class initialized using 'CodeIgniter\Session\Handlers\FileHandler' driver.
DEBUG - 2025-02-14 20:55:30 --> Session: Class initialized using 'CodeIgniter\Session\Handlers\FileHandler' driver.
DEBUG - 2025-02-14 20:55:35 --> Session: Class initialized using 'CodeIgniter\Session\Handlers\FileHandler' driver.
DEBUG - 2025-02-14 20:55:35 --> Session: Class initialized using 'CodeIgniter\Session\Handlers\FileHandler' driver.
DEBUG - 2025-02-14 20:56:06 --> Session: Class initialized using 'CodeIgniter\Session\Handlers\FileHandler' driver.
DEBUG - 2025-02-14 20:56:06 --> Session: Class initialized using 'CodeIgniter\Session\Handlers\FileHandler' driver.
DEBUG - 2025-02-14 20:56:26 --> Session: Class initialized using 'CodeIgniter\Session\Handlers\FileHandler' driver.
DEBUG - 2025-02-14 20:56:27 --> Session: Class initialized using 'CodeIgniter\Session\Handlers\FileHandler' driver.
DEBUG - 2025-02-14 20:56:41 --> Session: Class initialized using 'CodeIgniter\Session\Handlers\FileHandler' driver.
DEBUG - 2025-02-14 20:56:41 --> Session: Class initialized using 'CodeIgniter\Session\Handlers\FileHandler' driver.
DEBUG - 2025-02-14 21:08:58 --> Session: Class initialized using 'CodeIgniter\Session\Handlers\FileHandler' driver.
DEBUG - 2025-02-14 21:09:08 --> Session: Class initialized using 'CodeIgniter\Session\Handlers\FileHandler' driver.
DEBUG - 2025-02-14 21:09:09 --> Session: Class initialized using 'CodeIgniter\Session\Handlers\FileHandler' driver.
DEBUG - 2025-02-14 21:09:44 --> Session: Class initialized using 'CodeIgniter\Session\Handlers\FileHandler' driver.
DEBUG - 2025-02-14 21:09:51 --> Session: Class initialized using 'CodeIgniter\Session\Handlers\FileHandler' driver.
DEBUG - 2025-02-14 21:09:51 --> Session: Class initialized using 'CodeIgniter\Session\Handlers\FileHandler' driver.
DEBUG - 2025-02-14 21:10:02 --> Session: Class initialized using 'CodeIgniter\Session\Handlers\FileHandler' driver.
DEBUG - 2025-02-14 21:10:02 --> Session: Class initialized using 'CodeIgniter\Session\Handlers\FileHandler' driver.
DEBUG - 2025-02-14 21:10:12 --> Session: Class initialized using 'CodeIgniter\Session\Handlers\FileHandler' driver.
DEBUG - 2025-02-14 21:10:13 --> Session: Class initialized using 'CodeIgniter\Session\Handlers\FileHandler' driver.
DEBUG - 2025-02-14 21:11:41 --> Session: Class initialized using 'CodeIgniter\Session\Handlers\FileHandler' driver.
CRITICAL - 2025-02-14 21:11:42 --> CodeIgniter\Validation\Exceptions\ValidationException: "check_old_password" is not a valid rule.
[Method: POST, Route: user/update/14]
in SYSTEMPATH\Validation\Validation.php on line 347.
 1 SYSTEMPATH\Validation\Validation.php(347): CodeIgniter\Validation\Exceptions\ValidationException::forRuleNotFound('check_old_password')
 2 SYSTEMPATH\Validation\Validation.php(203): CodeIgniter\Validation\Validation->processRules('OldPassword', 'OldPassword', null, [...], [...], 'OldPassword')
 3 APPPATH\Models\UserModel.php(73): CodeIgniter\Validation\Validation->run([...])
 4 APPPATH\Controllers\UserController.php(91): App\Models\UserModel->saveProfileChanges('14', [...])
 5 SYSTEMPATH\CodeIgniter.php(933): App\Controllers\UserController->updateProfile('14')
 6 SYSTEMPATH\CodeIgniter.php(509): CodeIgniter\CodeIgniter->runController(Object(App\Controllers\UserController))
 7 SYSTEMPATH\CodeIgniter.php(355): CodeIgniter\CodeIgniter->handleRequest(null, Object(Config\Cache), false)
 8 SYSTEMPATH\Boot.php(334): CodeIgniter\CodeIgniter->run()
 9 SYSTEMPATH\Boot.php(67): CodeIgniter\Boot::runCodeIgniter(Object(CodeIgniter\CodeIgniter))
10 FCPATH\index.php(56): CodeIgniter\Boot::bootWeb(Object(Config\Paths))
DEBUG - 2025-02-14 21:12:28 --> Session: Class initialized using 'CodeIgniter\Session\Handlers\FileHandler' driver.
DEBUG - 2025-02-14 21:12:35 --> Session: Class initialized using 'CodeIgniter\Session\Handlers\FileHandler' driver.
CRITICAL - 2025-02-14 21:12:35 --> TypeError: App\Validation\CustomRules::check_old_password(): Argument #1 ($str) must be of type string, null given, called in C:\xampp\htdocs\litcal\system\Validation\Validation.php on line 337
[Method: POST, Route: user/update/14]
in APPPATH\Validation\CustomRules.php on line 10.
 1 SYSTEMPATH\Validation\Validation.php(337): App\Validation\CustomRules->check_old_password(null, null)
 2 SYSTEMPATH\Validation\Validation.php(203): CodeIgniter\Validation\Validation->processRules('OldPassword', 'OldPassword', null, [...], [...], 'OldPassword')
 3 APPPATH\Models\UserModel.php(73): CodeIgniter\Validation\Validation->run([...])
 4 APPPATH\Controllers\UserController.php(91): App\Models\UserModel->saveProfileChanges('14', [...])
 5 SYSTEMPATH\CodeIgniter.php(933): App\Controllers\UserController->updateProfile('14')
 6 SYSTEMPATH\CodeIgniter.php(509): CodeIgniter\CodeIgniter->runController(Object(App\Controllers\UserController))
 7 SYSTEMPATH\CodeIgniter.php(355): CodeIgniter\CodeIgniter->handleRequest(null, Object(Config\Cache), false)
 8 SYSTEMPATH\Boot.php(334): CodeIgniter\CodeIgniter->run()
 9 SYSTEMPATH\Boot.php(67): CodeIgniter\Boot::runCodeIgniter(Object(CodeIgniter\CodeIgniter))
10 FCPATH\index.php(56): CodeIgniter\Boot::bootWeb(Object(Config\Paths))
DEBUG - 2025-02-14 21:13:49 --> Session: Class initialized using 'CodeIgniter\Session\Handlers\FileHandler' driver.
DEBUG - 2025-02-14 21:13:57 --> Session: Class initialized using 'CodeIgniter\Session\Handlers\FileHandler' driver.
CRITICAL - 2025-02-14 21:13:57 --> TypeError: App\Validation\CustomRules::check_old_password(): Argument #2 ($fields) must be of type string, null given, called in C:\xampp\htdocs\litcal\system\Validation\Validation.php on line 337
[Method: POST, Route: user/update/14]
in APPPATH\Validation\CustomRules.php on line 10.
 1 SYSTEMPATH\Validation\Validation.php(337): App\Validation\CustomRules->check_old_password(null, null)
 2 SYSTEMPATH\Validation\Validation.php(203): CodeIgniter\Validation\Validation->processRules('OldPassword', 'OldPassword', null, [...], [...], 'OldPassword')
 3 APPPATH\Models\UserModel.php(73): CodeIgniter\Validation\Validation->run([...])
 4 APPPATH\Controllers\UserController.php(91): App\Models\UserModel->saveProfileChanges('14', [...])
 5 SYSTEMPATH\CodeIgniter.php(933): App\Controllers\UserController->updateProfile('14')
 6 SYSTEMPATH\CodeIgniter.php(509): CodeIgniter\CodeIgniter->runController(Object(App\Controllers\UserController))
 7 SYSTEMPATH\CodeIgniter.php(355): CodeIgniter\CodeIgniter->handleRequest(null, Object(Config\Cache), false)
 8 SYSTEMPATH\Boot.php(334): CodeIgniter\CodeIgniter->run()
 9 SYSTEMPATH\Boot.php(67): CodeIgniter\Boot::runCodeIgniter(Object(CodeIgniter\CodeIgniter))
10 FCPATH\index.php(56): CodeIgniter\Boot::bootWeb(Object(Config\Paths))
DEBUG - 2025-02-14 21:14:44 --> Session: Class initialized using 'CodeIgniter\Session\Handlers\FileHandler' driver.
DEBUG - 2025-02-14 21:14:46 --> Session: Class initialized using 'CodeIgniter\Session\Handlers\FileHandler' driver.
DEBUG - 2025-02-14 21:14:52 --> Session: Class initialized using 'CodeIgniter\Session\Handlers\FileHandler' driver.
CRITICAL - 2025-02-14 21:14:52 --> ArgumentCountError: Too few arguments to function App\Validation\CustomRules::check_old_password(), 2 passed in C:\xampp\htdocs\litcal\system\Validation\Validation.php on line 337 and exactly 3 expected
[Method: POST, Route: user/update/14]
in APPPATH\Validation\CustomRules.php on line 10.
 1 SYSTEMPATH\Validation\Validation.php(337): App\Validation\CustomRules->check_old_password(null, null)
 2 SYSTEMPATH\Validation\Validation.php(203): CodeIgniter\Validation\Validation->processRules('OldPassword', 'OldPassword', null, [...], [...], 'OldPassword')
 3 APPPATH\Models\UserModel.php(73): CodeIgniter\Validation\Validation->run([...])
 4 APPPATH\Controllers\UserController.php(91): App\Models\UserModel->saveProfileChanges('14', [...])
 5 SYSTEMPATH\CodeIgniter.php(933): App\Controllers\UserController->updateProfile('14')
 6 SYSTEMPATH\CodeIgniter.php(509): CodeIgniter\CodeIgniter->runController(Object(App\Controllers\UserController))
 7 SYSTEMPATH\CodeIgniter.php(355): CodeIgniter\CodeIgniter->handleRequest(null, Object(Config\Cache), false)
 8 SYSTEMPATH\Boot.php(334): CodeIgniter\CodeIgniter->run()
 9 SYSTEMPATH\Boot.php(67): CodeIgniter\Boot::runCodeIgniter(Object(CodeIgniter\CodeIgniter))
10 FCPATH\index.php(56): CodeIgniter\Boot::bootWeb(Object(Config\Paths))
DEBUG - 2025-02-14 21:15:58 --> Session: Class initialized using 'CodeIgniter\Session\Handlers\FileHandler' driver.
DEBUG - 2025-02-14 21:16:05 --> Session: Class initialized using 'CodeIgniter\Session\Handlers\FileHandler' driver.
DEBUG - 2025-02-14 21:16:05 --> Session: Class initialized using 'CodeIgniter\Session\Handlers\FileHandler' driver.
DEBUG - 2025-02-14 21:16:19 --> Session: Class initialized using 'CodeIgniter\Session\Handlers\FileHandler' driver.
DEBUG - 2025-02-14 21:16:20 --> Session: Class initialized using 'CodeIgniter\Session\Handlers\FileHandler' driver.
DEBUG - 2025-02-14 21:18:12 --> Session: Class initialized using 'CodeIgniter\Session\Handlers\FileHandler' driver.
DEBUG - 2025-02-14 21:18:13 --> Session: Class initialized using 'CodeIgniter\Session\Handlers\FileHandler' driver.
DEBUG - 2025-02-14 21:18:17 --> Session: Class initialized using 'CodeIgniter\Session\Handlers\FileHandler' driver.
DEBUG - 2025-02-14 21:18:45 --> Session: Class initialized using 'CodeIgniter\Session\Handlers\FileHandler' driver.
DEBUG - 2025-02-14 21:18:46 --> Session: Class initialized using 'CodeIgniter\Session\Handlers\FileHandler' driver.
DEBUG - 2025-02-14 21:18:51 --> Session: Class initialized using 'CodeIgniter\Session\Handlers\FileHandler' driver.
DEBUG - 2025-02-14 21:19:01 --> Session: Class initialized using 'CodeIgniter\Session\Handlers\FileHandler' driver.
DEBUG - 2025-02-14 21:19:02 --> Session: Class initialized using 'CodeIgniter\Session\Handlers\FileHandler' driver.
DEBUG - 2025-02-14 21:21:42 --> Session: Class initialized using 'CodeIgniter\Session\Handlers\FileHandler' driver.
DEBUG - 2025-02-14 21:21:47 --> Session: Class initialized using 'CodeIgniter\Session\Handlers\FileHandler' driver.
DEBUG - 2025-02-14 21:21:48 --> Session: Class initialized using 'CodeIgniter\Session\Handlers\FileHandler' driver.
DEBUG - 2025-02-14 21:22:12 --> Session: Class initialized using 'CodeIgniter\Session\Handlers\FileHandler' driver.
DEBUG - 2025-02-14 21:22:12 --> Session: Class initialized using 'CodeIgniter\Session\Handlers\FileHandler' driver.
DEBUG - 2025-02-14 21:22:14 --> Session: Class initialized using 'CodeIgniter\Session\Handlers\FileHandler' driver.
DEBUG - 2025-02-14 21:22:18 --> Session: Class initialized using 'CodeIgniter\Session\Handlers\FileHandler' driver.
DEBUG - 2025-02-14 21:22:21 --> Session: Class initialized using 'CodeIgniter\Session\Handlers\FileHandler' driver.
DEBUG - 2025-02-14 21:22:22 --> Session: Class initialized using 'CodeIgniter\Session\Handlers\FileHandler' driver.
DEBUG - 2025-02-14 21:23:34 --> Session: Class initialized using 'CodeIgniter\Session\Handlers\FileHandler' driver.
DEBUG - 2025-02-14 21:23:35 --> Session: Class initialized using 'CodeIgniter\Session\Handlers\FileHandler' driver.
DEBUG - 2025-02-14 21:23:59 --> Session: Class initialized using 'CodeIgniter\Session\Handlers\FileHandler' driver.
DEBUG - 2025-02-14 21:24:03 --> Session: Class initialized using 'CodeIgniter\Session\Handlers\FileHandler' driver.
DEBUG - 2025-02-14 21:24:04 --> Session: Class initialized using 'CodeIgniter\Session\Handlers\FileHandler' driver.
DEBUG - 2025-02-14 21:24:15 --> Session: Class initialized using 'CodeIgniter\Session\Handlers\FileHandler' driver.
DEBUG - 2025-02-14 21:24:16 --> Session: Class initialized using 'CodeIgniter\Session\Handlers\FileHandler' driver.
DEBUG - 2025-02-14 21:24:20 --> Session: Class initialized using 'CodeIgniter\Session\Handlers\FileHandler' driver.
DEBUG - 2025-02-14 21:24:20 --> Session: Class initialized using 'CodeIgniter\Session\Handlers\FileHandler' driver.
DEBUG - 2025-02-14 21:24:28 --> Session: Class initialized using 'CodeIgniter\Session\Handlers\FileHandler' driver.
DEBUG - 2025-02-14 21:24:28 --> Session: Class initialized using 'CodeIgniter\Session\Handlers\FileHandler' driver.
DEBUG - 2025-02-14 21:26:06 --> Session: Class initialized using 'CodeIgniter\Session\Handlers\FileHandler' driver.
DEBUG - 2025-02-14 21:26:06 --> Session: Class initialized using 'CodeIgniter\Session\Handlers\FileHandler' driver.
DEBUG - 2025-02-14 21:26:11 --> Session: Class initialized using 'CodeIgniter\Session\Handlers\FileHandler' driver.
DEBUG - 2025-02-14 21:26:11 --> Session: Class initialized using 'CodeIgniter\Session\Handlers\FileHandler' driver.
DEBUG - 2025-02-14 21:26:18 --> Session: Class initialized using 'CodeIgniter\Session\Handlers\FileHandler' driver.
DEBUG - 2025-02-14 21:31:46 --> Session: Class initialized using 'CodeIgniter\Session\Handlers\FileHandler' driver.
DEBUG - 2025-02-14 21:31:46 --> Session: Class initialized using 'CodeIgniter\Session\Handlers\FileHandler' driver.
DEBUG - 2025-02-14 21:31:54 --> Session: Class initialized using 'CodeIgniter\Session\Handlers\FileHandler' driver.
DEBUG - 2025-02-14 21:31:54 --> Session: Class initialized using 'CodeIgniter\Session\Handlers\FileHandler' driver.
DEBUG - 2025-02-14 21:32:14 --> Session: Class initialized using 'CodeIgniter\Session\Handlers\FileHandler' driver.
DEBUG - 2025-02-14 21:32:14 --> Session: Class initialized using 'CodeIgniter\Session\Handlers\FileHandler' driver.
DEBUG - 2025-02-14 21:32:28 --> Session: Class initialized using 'CodeIgniter\Session\Handlers\FileHandler' driver.
DEBUG - 2025-02-14 21:32:28 --> Session: Class initialized using 'CodeIgniter\Session\Handlers\FileHandler' driver.
DEBUG - 2025-02-14 21:32:32 --> Session: Class initialized using 'CodeIgniter\Session\Handlers\FileHandler' driver.
DEBUG - 2025-02-14 21:32:32 --> Session: Class initialized using 'CodeIgniter\Session\Handlers\FileHandler' driver.
DEBUG - 2025-02-14 21:32:40 --> Session: Class initialized using 'CodeIgniter\Session\Handlers\FileHandler' driver.
DEBUG - 2025-02-14 21:32:40 --> Session: Class initialized using 'CodeIgniter\Session\Handlers\FileHandler' driver.
DEBUG - 2025-02-14 21:32:48 --> Session: Class initialized using 'CodeIgniter\Session\Handlers\FileHandler' driver.
DEBUG - 2025-02-14 21:32:48 --> Session: Class initialized using 'CodeIgniter\Session\Handlers\FileHandler' driver.
DEBUG - 2025-02-14 21:32:53 --> Session: Class initialized using 'CodeIgniter\Session\Handlers\FileHandler' driver.
DEBUG - 2025-02-14 21:32:53 --> Session: Class initialized using 'CodeIgniter\Session\Handlers\FileHandler' driver.
DEBUG - 2025-02-14 21:32:57 --> Session: Class initialized using 'CodeIgniter\Session\Handlers\FileHandler' driver.
DEBUG - 2025-02-14 21:32:57 --> Session: Class initialized using 'CodeIgniter\Session\Handlers\FileHandler' driver.
DEBUG - 2025-02-14 21:36:31 --> Session: Class initialized using 'CodeIgniter\Session\Handlers\FileHandler' driver.
DEBUG - 2025-02-14 21:36:32 --> Session: Class initialized using 'CodeIgniter\Session\Handlers\FileHandler' driver.
DEBUG - 2025-02-14 21:36:47 --> Session: Class initialized using 'CodeIgniter\Session\Handlers\FileHandler' driver.
DEBUG - 2025-02-14 21:36:47 --> Session: Class initialized using 'CodeIgniter\Session\Handlers\FileHandler' driver.
DEBUG - 2025-02-14 21:38:29 --> Session: Class initialized using 'CodeIgniter\Session\Handlers\FileHandler' driver.
DEBUG - 2025-02-14 21:38:43 --> Session: Class initialized using 'CodeIgniter\Session\Handlers\FileHandler' driver.
DEBUG - 2025-02-14 21:38:43 --> Session: Class initialized using 'CodeIgniter\Session\Handlers\FileHandler' driver.
DEBUG - 2025-02-14 21:39:02 --> Session: Class initialized using 'CodeIgniter\Session\Handlers\FileHandler' driver.
DEBUG - 2025-02-14 21:39:02 --> Session: Class initialized using 'CodeIgniter\Session\Handlers\FileHandler' driver.
DEBUG - 2025-02-14 21:56:19 --> Session: Class initialized using 'CodeIgniter\Session\Handlers\FileHandler' driver.
DEBUG - 2025-02-14 21:56:19 --> Session: Class initialized using 'CodeIgniter\Session\Handlers\FileHandler' driver.
DEBUG - 2025-02-14 21:56:22 --> Session: Class initialized using 'CodeIgniter\Session\Handlers\FileHandler' driver.
DEBUG - 2025-02-14 21:57:53 --> Session: Class initialized using 'CodeIgniter\Session\Handlers\FileHandler' driver.
DEBUG - 2025-02-14 21:58:04 --> Session: Class initialized using 'CodeIgniter\Session\Handlers\FileHandler' driver.
DEBUG - 2025-02-14 21:58:04 --> Session: Class initialized using 'CodeIgniter\Session\Handlers\FileHandler' driver.
DEBUG - 2025-02-14 21:58:06 --> Session: Class initialized using 'CodeIgniter\Session\Handlers\FileHandler' driver.
DEBUG - 2025-02-14 22:04:14 --> Session: Class initialized using 'CodeIgniter\Session\Handlers\FileHandler' driver.
DEBUG - 2025-02-14 22:04:14 --> Session: Class initialized using 'CodeIgniter\Session\Handlers\FileHandler' driver.
DEBUG - 2025-02-14 22:04:16 --> Session: Class initialized using 'CodeIgniter\Session\Handlers\FileHandler' driver.
DEBUG - 2025-02-14 22:04:50 --> Session: Class initialized using 'CodeIgniter\Session\Handlers\FileHandler' driver.
DEBUG - 2025-02-14 22:04:50 --> Session: Class initialized using 'CodeIgniter\Session\Handlers\FileHandler' driver.
DEBUG - 2025-02-14 22:22:59 --> Session: Class initialized using 'CodeIgniter\Session\Handlers\FileHandler' driver.
DEBUG - 2025-02-14 22:23:01 --> Session: Class initialized using 'CodeIgniter\Session\Handlers\FileHandler' driver.
DEBUG - 2025-02-14 22:23:01 --> Session: Class initialized using 'CodeIgniter\Session\Handlers\FileHandler' driver.
DEBUG - 2025-02-14 22:23:06 --> Session: Class initialized using 'CodeIgniter\Session\Handlers\FileHandler' driver.
DEBUG - 2025-02-14 22:23:06 --> Session: Class initialized using 'CodeIgniter\Session\Handlers\FileHandler' driver.
DEBUG - 2025-02-14 22:23:21 --> Session: Class initialized using 'CodeIgniter\Session\Handlers\FileHandler' driver.
DEBUG - 2025-02-14 22:23:24 --> Session: Class initialized using 'CodeIgniter\Session\Handlers\FileHandler' driver.
DEBUG - 2025-02-14 22:23:26 --> Session: Class initialized using 'CodeIgniter\Session\Handlers\FileHandler' driver.
DEBUG - 2025-02-14 22:26:30 --> Session: Class initialized using 'CodeIgniter\Session\Handlers\FileHandler' driver.
DEBUG - 2025-02-14 22:28:31 --> Session: Class initialized using 'CodeIgniter\Session\Handlers\FileHandler' driver.
DEBUG - 2025-02-14 22:34:00 --> Session: Class initialized using 'CodeIgniter\Session\Handlers\FileHandler' driver.
DEBUG - 2025-02-14 22:35:00 --> Session: Class initialized using 'CodeIgniter\Session\Handlers\FileHandler' driver.
DEBUG - 2025-02-14 22:36:06 --> Session: Class initialized using 'CodeIgniter\Session\Handlers\FileHandler' driver.
DEBUG - 2025-02-14 22:36:07 --> Session: Class initialized using 'CodeIgniter\Session\Handlers\FileHandler' driver.
DEBUG - 2025-02-14 22:42:13 --> Session: Class initialized using 'CodeIgniter\Session\Handlers\FileHandler' driver.
DEBUG - 2025-02-14 22:42:52 --> Session: Class initialized using 'CodeIgniter\Session\Handlers\FileHandler' driver.
DEBUG - 2025-02-14 22:42:52 --> Session: Class initialized using 'CodeIgniter\Session\Handlers\FileHandler' driver.
DEBUG - 2025-02-14 23:00:30 --> Session: Class initialized using 'CodeIgniter\Session\Handlers\FileHandler' driver.
DEBUG - 2025-02-14 23:00:30 --> Session: Class initialized using 'CodeIgniter\Session\Handlers\FileHandler' driver.
DEBUG - 2025-02-14 23:00:35 --> Session: Class initialized using 'CodeIgniter\Session\Handlers\FileHandler' driver.
DEBUG - 2025-02-14 23:00:35 --> Session: Class initialized using 'CodeIgniter\Session\Handlers\FileHandler' driver.
DEBUG - 2025-02-14 23:01:03 --> Session: Class initialized using 'CodeIgniter\Session\Handlers\FileHandler' driver.
DEBUG - 2025-02-14 23:04:03 --> Session: Class initialized using 'CodeIgniter\Session\Handlers\FileHandler' driver.
DEBUG - 2025-02-14 23:04:03 --> Session: Class initialized using 'CodeIgniter\Session\Handlers\FileHandler' driver.
DEBUG - 2025-02-14 23:14:41 --> Session: Class initialized using 'CodeIgniter\Session\Handlers\FileHandler' driver.
DEBUG - 2025-02-14 23:14:41 --> Session: Class initialized using 'CodeIgniter\Session\Handlers\FileHandler' driver.
DEBUG - 2025-02-14 23:16:05 --> Session: Class initialized using 'CodeIgniter\Session\Handlers\FileHandler' driver.
CRITICAL - 2025-02-14 23:16:12 --> ErrorException: Trying to access array offset on value of type bool
[Method: POST, Route: dashboard/roles/add]
in APPPATH\Controllers\RoleController.php on line 38.
 1 APPPATH\Controllers\RoleController.php(38): CodeIgniter\Debug\Exceptions->errorHandler(2, 'Trying to access array offset on value of type bool', 'C:\\xampp\\htdocs\\litcal\\app\\Controllers\\RoleController.php', 38)
 2 SYSTEMPATH\CodeIgniter.php(933): App\Controllers\RoleController->addRole()
 3 SYSTEMPATH\CodeIgniter.php(509): CodeIgniter\CodeIgniter->runController(Object(App\Controllers\RoleController))
 4 SYSTEMPATH\CodeIgniter.php(355): CodeIgniter\CodeIgniter->handleRequest(null, Object(Config\Cache), false)
 5 SYSTEMPATH\Boot.php(334): CodeIgniter\CodeIgniter->run()
 6 SYSTEMPATH\Boot.php(67): CodeIgniter\Boot::runCodeIgniter(Object(CodeIgniter\CodeIgniter))
 7 FCPATH\index.php(56): CodeIgniter\Boot::bootWeb(Object(Config\Paths))
DEBUG - 2025-02-14 23:17:58 --> Session: Class initialized using 'CodeIgniter\Session\Handlers\FileHandler' driver.
DEBUG - 2025-02-14 23:17:58 --> Session: Class initialized using 'CodeIgniter\Session\Handlers\FileHandler' driver.
DEBUG - 2025-02-14 23:35:32 --> Session: Class initialized using 'CodeIgniter\Session\Handlers\FileHandler' driver.
CRITICAL - 2025-02-14 23:35:53 --> TypeError: App\Models\ValidateFieldModel::validateField(): Argument #3 ($field) must be of type string, array given, called in C:\xampp\htdocs\litcal\app\Models\SubGenreModel.php on line 31
[Method: POST, Route: dashboard/subgenres/update]
in APPPATH\Models\ValidateFieldModel.php on line 10.
 1 APPPATH\Models\SubGenreModel.php(31): App\Models\ValidateFieldModel->validateField([...], [...], [...], 'subgenreName', null)
 2 APPPATH\Models\SubGenreModel.php(62): App\Models\SubGenreModel->validateSubGenre([...], 'subgenreName')
 3 APPPATH\Controllers\SubGenreController.php(17): App\Models\SubGenreModel->updateSubGenre('1', 'subgenreName', 'High Fantasys')
 4 SYSTEMPATH\CodeIgniter.php(933): App\Controllers\SubGenreController->updateSubGenre()
 5 SYSTEMPATH\CodeIgniter.php(509): CodeIgniter\CodeIgniter->runController(Object(App\Controllers\SubGenreController))
 6 SYSTEMPATH\CodeIgniter.php(355): CodeIgniter\CodeIgniter->handleRequest(null, Object(Config\Cache), false)
 7 SYSTEMPATH\Boot.php(334): CodeIgniter\CodeIgniter->run()
 8 SYSTEMPATH\Boot.php(67): CodeIgniter\Boot::runCodeIgniter(Object(CodeIgniter\CodeIgniter))
 9 FCPATH\index.php(56): CodeIgniter\Boot::bootWeb(Object(Config\Paths))
DEBUG - 2025-02-14 23:45:10 --> Session: Class initialized using 'CodeIgniter\Session\Handlers\FileHandler' driver.
CRITICAL - 2025-02-14 23:45:20 --> TypeError: App\Models\ValidateFieldModel::validateField(): Argument #3 ($field) must be of type string, array given, called in C:\xampp\htdocs\litcal\app\Models\SubGenreModel.php on line 31
[Method: POST, Route: dashboard/subgenres/update]
in APPPATH\Models\ValidateFieldModel.php on line 10.
 1 APPPATH\Models\SubGenreModel.php(31): App\Models\ValidateFieldModel->validateField([...], [...], [...], 'subgenreName', null)
 2 APPPATH\Models\SubGenreModel.php(62): App\Models\SubGenreModel->validateSubGenre([...], 'subgenreName')
 3 APPPATH\Controllers\SubGenreController.php(17): App\Models\SubGenreModel->updateSubGenre('1', 'subgenreName', 'High Fantasys')
 4 SYSTEMPATH\CodeIgniter.php(933): App\Controllers\SubGenreController->updateSubGenre()
 5 SYSTEMPATH\CodeIgniter.php(509): CodeIgniter\CodeIgniter->runController(Object(App\Controllers\SubGenreController))
 6 SYSTEMPATH\CodeIgniter.php(355): CodeIgniter\CodeIgniter->handleRequest(null, Object(Config\Cache), false)
 7 SYSTEMPATH\Boot.php(334): CodeIgniter\CodeIgniter->run()
 8 SYSTEMPATH\Boot.php(67): CodeIgniter\Boot::runCodeIgniter(Object(CodeIgniter\CodeIgniter))
 9 FCPATH\index.php(56): CodeIgniter\Boot::bootWeb(Object(Config\Paths))
DEBUG - 2025-02-14 23:46:14 --> Session: Class initialized using 'CodeIgniter\Session\Handlers\FileHandler' driver.
CRITICAL - 2025-02-14 23:46:19 --> TypeError: App\Models\ValidateFieldModel::validateField(): Argument #3 ($field) must be of type string, array given, called in C:\xampp\htdocs\litcal\app\Models\SubGenreModel.php on line 31
[Method: POST, Route: dashboard/subgenres/update]
in APPPATH\Models\ValidateFieldModel.php on line 10.
 1 APPPATH\Models\SubGenreModel.php(31): App\Models\ValidateFieldModel->validateField([...], [...], [...], 'subgenreName', null)
 2 APPPATH\Models\SubGenreModel.php(62): App\Models\SubGenreModel->validateSubGenre([...], 'subgenreName')
 3 APPPATH\Controllers\SubGenreController.php(17): App\Models\SubGenreModel->updateSubGenre('1', 'subgenreName', 'High Fantasys')
 4 SYSTEMPATH\CodeIgniter.php(933): App\Controllers\SubGenreController->updateSubGenre()
 5 SYSTEMPATH\CodeIgniter.php(509): CodeIgniter\CodeIgniter->runController(Object(App\Controllers\SubGenreController))
 6 SYSTEMPATH\CodeIgniter.php(355): CodeIgniter\CodeIgniter->handleRequest(null, Object(Config\Cache), false)
 7 SYSTEMPATH\Boot.php(334): CodeIgniter\CodeIgniter->run()
 8 SYSTEMPATH\Boot.php(67): CodeIgniter\Boot::runCodeIgniter(Object(CodeIgniter\CodeIgniter))
 9 FCPATH\index.php(56): CodeIgniter\Boot::bootWeb(Object(Config\Paths))
DEBUG - 2025-02-14 23:46:42 --> Session: Class initialized using 'CodeIgniter\Session\Handlers\FileHandler' driver.
CRITICAL - 2025-02-14 23:46:51 --> TypeError: App\Models\ValidateFieldModel::validateField(): Argument #3 ($field) must be of type string, array given, called in C:\xampp\htdocs\litcal\app\Models\SubGenreModel.php on line 31
[Method: POST, Route: dashboard/subgenres/update]
in APPPATH\Models\ValidateFieldModel.php on line 10.
 1 APPPATH\Models\SubGenreModel.php(31): App\Models\ValidateFieldModel->validateField([...], [...], [...], 'subgenreName', null)
 2 APPPATH\Models\SubGenreModel.php(62): App\Models\SubGenreModel->validateSubGenre([...], 'subgenreName')
 3 APPPATH\Controllers\SubGenreController.php(17): App\Models\SubGenreModel->updateSubGenre('1', 'subgenreName', 'High Fantasys')
 4 SYSTEMPATH\CodeIgniter.php(933): App\Controllers\SubGenreController->updateSubGenre()
 5 SYSTEMPATH\CodeIgniter.php(509): CodeIgniter\CodeIgniter->runController(Object(App\Controllers\SubGenreController))
 6 SYSTEMPATH\CodeIgniter.php(355): CodeIgniter\CodeIgniter->handleRequest(null, Object(Config\Cache), false)
 7 SYSTEMPATH\Boot.php(334): CodeIgniter\CodeIgniter->run()
 8 SYSTEMPATH\Boot.php(67): CodeIgniter\Boot::runCodeIgniter(Object(CodeIgniter\CodeIgniter))
 9 FCPATH\index.php(56): CodeIgniter\Boot::bootWeb(Object(Config\Paths))
DEBUG - 2025-02-14 23:47:04 --> Session: Class initialized using 'CodeIgniter\Session\Handlers\FileHandler' driver.
CRITICAL - 2025-02-14 23:47:09 --> TypeError: App\Models\ValidateFieldModel::validateField(): Argument #3 ($field) must be of type string, array given, called in C:\xampp\htdocs\litcal\app\Models\SubGenreModel.php on line 31
[Method: POST, Route: dashboard/subgenres/update]
in APPPATH\Models\ValidateFieldModel.php on line 10.
 1 APPPATH\Models\SubGenreModel.php(31): App\Models\ValidateFieldModel->validateField([...], [...], [...], 'subgenreName', null)
 2 APPPATH\Models\SubGenreModel.php(62): App\Models\SubGenreModel->validateSubGenre([...], 'subgenreName')
 3 APPPATH\Controllers\SubGenreController.php(17): App\Models\SubGenreModel->updateSubGenre('1', 'subgenreName', null)
 4 SYSTEMPATH\CodeIgniter.php(933): App\Controllers\SubGenreController->updateSubGenre()
 5 SYSTEMPATH\CodeIgniter.php(509): CodeIgniter\CodeIgniter->runController(Object(App\Controllers\SubGenreController))
 6 SYSTEMPATH\CodeIgniter.php(355): CodeIgniter\CodeIgniter->handleRequest(null, Object(Config\Cache), false)
 7 SYSTEMPATH\Boot.php(334): CodeIgniter\CodeIgniter->run()
 8 SYSTEMPATH\Boot.php(67): CodeIgniter\Boot::runCodeIgniter(Object(CodeIgniter\CodeIgniter))
 9 FCPATH\index.php(56): CodeIgniter\Boot::bootWeb(Object(Config\Paths))
DEBUG - 2025-02-14 23:50:58 --> Session: Class initialized using 'CodeIgniter\Session\Handlers\FileHandler' driver.
DEBUG - 2025-02-14 23:53:15 --> Session: Class initialized using 'CodeIgniter\Session\Handlers\FileHandler' driver.
DEBUG - 2025-02-14 23:56:14 --> Session: Class initialized using 'CodeIgniter\Session\Handlers\FileHandler' driver.
DEBUG - 2025-02-14 23:56:20 --> Mise  jour du sous-genre (ID: 1) avec les donnes: {"subgenreName":"High Fantasys"}
DEBUG - 2025-02-14 23:56:22 --> Mise  jour du sous-genre (ID: 1) avec les donnes: {"status":"0"}
DEBUG - 2025-02-14 23:56:23 --> Mise  jour du sous-genre (ID: 1) avec les donnes: {"status":"1"}
DEBUG - 2025-02-14 23:56:25 --> Mise  jour du sous-genre (ID: 1) avec les donnes: {"subgenreName":"High Fantasy"}
CRITICAL - 2025-02-14 23:57:20 --> TypeError: App\Models\ValidateFieldModel::validateField(): Argument #3 ($field) must be of type string, array given, called in C:\xampp\htdocs\litcal\app\Models\SubGenreModel.php on line 31
[Method: POST, Route: dashboard/subgenres/add]
in APPPATH\Models\ValidateFieldModel.php on line 10.
 1 APPPATH\Models\SubGenreModel.php(31): App\Models\ValidateFieldModel->validateField([...], [...], [...], 'subgenreName', null)
 2 APPPATH\Models\SubGenreModel.php(36): App\Models\SubGenreModel->validateSubGenre([...], 'subgenreName')
 3 APPPATH\Controllers\SubGenreController.php(35): App\Models\SubGenreModel->addSubgenre('New Weird')
 4 SYSTEMPATH\CodeIgniter.php(933): App\Controllers\SubGenreController->addSubgenre()
 5 SYSTEMPATH\CodeIgniter.php(509): CodeIgniter\CodeIgniter->runController(Object(App\Controllers\SubGenreController))
 6 SYSTEMPATH\CodeIgniter.php(355): CodeIgniter\CodeIgniter->handleRequest(null, Object(Config\Cache), false)
 7 SYSTEMPATH\Boot.php(334): CodeIgniter\CodeIgniter->run()
 8 SYSTEMPATH\Boot.php(67): CodeIgniter\Boot::runCodeIgniter(Object(CodeIgniter\CodeIgniter))
 9 FCPATH\index.php(56): CodeIgniter\Boot::bootWeb(Object(Config\Paths))
DEBUG - 2025-02-14 23:57:39 --> Session: Class initialized using 'CodeIgniter\Session\Handlers\FileHandler' driver.
CRITICAL - 2025-02-14 23:57:45 --> ArgumentCountError: Too few arguments to function App\Controllers\SubGenreController::addSubgenre(), 0 passed in C:\xampp\htdocs\litcal\system\CodeIgniter.php on line 933 and exactly 1 expected
[Method: POST, Route: dashboard/subgenres/add]
in APPPATH\Controllers\SubGenreController.php on line 30.
 1 SYSTEMPATH\CodeIgniter.php(933): App\Controllers\SubGenreController->addSubgenre()
 2 SYSTEMPATH\CodeIgniter.php(509): CodeIgniter\CodeIgniter->runController(Object(App\Controllers\SubGenreController))
 3 SYSTEMPATH\CodeIgniter.php(355): CodeIgniter\CodeIgniter->handleRequest(null, Object(Config\Cache), false)
 4 SYSTEMPATH\Boot.php(334): CodeIgniter\CodeIgniter->run()
 5 SYSTEMPATH\Boot.php(67): CodeIgniter\Boot::runCodeIgniter(Object(CodeIgniter\CodeIgniter))
 6 FCPATH\index.php(56): CodeIgniter\Boot::bootWeb(Object(Config\Paths))
