DEBUG - 2025-02-06 00:04:34 --> Session: Class initialized using 'CodeIgniter\Session\Handlers\FileHandler' driver.
ERROR - 2025-02-06 00:04:40 --> Valeur reçue pour subgenreName: High Fantasies
DEBUG - 2025-02-06 00:07:23 --> Session: Class initialized using 'CodeIgniter\Session\Handlers\FileHandler' driver.
ERROR - 2025-02-06 00:07:30 --> Valeur reçue pour subgenreName: High Fantasys
ERROR - 2025-02-06 00:07:30 --> ID du sous-genre invalide
DEBUG - 2025-02-06 00:12:42 --> Session: Class initialized using 'CodeIgniter\Session\Handlers\FileHandler' driver.
CRITICAL - 2025-02-06 00:12:46 --> ErrorException: Cannot redeclare App\Controllers\SubGenreController::updateSubGenre()
[Method: POST, Route: dashboard/subgenres/update]
in APPPATH\Controllers\SubGenreController.php on line 44.
 1 [internal function]: CodeIgniter\Debug\Exceptions->shutdownHandler()
DEBUG - 2025-02-06 00:15:34 --> Session: Class initialized using 'CodeIgniter\Session\Handlers\FileHandler' driver.
ERROR - 2025-02-06 00:15:37 --> Valeur reçue pour subgenreName: High Fantasys
ERROR - 2025-02-06 00:15:37 --> ID du sous-genre invalide
ERROR - 2025-02-06 00:16:05 --> Valeur reçue pour subgenreName: High Fantasys
ERROR - 2025-02-06 00:16:05 --> ID du sous-genre invalide
ERROR - 2025-02-06 00:16:11 --> Valeur reçue pour status: 0
ERROR - 2025-02-06 00:16:11 --> ID du sous-genre invalide
DEBUG - 2025-02-06 00:17:26 --> Session: Class initialized using 'CodeIgniter\Session\Handlers\FileHandler' driver.
ERROR - 2025-02-06 00:17:31 --> Valeur reçue pour subgenreName: High Fantasys
ERROR - 2025-02-06 00:17:31 --> ID du sous-genre invalide
DEBUG - 2025-02-06 00:19:38 --> Session: Class initialized using 'CodeIgniter\Session\Handlers\FileHandler' driver.
ERROR - 2025-02-06 00:19:42 --> Valeur reçue pour subgenreName: High Fantasys
ERROR - 2025-02-06 00:19:42 --> ID du sous-genre invalide
DEBUG - 2025-02-06 00:22:19 --> Session: Class initialized using 'CodeIgniter\Session\Handlers\FileHandler' driver.
ERROR - 2025-02-06 00:22:24 --> Valeur reçue pour subgenreName: High Fantasys
ERROR - 2025-02-06 00:22:24 --> ID du sous-genre invalide
DEBUG - 2025-02-06 00:25:43 --> Session: Class initialized using 'CodeIgniter\Session\Handlers\FileHandler' driver.
ERROR - 2025-02-06 00:25:47 --> Valeur reçue pour subgenreName: High Fantasys
ERROR - 2025-02-06 00:25:47 --> ID du sous-genre invalide
DEBUG - 2025-02-06 00:28:30 --> Session: Class initialized using 'CodeIgniter\Session\Handlers\FileHandler' driver.
ERROR - 2025-02-06 00:28:35 --> Valeur reçue pour subgenreName: High Fantasys
ERROR - 2025-02-06 00:28:35 --> ID du sous-genre invalide
DEBUG - 2025-02-06 00:30:30 --> Session: Class initialized using 'CodeIgniter\Session\Handlers\FileHandler' driver.
DEBUG - 2025-02-06 00:45:36 --> Session: Class initialized using 'CodeIgniter\Session\Handlers\FileHandler' driver.
CRITICAL - 2025-02-06 00:45:36 --> Error: Cannot use object of type App\Entities\SubGenreEntity as array
[Method: GET, Route: dashboard]
in APPPATH\Models\SubGenreModel.php on line 111.
 1 APPPATH\Controllers\DashboardController.php(40): App\Models\SubGenreModel->getSubgenresWithGenres()
 2 SYSTEMPATH\CodeIgniter.php(933): App\Controllers\DashboardController->index()
 3 SYSTEMPATH\CodeIgniter.php(509): CodeIgniter\CodeIgniter->runController(Object(App\Controllers\DashboardController))
 4 SYSTEMPATH\CodeIgniter.php(355): CodeIgniter\CodeIgniter->handleRequest(null, Object(Config\Cache), false)
 5 SYSTEMPATH\Boot.php(334): CodeIgniter\CodeIgniter->run()
 6 SYSTEMPATH\Boot.php(67): CodeIgniter\Boot::runCodeIgniter(Object(CodeIgniter\CodeIgniter))
 7 FCPATH\index.php(56): CodeIgniter\Boot::bootWeb(Object(Config\Paths))
DEBUG - 2025-02-06 00:46:57 --> Session: Class initialized using 'CodeIgniter\Session\Handlers\FileHandler' driver.
CRITICAL - 2025-02-06 00:46:57 --> Error: Cannot use object of type App\Entities\SubGenreEntity as array
[Method: GET, Route: dashboard]
in APPPATH\Models\SubGenreModel.php on line 112.
 1 APPPATH\Controllers\DashboardController.php(40): App\Models\SubGenreModel->getSubgenresWithGenres()
 2 SYSTEMPATH\CodeIgniter.php(933): App\Controllers\DashboardController->index()
 3 SYSTEMPATH\CodeIgniter.php(509): CodeIgniter\CodeIgniter->runController(Object(App\Controllers\DashboardController))
 4 SYSTEMPATH\CodeIgniter.php(355): CodeIgniter\CodeIgniter->handleRequest(null, Object(Config\Cache), false)
 5 SYSTEMPATH\Boot.php(334): CodeIgniter\CodeIgniter->run()
 6 SYSTEMPATH\Boot.php(67): CodeIgniter\Boot::runCodeIgniter(Object(CodeIgniter\CodeIgniter))
 7 FCPATH\index.php(56): CodeIgniter\Boot::bootWeb(Object(Config\Paths))
DEBUG - 2025-02-06 00:47:00 --> Session: Class initialized using 'CodeIgniter\Session\Handlers\FileHandler' driver.
CRITICAL - 2025-02-06 00:47:00 --> Error: Cannot use object of type App\Entities\SubGenreEntity as array
[Method: GET, Route: dashboard]
in APPPATH\Models\SubGenreModel.php on line 112.
 1 APPPATH\Controllers\DashboardController.php(40): App\Models\SubGenreModel->getSubgenresWithGenres()
 2 SYSTEMPATH\CodeIgniter.php(933): App\Controllers\DashboardController->index()
 3 SYSTEMPATH\CodeIgniter.php(509): CodeIgniter\CodeIgniter->runController(Object(App\Controllers\DashboardController))
 4 SYSTEMPATH\CodeIgniter.php(355): CodeIgniter\CodeIgniter->handleRequest(null, Object(Config\Cache), false)
 5 SYSTEMPATH\Boot.php(334): CodeIgniter\CodeIgniter->run()
 6 SYSTEMPATH\Boot.php(67): CodeIgniter\Boot::runCodeIgniter(Object(CodeIgniter\CodeIgniter))
 7 FCPATH\index.php(56): CodeIgniter\Boot::bootWeb(Object(Config\Paths))
DEBUG - 2025-02-06 00:47:02 --> Session: Class initialized using 'CodeIgniter\Session\Handlers\FileHandler' driver.
CRITICAL - 2025-02-06 00:47:02 --> Error: Cannot use object of type App\Entities\SubGenreEntity as array
[Method: GET, Route: dashboard]
in APPPATH\Models\SubGenreModel.php on line 112.
 1 APPPATH\Controllers\DashboardController.php(40): App\Models\SubGenreModel->getSubgenresWithGenres()
 2 SYSTEMPATH\CodeIgniter.php(933): App\Controllers\DashboardController->index()
 3 SYSTEMPATH\CodeIgniter.php(509): CodeIgniter\CodeIgniter->runController(Object(App\Controllers\DashboardController))
 4 SYSTEMPATH\CodeIgniter.php(355): CodeIgniter\CodeIgniter->handleRequest(null, Object(Config\Cache), false)
 5 SYSTEMPATH\Boot.php(334): CodeIgniter\CodeIgniter->run()
 6 SYSTEMPATH\Boot.php(67): CodeIgniter\Boot::runCodeIgniter(Object(CodeIgniter\CodeIgniter))
 7 FCPATH\index.php(56): CodeIgniter\Boot::bootWeb(Object(Config\Paths))
DEBUG - 2025-02-06 00:47:07 --> Session: Class initialized using 'CodeIgniter\Session\Handlers\FileHandler' driver.
CRITICAL - 2025-02-06 00:47:07 --> Error: Cannot use object of type App\Entities\SubGenreEntity as array
[Method: GET, Route: dashboard]
in APPPATH\Models\SubGenreModel.php on line 112.
 1 APPPATH\Controllers\DashboardController.php(40): App\Models\SubGenreModel->getSubgenresWithGenres()
 2 SYSTEMPATH\CodeIgniter.php(933): App\Controllers\DashboardController->index()
 3 SYSTEMPATH\CodeIgniter.php(509): CodeIgniter\CodeIgniter->runController(Object(App\Controllers\DashboardController))
 4 SYSTEMPATH\CodeIgniter.php(355): CodeIgniter\CodeIgniter->handleRequest(null, Object(Config\Cache), false)
 5 SYSTEMPATH\Boot.php(334): CodeIgniter\CodeIgniter->run()
 6 SYSTEMPATH\Boot.php(67): CodeIgniter\Boot::runCodeIgniter(Object(CodeIgniter\CodeIgniter))
 7 FCPATH\index.php(56): CodeIgniter\Boot::bootWeb(Object(Config\Paths))
DEBUG - 2025-02-06 00:48:17 --> Session: Class initialized using 'CodeIgniter\Session\Handlers\FileHandler' driver.
CRITICAL - 2025-02-06 00:48:17 --> Error: Cannot use object of type App\Entities\SubGenreEntity as array
[Method: GET, Route: dashboard]
in APPPATH\Models\SubGenreModel.php on line 112.
 1 APPPATH\Controllers\DashboardController.php(40): App\Models\SubGenreModel->getSubgenresWithGenres()
 2 SYSTEMPATH\CodeIgniter.php(933): App\Controllers\DashboardController->index()
 3 SYSTEMPATH\CodeIgniter.php(509): CodeIgniter\CodeIgniter->runController(Object(App\Controllers\DashboardController))
 4 SYSTEMPATH\CodeIgniter.php(355): CodeIgniter\CodeIgniter->handleRequest(null, Object(Config\Cache), false)
 5 SYSTEMPATH\Boot.php(334): CodeIgniter\CodeIgniter->run()
 6 SYSTEMPATH\Boot.php(67): CodeIgniter\Boot::runCodeIgniter(Object(CodeIgniter\CodeIgniter))
 7 FCPATH\index.php(56): CodeIgniter\Boot::bootWeb(Object(Config\Paths))
DEBUG - 2025-02-06 00:48:18 --> Session: Class initialized using 'CodeIgniter\Session\Handlers\FileHandler' driver.
CRITICAL - 2025-02-06 00:48:18 --> Error: Cannot use object of type App\Entities\SubGenreEntity as array
[Method: GET, Route: dashboard]
in APPPATH\Models\SubGenreModel.php on line 112.
 1 APPPATH\Controllers\DashboardController.php(40): App\Models\SubGenreModel->getSubgenresWithGenres()
 2 SYSTEMPATH\CodeIgniter.php(933): App\Controllers\DashboardController->index()
 3 SYSTEMPATH\CodeIgniter.php(509): CodeIgniter\CodeIgniter->runController(Object(App\Controllers\DashboardController))
 4 SYSTEMPATH\CodeIgniter.php(355): CodeIgniter\CodeIgniter->handleRequest(null, Object(Config\Cache), false)
 5 SYSTEMPATH\Boot.php(334): CodeIgniter\CodeIgniter->run()
 6 SYSTEMPATH\Boot.php(67): CodeIgniter\Boot::runCodeIgniter(Object(CodeIgniter\CodeIgniter))
 7 FCPATH\index.php(56): CodeIgniter\Boot::bootWeb(Object(Config\Paths))
DEBUG - 2025-02-06 00:49:22 --> Session: Class initialized using 'CodeIgniter\Session\Handlers\FileHandler' driver.
CRITICAL - 2025-02-06 00:49:22 --> ErrorException: Attempt to read property "id" on array
[Method: GET, Route: dashboard]
in APPPATH\Views\Components\subgenres_table.php on line 15.
 1 APPPATH\Views\Components\subgenres_table.php(15): CodeIgniter\Debug\Exceptions->errorHandler(2, 'Attempt to read property "id" on array', 'C:\\xampp\\htdocs\\litcal\\app\\Views\\Components\\subgenres_table.php', 15)
 2 SYSTEMPATH\View\View.php(234): include('C:\\xampp\\htdocs\\litcal\\app\\Views\\Components\\subgenres_table.php')
 3 SYSTEMPATH\View\View.php(237): CodeIgniter\View\View->CodeIgniter\View\{closure}()
 4 SYSTEMPATH\View\View.php(487): CodeIgniter\View\View->render('components/subgenres_table', null, true)
 5 APPPATH\Views\dashboard.php(55): CodeIgniter\View\View->include('components/subgenres_table')
 6 SYSTEMPATH\View\View.php(234): include('C:\\xampp\\htdocs\\litcal\\app\\Views\\dashboard.php')
 7 SYSTEMPATH\View\View.php(237): CodeIgniter\View\View->CodeIgniter\View\{closure}()
 8 SYSTEMPATH\Common.php(1171): CodeIgniter\View\View->render('dashboard', [], true)
 9 APPPATH\Controllers\DashboardController.php(55): view('dashboard', [...])
10 SYSTEMPATH\CodeIgniter.php(933): App\Controllers\DashboardController->index()
11 SYSTEMPATH\CodeIgniter.php(509): CodeIgniter\CodeIgniter->runController(Object(App\Controllers\DashboardController))
12 SYSTEMPATH\CodeIgniter.php(355): CodeIgniter\CodeIgniter->handleRequest(null, Object(Config\Cache), false)
13 SYSTEMPATH\Boot.php(334): CodeIgniter\CodeIgniter->run()
14 SYSTEMPATH\Boot.php(67): CodeIgniter\Boot::runCodeIgniter(Object(CodeIgniter\CodeIgniter))
15 FCPATH\index.php(56): CodeIgniter\Boot::bootWeb(Object(Config\Paths))
DEBUG - 2025-02-06 00:50:41 --> Session: Class initialized using 'CodeIgniter\Session\Handlers\FileHandler' driver.
ERROR - 2025-02-06 00:50:48 --> Valeur reçue pour subgenreName: High Fantasys
ERROR - 2025-02-06 00:50:48 --> ID du sous-genre invalide
DEBUG - 2025-02-06 00:51:42 --> Session: Class initialized using 'CodeIgniter\Session\Handlers\FileHandler' driver.
ERROR - 2025-02-06 00:51:47 --> Valeur reçue pour subgenreName: High Fantasys
ERROR - 2025-02-06 00:51:47 --> ID du sous-genre invalide
ERROR - 2025-02-06 00:52:49 --> Valeur reçue pour subgenreName: High Fantasys
ERROR - 2025-02-06 00:52:49 --> ID du sous-genre invalide
DEBUG - 2025-02-06 00:55:17 --> Session: Class initialized using 'CodeIgniter\Session\Handlers\FileHandler' driver.
ERROR - 2025-02-06 00:55:20 --> ID du sous-genre invalide
DEBUG - 2025-02-06 00:57:17 --> Session: Class initialized using 'CodeIgniter\Session\Handlers\FileHandler' driver.
ERROR - 2025-02-06 00:57:24 --> ID du sous-genre invalide
DEBUG - 2025-02-06 00:59:29 --> Session: Class initialized using 'CodeIgniter\Session\Handlers\FileHandler' driver.
ERROR - 2025-02-06 00:59:35 --> ID du sous-genre invalide
DEBUG - 2025-02-06 01:02:24 --> Session: Class initialized using 'CodeIgniter\Session\Handlers\FileHandler' driver.
ERROR - 2025-02-06 01:02:28 --> ID du sous-genre invalide: 
DEBUG - 2025-02-06 01:04:48 --> Session: Class initialized using 'CodeIgniter\Session\Handlers\FileHandler' driver.
ERROR - 2025-02-06 01:04:51 --> ID du sous-genre invalide: 
DEBUG - 2025-02-06 01:06:47 --> Session: Class initialized using 'CodeIgniter\Session\Handlers\FileHandler' driver.
ERROR - 2025-02-06 01:06:51 --> ID reçu : '1'
DEBUG - 2025-02-06 01:06:51 --> Mise à jour du sous-genre (ID: 1) avec les données: {"subgenreName":"High Fantasys"}
ERROR - 2025-02-06 01:07:06 --> ID reçu : '1'
DEBUG - 2025-02-06 01:07:06 --> Mise à jour du sous-genre (ID: 1) avec les données: {"status":"0"}
DEBUG - 2025-02-06 01:07:08 --> Session: Class initialized using 'CodeIgniter\Session\Handlers\FileHandler' driver.
ERROR - 2025-02-06 01:07:12 --> ID reçu : '1'
DEBUG - 2025-02-06 01:07:13 --> Mise à jour du sous-genre (ID: 1) avec les données: {"subgenreName":"High Fantasy"}
ERROR - 2025-02-06 01:07:14 --> ID reçu : '1'
DEBUG - 2025-02-06 01:07:14 --> Mise à jour du sous-genre (ID: 1) avec les données: {"status":"1"}
DEBUG - 2025-02-06 01:07:14 --> Session: Class initialized using 'CodeIgniter\Session\Handlers\FileHandler' driver.
DEBUG - 2025-02-06 01:09:23 --> Session: Class initialized using 'CodeIgniter\Session\Handlers\FileHandler' driver.
ERROR - 2025-02-06 01:09:26 --> ID reçu : '1'
DEBUG - 2025-02-06 01:09:26 --> Mise à jour du sous-genre (ID: 1) avec les données: {"subgenreName":"High Fantasys"}
ERROR - 2025-02-06 01:09:50 --> ID reçu : '1'
DEBUG - 2025-02-06 01:09:50 --> Mise à jour du sous-genre (ID: 1) avec les données: {"subgenreName":"Romantasy"}
ERROR - 2025-02-06 01:09:56 --> ID reçu : '1'
DEBUG - 2025-02-06 01:09:56 --> Mise à jour du sous-genre (ID: 1) avec les données: {"subgenreName":"High Fantasy"}
ERROR - 2025-02-06 01:10:04 --> ID reçu : '1'
DEBUG - 2025-02-06 01:10:05 --> Mise à jour du sous-genre (ID: 1) avec les données: {"status":"0"}
ERROR - 2025-02-06 01:10:09 --> ID reçu : '1'
DEBUG - 2025-02-06 01:10:09 --> Mise à jour du sous-genre (ID: 1) avec les données: {"status":"1"}
DEBUG - 2025-02-06 01:11:49 --> Session: Class initialized using 'CodeIgniter\Session\Handlers\FileHandler' driver.
DEBUG - 2025-02-06 01:11:52 --> Mise à jour du sous-genre (ID: 1) avec les données: {"subgenreName":"High Fantasys"}
DEBUG - 2025-02-06 01:12:00 --> Mise à jour du sous-genre (ID: 1) avec les données: {"subgenreName":"High Fantasy"}
DEBUG - 2025-02-06 01:12:06 --> Mise à jour du sous-genre (ID: 1) avec les données: {"status":"0"}
DEBUG - 2025-02-06 01:12:08 --> Mise à jour du sous-genre (ID: 1) avec les données: {"status":"1"}
DEBUG - 2025-02-06 01:12:14 --> Mise à jour du sous-genre (ID: 1) avec les données: {"status":"0"}
DEBUG - 2025-02-06 01:12:16 --> Mise à jour du sous-genre (ID: 1) avec les données: {"subgenreName":"High Fantasys"}
DEBUG - 2025-02-06 01:12:19 --> Mise à jour du sous-genre (ID: 1) avec les données: {"status":"1"}
DEBUG - 2025-02-06 01:12:21 --> Mise à jour du sous-genre (ID: 1) avec les données: {"subgenreName":"High Fantasy"}
DEBUG - 2025-02-06 09:58:41 --> Session: Class initialized using 'CodeIgniter\Session\Handlers\FileHandler' driver.
DEBUG - 2025-02-06 09:58:43 --> Session: Class initialized using 'CodeIgniter\Session\Handlers\FileHandler' driver.
DEBUG - 2025-02-06 09:58:47 --> Session: Class initialized using 'CodeIgniter\Session\Handlers\FileHandler' driver.
DEBUG - 2025-02-06 09:58:47 --> Session: Class initialized using 'CodeIgniter\Session\Handlers\FileHandler' driver.
DEBUG - 2025-02-06 09:58:49 --> Session: Class initialized using 'CodeIgniter\Session\Handlers\FileHandler' driver.
DEBUG - 2025-02-06 10:18:43 --> Session: Class initialized using 'CodeIgniter\Session\Handlers\FileHandler' driver.
DEBUG - 2025-02-06 10:28:23 --> Session: Class initialized using 'CodeIgniter\Session\Handlers\FileHandler' driver.
DEBUG - 2025-02-06 10:28:39 --> Session: Class initialized using 'CodeIgniter\Session\Handlers\FileHandler' driver.
DEBUG - 2025-02-06 10:29:39 --> Session: Class initialized using 'CodeIgniter\Session\Handlers\FileHandler' driver.
DEBUG - 2025-02-06 11:07:00 --> Session: Class initialized using 'CodeIgniter\Session\Handlers\FileHandler' driver.
DEBUG - 2025-02-06 11:09:53 --> Session: Class initialized using 'CodeIgniter\Session\Handlers\FileHandler' driver.
DEBUG - 2025-02-06 11:17:49 --> Session: Class initialized using 'CodeIgniter\Session\Handlers\FileHandler' driver.
DEBUG - 2025-02-06 11:18:20 --> Session: Class initialized using 'CodeIgniter\Session\Handlers\FileHandler' driver.
CRITICAL - 2025-02-06 11:18:27 --> Error: Class "APP\Validation\RoleValidation" not found
[Method: POST, Route: dashboard/roles/add]
in APPPATH\Models\RoleModel.php on line 49.
 1 APPPATH\Controllers\RoleController.php(37): App\Models\RoleModel->addRole('Narrator')
 2 SYSTEMPATH\CodeIgniter.php(933): App\Controllers\RoleController->addRole()
 3 SYSTEMPATH\CodeIgniter.php(509): CodeIgniter\CodeIgniter->runController(Object(App\Controllers\RoleController))
 4 SYSTEMPATH\CodeIgniter.php(355): CodeIgniter\CodeIgniter->handleRequest(null, Object(Config\Cache), false)
 5 SYSTEMPATH\Boot.php(334): CodeIgniter\CodeIgniter->run()
 6 SYSTEMPATH\Boot.php(67): CodeIgniter\Boot::runCodeIgniter(Object(CodeIgniter\CodeIgniter))
 7 FCPATH\index.php(56): CodeIgniter\Boot::bootWeb(Object(Config\Paths))
DEBUG - 2025-02-06 11:21:19 --> Session: Class initialized using 'CodeIgniter\Session\Handlers\FileHandler' driver.
DEBUG - 2025-02-06 11:21:40 --> Session: Class initialized using 'CodeIgniter\Session\Handlers\FileHandler' driver.
CRITICAL - 2025-02-06 11:21:45 --> Error: Class "APP\Validation\RoleValidation" not found
[Method: POST, Route: dashboard/roles/add]
in APPPATH\Models\RoleModel.php on line 49.
 1 APPPATH\Controllers\RoleController.php(35): App\Models\RoleModel->addRole('Narrator')
 2 SYSTEMPATH\CodeIgniter.php(933): App\Controllers\RoleController->addRole()
 3 SYSTEMPATH\CodeIgniter.php(509): CodeIgniter\CodeIgniter->runController(Object(App\Controllers\RoleController))
 4 SYSTEMPATH\CodeIgniter.php(355): CodeIgniter\CodeIgniter->handleRequest(null, Object(Config\Cache), false)
 5 SYSTEMPATH\Boot.php(334): CodeIgniter\CodeIgniter->run()
 6 SYSTEMPATH\Boot.php(67): CodeIgniter\Boot::runCodeIgniter(Object(CodeIgniter\CodeIgniter))
 7 FCPATH\index.php(56): CodeIgniter\Boot::bootWeb(Object(Config\Paths))
DEBUG - 2025-02-06 11:23:40 --> Session: Class initialized using 'CodeIgniter\Session\Handlers\FileHandler' driver.
DEBUG - 2025-02-06 11:23:49 --> Session: Class initialized using 'CodeIgniter\Session\Handlers\FileHandler' driver.
DEBUG - 2025-02-06 11:26:05 --> Session: Class initialized using 'CodeIgniter\Session\Handlers\FileHandler' driver.
DEBUG - 2025-02-06 11:27:48 --> Session: Class initialized using 'CodeIgniter\Session\Handlers\FileHandler' driver.
DEBUG - 2025-02-06 12:12:43 --> Session: Class initialized using 'CodeIgniter\Session\Handlers\FileHandler' driver.
DEBUG - 2025-02-06 12:13:05 --> Session: Class initialized using 'CodeIgniter\Session\Handlers\FileHandler' driver.
DEBUG - 2025-02-06 12:17:49 --> Session: Class initialized using 'CodeIgniter\Session\Handlers\FileHandler' driver.
DEBUG - 2025-02-06 12:17:52 --> Session: Class initialized using 'CodeIgniter\Session\Handlers\FileHandler' driver.
DEBUG - 2025-02-06 12:40:28 --> Session: Class initialized using 'CodeIgniter\Session\Handlers\FileHandler' driver.
DEBUG - 2025-02-06 12:40:28 --> Session: Class initialized using 'CodeIgniter\Session\Handlers\FileHandler' driver.
DEBUG - 2025-02-06 13:17:30 --> Session: Class initialized using 'CodeIgniter\Session\Handlers\FileHandler' driver.
DEBUG - 2025-02-06 13:34:26 --> Session: Class initialized using 'CodeIgniter\Session\Handlers\FileHandler' driver.
DEBUG - 2025-02-06 13:35:33 --> Session: Class initialized using 'CodeIgniter\Session\Handlers\FileHandler' driver.
DEBUG - 2025-02-06 13:40:53 --> Session: Class initialized using 'CodeIgniter\Session\Handlers\FileHandler' driver.
CRITICAL - 2025-02-06 13:42:20 --> CodeIgniter\Validation\Exceptions\ValidationException: "PublisherValidation" is not a validation rules group.
[Method: POST, Route: dashboard/publishers/add]
in SYSTEMPATH\Validation\Validation.php on line 753.
 1 SYSTEMPATH\Validation\Validation.php(753): CodeIgniter\Validation\Exceptions\ValidationException::forGroupNotFound('PublisherValidation')
 2 SYSTEMPATH\Validation\Validation.php(147): CodeIgniter\Validation\Validation->loadRuleGroup('PublisherValidation')
 3 APPPATH\Controllers\PublisherController.php(48): CodeIgniter\Validation\Validation->run([...], 'PublisherValidation')
 4 SYSTEMPATH\CodeIgniter.php(933): App\Controllers\PublisherController->addPublisher()
 5 SYSTEMPATH\CodeIgniter.php(509): CodeIgniter\CodeIgniter->runController(Object(App\Controllers\PublisherController))
 6 SYSTEMPATH\CodeIgniter.php(355): CodeIgniter\CodeIgniter->handleRequest(null, Object(Config\Cache), false)
 7 SYSTEMPATH\Boot.php(334): CodeIgniter\CodeIgniter->run()
 8 SYSTEMPATH\Boot.php(67): CodeIgniter\Boot::runCodeIgniter(Object(CodeIgniter\CodeIgniter))
 9 FCPATH\index.php(56): CodeIgniter\Boot::bootWeb(Object(Config\Paths))
DEBUG - 2025-02-06 13:46:44 --> Session: Class initialized using 'CodeIgniter\Session\Handlers\FileHandler' driver.
CRITICAL - 2025-02-06 13:46:49 --> CodeIgniter\Validation\Exceptions\ValidationException: "PublisherValidation" is not a validation rules group.
[Method: POST, Route: dashboard/publishers/add]
in SYSTEMPATH\Validation\Validation.php on line 753.
 1 SYSTEMPATH\Validation\Validation.php(753): CodeIgniter\Validation\Exceptions\ValidationException::forGroupNotFound('PublisherValidation')
 2 SYSTEMPATH\Validation\Validation.php(147): CodeIgniter\Validation\Validation->loadRuleGroup('PublisherValidation')
 3 APPPATH\Models\PublisherModel.php(48): CodeIgniter\Validation\Validation->run([...], 'PublisherValidation')
 4 APPPATH\Models\PublisherModel.php(58): App\Models\PublisherModel->validatePublisherRules('Albin Michel Imaginaire')
 5 APPPATH\Controllers\PublisherController.php(45): App\Models\PublisherModel->addPublisher('Albin Michel Imaginaire')
 6 SYSTEMPATH\CodeIgniter.php(933): App\Controllers\PublisherController->addPublisher()
 7 SYSTEMPATH\CodeIgniter.php(509): CodeIgniter\CodeIgniter->runController(Object(App\Controllers\PublisherController))
 8 SYSTEMPATH\CodeIgniter.php(355): CodeIgniter\CodeIgniter->handleRequest(null, Object(Config\Cache), false)
 9 SYSTEMPATH\Boot.php(334): CodeIgniter\CodeIgniter->run()
10 SYSTEMPATH\Boot.php(67): CodeIgniter\Boot::runCodeIgniter(Object(CodeIgniter\CodeIgniter))
11 FCPATH\index.php(56): CodeIgniter\Boot::bootWeb(Object(Config\Paths))
DEBUG - 2025-02-06 13:59:14 --> Session: Class initialized using 'CodeIgniter\Session\Handlers\FileHandler' driver.
DEBUG - 2025-02-06 13:59:18 --> Session: Class initialized using 'CodeIgniter\Session\Handlers\FileHandler' driver.
DEBUG - 2025-02-06 13:59:18 --> Session: Class initialized using 'CodeIgniter\Session\Handlers\FileHandler' driver.
DEBUG - 2025-02-06 13:59:22 --> Session: Class initialized using 'CodeIgniter\Session\Handlers\FileHandler' driver.
DEBUG - 2025-02-06 13:59:22 --> Session: Class initialized using 'CodeIgniter\Session\Handlers\FileHandler' driver.
DEBUG - 2025-02-06 14:02:59 --> Session: Class initialized using 'CodeIgniter\Session\Handlers\FileHandler' driver.
CRITICAL - 2025-02-06 14:03:09 --> CodeIgniter\Validation\Exceptions\ValidationException: "PublisherValidation" is not a validation rules group.
[Method: POST, Route: dashboard/publishers/add]
in SYSTEMPATH\Validation\Validation.php on line 753.
 1 SYSTEMPATH\Validation\Validation.php(753): CodeIgniter\Validation\Exceptions\ValidationException::forGroupNotFound('PublisherValidation')
 2 SYSTEMPATH\Validation\Validation.php(147): CodeIgniter\Validation\Validation->loadRuleGroup('PublisherValidation')
 3 APPPATH\Models\PublisherModel.php(73): CodeIgniter\Validation\Validation->run([...], 'PublisherValidation')
 4 APPPATH\Controllers\PublisherController.php(46): App\Models\PublisherModel->addPublisher('Albin Michel Imaginaire')
 5 SYSTEMPATH\CodeIgniter.php(933): App\Controllers\PublisherController->addPublisher()
 6 SYSTEMPATH\CodeIgniter.php(509): CodeIgniter\CodeIgniter->runController(Object(App\Controllers\PublisherController))
 7 SYSTEMPATH\CodeIgniter.php(355): CodeIgniter\CodeIgniter->handleRequest(null, Object(Config\Cache), false)
 8 SYSTEMPATH\Boot.php(334): CodeIgniter\CodeIgniter->run()
 9 SYSTEMPATH\Boot.php(67): CodeIgniter\Boot::runCodeIgniter(Object(CodeIgniter\CodeIgniter))
10 FCPATH\index.php(56): CodeIgniter\Boot::bootWeb(Object(Config\Paths))
DEBUG - 2025-02-06 14:06:11 --> Session: Class initialized using 'CodeIgniter\Session\Handlers\FileHandler' driver.
ERROR - 2025-02-06 14:06:15 --> mysqli_sql_exception: Table 'justimagine.publishers' doesn't exist in C:\xampp\htdocs\litcal\system\Database\MySQLi\Connection.php:312
Stack trace:
#0 C:\xampp\htdocs\litcal\system\Database\MySQLi\Connection.php(312): mysqli->query('SELECT 1\nFROM `...', 0)
#1 C:\xampp\htdocs\litcal\system\Database\BaseConnection.php(734): CodeIgniter\Database\MySQLi\Connection->execute('SELECT 1\nFROM `...')
#2 C:\xampp\htdocs\litcal\system\Database\BaseConnection.php(648): CodeIgniter\Database\BaseConnection->simpleQuery('SELECT 1\nFROM `...')
#3 C:\xampp\htdocs\litcal\system\Database\BaseBuilder.php(1644): CodeIgniter\Database\BaseConnection->query('SELECT 1\nFROM `...', Array, false)
#4 C:\xampp\htdocs\litcal\system\Validation\StrictRules\Rules.php(232): CodeIgniter\Database\BaseBuilder->get()
#5 C:\xampp\htdocs\litcal\system\Validation\Validation.php(338): CodeIgniter\Validation\StrictRules\Rules->is_unique('Albin Michel Im...', 'publisherName', Array, NULL, 'publisherName')
#6 C:\xampp\htdocs\litcal\system\Validation\Validation.php(203): CodeIgniter\Validation\Validation->processRules('publisherName', 'publisherName', 'Albin Michel Im...', Array, Array, 'publisherName')
#7 C:\xampp\htdocs\litcal\app\Models\PublisherModel.php(75): CodeIgniter\Validation\Validation->run(Array)
#8 C:\xampp\htdocs\litcal\app\Controllers\PublisherController.php(46): App\Models\PublisherModel->addPublisher('Albin Michel Im...')
#9 C:\xampp\htdocs\litcal\system\CodeIgniter.php(933): App\Controllers\PublisherController->addPublisher()
#10 C:\xampp\htdocs\litcal\system\CodeIgniter.php(509): CodeIgniter\CodeIgniter->runController(Object(App\Controllers\PublisherController))
#11 C:\xampp\htdocs\litcal\system\CodeIgniter.php(355): CodeIgniter\CodeIgniter->handleRequest(NULL, Object(Config\Cache), false)
#12 C:\xampp\htdocs\litcal\system\Boot.php(334): CodeIgniter\CodeIgniter->run()
#13 C:\xampp\htdocs\litcal\system\Boot.php(67): CodeIgniter\Boot::runCodeIgniter(Object(CodeIgniter\CodeIgniter))
#14 C:\xampp\htdocs\litcal\public\index.php(56): CodeIgniter\Boot::bootWeb(Object(Config\Paths))
#15 {main}
CRITICAL - 2025-02-06 14:06:15 --> CodeIgniter\Database\Exceptions\DatabaseException: Table 'justimagine.publishers' doesn't exist
[Method: POST, Route: dashboard/publishers/add]
in SYSTEMPATH\Database\BaseConnection.php on line 688.
 1 SYSTEMPATH\Database\BaseBuilder.php(1644): CodeIgniter\Database\BaseConnection->query('SELECT 1
FROM `publishers`
WHERE `publisherName` = :publisherName:
 LIMIT 1', [...], false)
 2 SYSTEMPATH\Validation\StrictRules\Rules.php(232): CodeIgniter\Database\BaseBuilder->get()
 3 SYSTEMPATH\Validation\Validation.php(338): CodeIgniter\Validation\StrictRules\Rules->is_unique('Albin Michel Imaginaire', 'publisherName', [...], null, 'publisherName')
 4 SYSTEMPATH\Validation\Validation.php(203): CodeIgniter\Validation\Validation->processRules('publisherName', 'publisherName', 'Albin Michel Imaginaire', [...], [...], 'publisherName')
 5 APPPATH\Models\PublisherModel.php(75): CodeIgniter\Validation\Validation->run([...])
 6 APPPATH\Controllers\PublisherController.php(46): App\Models\PublisherModel->addPublisher('Albin Michel Imaginaire')
 7 SYSTEMPATH\CodeIgniter.php(933): App\Controllers\PublisherController->addPublisher()
 8 SYSTEMPATH\CodeIgniter.php(509): CodeIgniter\CodeIgniter->runController(Object(App\Controllers\PublisherController))
 9 SYSTEMPATH\CodeIgniter.php(355): CodeIgniter\CodeIgniter->handleRequest(null, Object(Config\Cache), false)
10 SYSTEMPATH\Boot.php(334): CodeIgniter\CodeIgniter->run()
11 SYSTEMPATH\Boot.php(67): CodeIgniter\Boot::runCodeIgniter(Object(CodeIgniter\CodeIgniter))
12 FCPATH\index.php(56): CodeIgniter\Boot::bootWeb(Object(Config\Paths))
CRITICAL - 2025-02-06 14:06:15 --> [Caused by] CodeIgniter\Database\Exceptions\DatabaseException: Table 'justimagine.publishers' doesn't exist
in SYSTEMPATH\Database\MySQLi\Connection.php on line 317.
 1 SYSTEMPATH\Database\BaseConnection.php(734): CodeIgniter\Database\MySQLi\Connection->execute('SELECT 1
FROM `publishers`
WHERE `publisherName` = \'Albin Michel Imaginaire\'
 LIMIT 1')
 2 SYSTEMPATH\Database\BaseConnection.php(648): CodeIgniter\Database\BaseConnection->simpleQuery('SELECT 1
FROM `publishers`
WHERE `publisherName` = \'Albin Michel Imaginaire\'
 LIMIT 1')
 3 SYSTEMPATH\Database\BaseBuilder.php(1644): CodeIgniter\Database\BaseConnection->query('SELECT 1
FROM `publishers`
WHERE `publisherName` = :publisherName:
 LIMIT 1', [...], false)
 4 SYSTEMPATH\Validation\StrictRules\Rules.php(232): CodeIgniter\Database\BaseBuilder->get()
 5 SYSTEMPATH\Validation\Validation.php(338): CodeIgniter\Validation\StrictRules\Rules->is_unique('Albin Michel Imaginaire', 'publisherName', [...], null, 'publisherName')
 6 SYSTEMPATH\Validation\Validation.php(203): CodeIgniter\Validation\Validation->processRules('publisherName', 'publisherName', 'Albin Michel Imaginaire', [...], [...], 'publisherName')
 7 APPPATH\Models\PublisherModel.php(75): CodeIgniter\Validation\Validation->run([...])
 8 APPPATH\Controllers\PublisherController.php(46): App\Models\PublisherModel->addPublisher('Albin Michel Imaginaire')
 9 SYSTEMPATH\CodeIgniter.php(933): App\Controllers\PublisherController->addPublisher()
10 SYSTEMPATH\CodeIgniter.php(509): CodeIgniter\CodeIgniter->runController(Object(App\Controllers\PublisherController))
11 SYSTEMPATH\CodeIgniter.php(355): CodeIgniter\CodeIgniter->handleRequest(null, Object(Config\Cache), false)
12 SYSTEMPATH\Boot.php(334): CodeIgniter\CodeIgniter->run()
13 SYSTEMPATH\Boot.php(67): CodeIgniter\Boot::runCodeIgniter(Object(CodeIgniter\CodeIgniter))
14 FCPATH\index.php(56): CodeIgniter\Boot::bootWeb(Object(Config\Paths))
CRITICAL - 2025-02-06 14:06:15 --> [Caused by] mysqli_sql_exception: Table 'justimagine.publishers' doesn't exist
in SYSTEMPATH\Database\MySQLi\Connection.php on line 312.
 1 SYSTEMPATH\Database\MySQLi\Connection.php(312): mysqli->query('SELECT 1
FROM `publishers`
WHERE `publisherName` = \'Albin Michel Imaginaire\'
 LIMIT 1', 0)
 2 SYSTEMPATH\Database\BaseConnection.php(734): CodeIgniter\Database\MySQLi\Connection->execute('SELECT 1
FROM `publishers`
WHERE `publisherName` = \'Albin Michel Imaginaire\'
 LIMIT 1')
 3 SYSTEMPATH\Database\BaseConnection.php(648): CodeIgniter\Database\BaseConnection->simpleQuery('SELECT 1
FROM `publishers`
WHERE `publisherName` = \'Albin Michel Imaginaire\'
 LIMIT 1')
 4 SYSTEMPATH\Database\BaseBuilder.php(1644): CodeIgniter\Database\BaseConnection->query('SELECT 1
FROM `publishers`
WHERE `publisherName` = :publisherName:
 LIMIT 1', [...], false)
 5 SYSTEMPATH\Validation\StrictRules\Rules.php(232): CodeIgniter\Database\BaseBuilder->get()
 6 SYSTEMPATH\Validation\Validation.php(338): CodeIgniter\Validation\StrictRules\Rules->is_unique('Albin Michel Imaginaire', 'publisherName', [...], null, 'publisherName')
 7 SYSTEMPATH\Validation\Validation.php(203): CodeIgniter\Validation\Validation->processRules('publisherName', 'publisherName', 'Albin Michel Imaginaire', [...], [...], 'publisherName')
 8 APPPATH\Models\PublisherModel.php(75): CodeIgniter\Validation\Validation->run([...])
 9 APPPATH\Controllers\PublisherController.php(46): App\Models\PublisherModel->addPublisher('Albin Michel Imaginaire')
10 SYSTEMPATH\CodeIgniter.php(933): App\Controllers\PublisherController->addPublisher()
11 SYSTEMPATH\CodeIgniter.php(509): CodeIgniter\CodeIgniter->runController(Object(App\Controllers\PublisherController))
12 SYSTEMPATH\CodeIgniter.php(355): CodeIgniter\CodeIgniter->handleRequest(null, Object(Config\Cache), false)
13 SYSTEMPATH\Boot.php(334): CodeIgniter\CodeIgniter->run()
14 SYSTEMPATH\Boot.php(67): CodeIgniter\Boot::runCodeIgniter(Object(CodeIgniter\CodeIgniter))
15 FCPATH\index.php(56): CodeIgniter\Boot::bootWeb(Object(Config\Paths))
DEBUG - 2025-02-06 14:08:06 --> Session: Class initialized using 'CodeIgniter\Session\Handlers\FileHandler' driver.
DEBUG - 2025-02-06 14:08:10 --> Session: Class initialized using 'CodeIgniter\Session\Handlers\FileHandler' driver.
DEBUG - 2025-02-06 14:08:16 --> Session: Class initialized using 'CodeIgniter\Session\Handlers\FileHandler' driver.
DEBUG - 2025-02-06 14:09:21 --> Session: Class initialized using 'CodeIgniter\Session\Handlers\FileHandler' driver.
DEBUG - 2025-02-06 14:09:21 --> Session: Class initialized using 'CodeIgniter\Session\Handlers\FileHandler' driver.
DEBUG - 2025-02-06 14:44:01 --> Session: Class initialized using 'CodeIgniter\Session\Handlers\FileHandler' driver.
DEBUG - 2025-02-06 14:49:20 --> Session: Class initialized using 'CodeIgniter\Session\Handlers\FileHandler' driver.
DEBUG - 2025-02-06 14:49:41 --> Session: Class initialized using 'CodeIgniter\Session\Handlers\FileHandler' driver.
DEBUG - 2025-02-06 14:50:32 --> Session: Class initialized using 'CodeIgniter\Session\Handlers\FileHandler' driver.
DEBUG - 2025-02-06 14:50:34 --> Session: Class initialized using 'CodeIgniter\Session\Handlers\FileHandler' driver.
DEBUG - 2025-02-06 14:51:22 --> Session: Class initialized using 'CodeIgniter\Session\Handlers\FileHandler' driver.
DEBUG - 2025-02-06 14:51:22 --> Session: Class initialized using 'CodeIgniter\Session\Handlers\FileHandler' driver.
DEBUG - 2025-02-06 15:02:26 --> Session: Class initialized using 'CodeIgniter\Session\Handlers\FileHandler' driver.
DEBUG - 2025-02-06 15:10:34 --> Session: Class initialized using 'CodeIgniter\Session\Handlers\FileHandler' driver.
DEBUG - 2025-02-06 15:11:01 --> Session: Class initialized using 'CodeIgniter\Session\Handlers\FileHandler' driver.
DEBUG - 2025-02-06 15:11:02 --> Session: Class initialized using 'CodeIgniter\Session\Handlers\FileHandler' driver.
DEBUG - 2025-02-06 15:11:18 --> Session: Class initialized using 'CodeIgniter\Session\Handlers\FileHandler' driver.
DEBUG - 2025-02-06 15:11:18 --> Session: Class initialized using 'CodeIgniter\Session\Handlers\FileHandler' driver.
DEBUG - 2025-02-06 15:11:24 --> Mise à jour du sous-genre (ID: 6) avec les données: {"status":"0"}
DEBUG - 2025-02-06 15:11:26 --> Mise à jour du sous-genre (ID: 6) avec les données: {"status":"1"}
DEBUG - 2025-02-06 21:51:56 --> Session: Class initialized using 'CodeIgniter\Session\Handlers\FileHandler' driver.
DEBUG - 2025-02-06 21:51:56 --> Session: Class initialized using 'CodeIgniter\Session\Handlers\FileHandler' driver.
DEBUG - 2025-02-06 21:53:23 --> Session: Class initialized using 'CodeIgniter\Session\Handlers\FileHandler' driver.
DEBUG - 2025-02-06 21:53:23 --> Session: Class initialized using 'CodeIgniter\Session\Handlers\FileHandler' driver.
DEBUG - 2025-02-06 21:53:25 --> Session: Class initialized using 'CodeIgniter\Session\Handlers\FileHandler' driver.
DEBUG - 2025-02-06 22:03:00 --> Session: Class initialized using 'CodeIgniter\Session\Handlers\FileHandler' driver.
DEBUG - 2025-02-06 22:04:25 --> Session: Class initialized using 'CodeIgniter\Session\Handlers\FileHandler' driver.
DEBUG - 2025-02-06 22:10:30 --> Session: Class initialized using 'CodeIgniter\Session\Handlers\FileHandler' driver.
DEBUG - 2025-02-06 22:10:39 --> Session: Class initialized using 'CodeIgniter\Session\Handlers\FileHandler' driver.
DEBUG - 2025-02-06 22:10:39 --> Session: Class initialized using 'CodeIgniter\Session\Handlers\FileHandler' driver.
DEBUG - 2025-02-06 22:12:09 --> Session: Class initialized using 'CodeIgniter\Session\Handlers\FileHandler' driver.
DEBUG - 2025-02-06 22:12:09 --> Session: Class initialized using 'CodeIgniter\Session\Handlers\FileHandler' driver.
DEBUG - 2025-02-06 22:42:19 --> Session: Class initialized using 'CodeIgniter\Session\Handlers\FileHandler' driver.
DEBUG - 2025-02-06 22:50:18 --> Session: Class initialized using 'CodeIgniter\Session\Handlers\FileHandler' driver.
DEBUG - 2025-02-06 22:50:32 --> Session: Class initialized using 'CodeIgniter\Session\Handlers\FileHandler' driver.
CRITICAL - 2025-02-06 22:50:32 --> CodeIgniter\View\Exceptions\ViewException: Invalid file: "series.php"
[Method: GET, Route: series]
in SYSTEMPATH\Exceptions\FrameworkException.php on line 41.
 1 SYSTEMPATH\View\View.php(222): CodeIgniter\Exceptions\FrameworkException::forInvalidFile('series.php')
 2 SYSTEMPATH\Common.php(1171): CodeIgniter\View\View->render('series', [], true)
 3 APPPATH\Controllers\SerieController.php(27): view('series', [...])
 4 SYSTEMPATH\CodeIgniter.php(933): App\Controllers\SerieController->index()
 5 SYSTEMPATH\CodeIgniter.php(509): CodeIgniter\CodeIgniter->runController(Object(App\Controllers\SerieController))
 6 SYSTEMPATH\CodeIgniter.php(355): CodeIgniter\CodeIgniter->handleRequest(null, Object(Config\Cache), false)
 7 SYSTEMPATH\Boot.php(334): CodeIgniter\CodeIgniter->run()
 8 SYSTEMPATH\Boot.php(67): CodeIgniter\Boot::runCodeIgniter(Object(CodeIgniter\CodeIgniter))
 9 FCPATH\index.php(56): CodeIgniter\Boot::bootWeb(Object(Config\Paths))
DEBUG - 2025-02-06 22:50:36 --> Session: Class initialized using 'CodeIgniter\Session\Handlers\FileHandler' driver.
DEBUG - 2025-02-06 22:50:39 --> Session: Class initialized using 'CodeIgniter\Session\Handlers\FileHandler' driver.
DEBUG - 2025-02-06 22:50:41 --> Session: Class initialized using 'CodeIgniter\Session\Handlers\FileHandler' driver.
CRITICAL - 2025-02-06 22:50:41 --> CodeIgniter\View\Exceptions\ViewException: Invalid file: "series.php"
[Method: GET, Route: series]
in SYSTEMPATH\Exceptions\FrameworkException.php on line 41.
 1 SYSTEMPATH\View\View.php(222): CodeIgniter\Exceptions\FrameworkException::forInvalidFile('series.php')
 2 SYSTEMPATH\Common.php(1171): CodeIgniter\View\View->render('series', [], true)
 3 APPPATH\Controllers\SerieController.php(27): view('series', [...])
 4 SYSTEMPATH\CodeIgniter.php(933): App\Controllers\SerieController->index()
 5 SYSTEMPATH\CodeIgniter.php(509): CodeIgniter\CodeIgniter->runController(Object(App\Controllers\SerieController))
 6 SYSTEMPATH\CodeIgniter.php(355): CodeIgniter\CodeIgniter->handleRequest(null, Object(Config\Cache), false)
 7 SYSTEMPATH\Boot.php(334): CodeIgniter\CodeIgniter->run()
 8 SYSTEMPATH\Boot.php(67): CodeIgniter\Boot::runCodeIgniter(Object(CodeIgniter\CodeIgniter))
 9 FCPATH\index.php(56): CodeIgniter\Boot::bootWeb(Object(Config\Paths))
DEBUG - 2025-02-06 22:51:11 --> Session: Class initialized using 'CodeIgniter\Session\Handlers\FileHandler' driver.
DEBUG - 2025-02-06 23:00:41 --> Session: Class initialized using 'CodeIgniter\Session\Handlers\FileHandler' driver.
CRITICAL - 2025-02-06 23:00:41 --> ErrorException: Undefined variable $series
[Method: GET, Route: series]
in APPPATH\Views\serieEditor.php on line 17.
 1 APPPATH\Views\serieEditor.php(17): CodeIgniter\Debug\Exceptions->errorHandler(2, 'Undefined variable $series', 'C:\\xampp\\htdocs\\litcal\\app\\Views\\serieEditor.php', 17)
 2 SYSTEMPATH\View\View.php(234): include('C:\\xampp\\htdocs\\litcal\\app\\Views\\serieEditor.php')
 3 SYSTEMPATH\View\View.php(237): CodeIgniter\View\View->CodeIgniter\View\{closure}()
 4 SYSTEMPATH\Common.php(1171): CodeIgniter\View\View->render('serieEditor', [], true)
 5 APPPATH\Controllers\SerieController.php(27): view('serieEditor', [...])
 6 SYSTEMPATH\CodeIgniter.php(933): App\Controllers\SerieController->index()
 7 SYSTEMPATH\CodeIgniter.php(509): CodeIgniter\CodeIgniter->runController(Object(App\Controllers\SerieController))
 8 SYSTEMPATH\CodeIgniter.php(355): CodeIgniter\CodeIgniter->handleRequest(null, Object(Config\Cache), false)
 9 SYSTEMPATH\Boot.php(334): CodeIgniter\CodeIgniter->run()
10 SYSTEMPATH\Boot.php(67): CodeIgniter\Boot::runCodeIgniter(Object(CodeIgniter\CodeIgniter))
11 FCPATH\index.php(56): CodeIgniter\Boot::bootWeb(Object(Config\Paths))
DEBUG - 2025-02-06 23:03:45 --> Session: Class initialized using 'CodeIgniter\Session\Handlers\FileHandler' driver.
